2025-05-16 19:12:34,307 - v_central_server - INFO - Strating v_central_server ... 
2025-05-16 19:12:34,357 - flwr - WARNING - DEPRECATED FEATURE: flwr.server.start_server() is deprecated.
	Instead, use the `flower-superlink` CLI command to start a SuperLink as shown below:

		$ flower-superlink --insecure

	To view usage and all available options, run:

		$ flower-superlink --help

	Using `start_server()` is deprecated.

            This is a deprecated feature. It will be removed
            entirely in future versions of Flower.
        
2025-05-16 19:12:34,358 - flwr - INFO - Starting Flower server, config: num_rounds=100, no round_timeout
2025-05-16 19:12:34,373 - flwr - INFO - Flower ECE: gRPC server running (100 rounds), SSL is enabled
2025-05-16 19:12:34,374 - flwr - INFO - [INIT]
2025-05-16 19:12:34,375 - flwr - INFO - Requesting initial parameters from one random client
2025-05-16 19:12:39,411 - flwr - INFO - Received initial parameters from one random client
2025-05-16 19:12:39,412 - flwr - INFO - Starting evaluation of initial global parameters
2025-05-16 19:12:39,412 - flwr - INFO - Evaluation returned no results (`None`)
2025-05-16 19:12:39,413 - flwr - INFO - 
2025-05-16 19:12:39,414 - flwr - INFO - [ROUND 1]
2025-05-16 19:12:42,304 - flwr - INFO - configure_fit: strategy sampled 2 clients (out of 2)
2025-05-16 19:12:42,316 - flwr - INFO - aggregate_fit: received 2 results and 0 failures
2025-05-16 19:12:43,118 - v_central_server - INFO - Server round 1 - Loss: 1.387515664100647 - Accuracy: 0.5693
2025-05-16 19:12:43,125 - flwr - INFO - configure_evaluate: strategy sampled 2 clients (out of 2)
2025-05-16 19:12:43,145 - flwr - INFO - aggregate_evaluate: received 2 results and 0 failures
2025-05-16 19:12:43,145 - flwr - WARNING - No evaluate_metrics_aggregation_fn provided
2025-05-16 19:12:43,146 - flwr - INFO - 
2025-05-16 19:12:43,146 - flwr - INFO - [ROUND 2]
2025-05-16 19:12:43,147 - flwr - INFO - configure_fit: strategy sampled 2 clients (out of 2)
2025-05-16 19:12:43,160 - flwr - INFO - aggregate_fit: received 2 results and 0 failures
2025-05-16 19:12:43,165 - v_central_server - INFO - Server round 2 - Loss: 1.3875913619995117 - Accuracy: 0.5677
2025-05-16 19:12:43,171 - flwr - INFO - configure_evaluate: strategy sampled 2 clients (out of 2)
2025-05-16 19:12:43,192 - flwr - INFO - aggregate_evaluate: received 2 results and 0 failures
2025-05-16 19:12:43,193 - flwr - INFO - 
2025-05-16 19:12:43,193 - flwr - INFO - [ROUND 3]
2025-05-16 19:12:43,193 - flwr - INFO - configure_fit: strategy sampled 2 clients (out of 2)
2025-05-16 19:12:43,206 - flwr - INFO - aggregate_fit: received 2 results and 0 failures
2025-05-16 19:12:43,210 - v_central_server - INFO - Server round 3 - Loss: 1.3870849609375 - Accuracy: 0.5693
2025-05-16 19:12:43,215 - flwr - INFO - configure_evaluate: strategy sampled 2 clients (out of 2)
2025-05-16 19:12:43,228 - flwr - INFO - aggregate_evaluate: received 2 results and 0 failures
2025-05-16 19:12:43,229 - flwr - INFO - 
2025-05-16 19:12:43,229 - flwr - INFO - [ROUND 4]
2025-05-16 19:12:43,230 - flwr - INFO - configure_fit: strategy sampled 2 clients (out of 2)
2025-05-16 19:12:43,243 - flwr - INFO - aggregate_fit: received 2 results and 0 failures
2025-05-16 19:12:43,257 - v_central_server - INFO - Server round 4 - Loss: 1.3871469497680664 - Accuracy: 0.5693
2025-05-16 19:12:43,261 - flwr - INFO - configure_evaluate: strategy sampled 2 clients (out of 2)
2025-05-16 19:12:43,284 - flwr - INFO - aggregate_evaluate: received 2 results and 0 failures
2025-05-16 19:12:43,285 - flwr - INFO - 
2025-05-16 19:12:43,285 - flwr - INFO - [ROUND 5]
2025-05-16 19:12:43,286 - flwr - INFO - configure_fit: strategy sampled 2 clients (out of 2)
2025-05-16 19:12:43,299 - flwr - INFO - aggregate_fit: received 2 results and 0 failures
2025-05-16 19:12:43,318 - v_central_server - INFO - Server round 5 - Loss: 1.3870984315872192 - Accuracy: 0.5677
2025-05-16 19:12:43,323 - flwr - INFO - configure_evaluate: strategy sampled 2 clients (out of 2)
2025-05-16 19:12:43,345 - flwr - INFO - aggregate_evaluate: received 2 results and 0 failures
2025-05-16 19:12:43,345 - flwr - INFO - 
2025-05-16 19:12:43,346 - flwr - INFO - [ROUND 6]
2025-05-16 19:12:43,346 - flwr - INFO - configure_fit: strategy sampled 2 clients (out of 2)
2025-05-16 19:12:43,356 - flwr - INFO - aggregate_fit: received 2 results and 0 failures
2025-05-16 19:12:43,360 - v_central_server - INFO - Server round 6 - Loss: 1.3867065906524658 - Accuracy: 0.5661
2025-05-16 19:12:43,364 - flwr - INFO - configure_evaluate: strategy sampled 2 clients (out of 2)
2025-05-16 19:12:43,375 - flwr - INFO - aggregate_evaluate: received 2 results and 0 failures
2025-05-16 19:12:43,375 - flwr - INFO - 
2025-05-16 19:12:43,376 - flwr - INFO - [ROUND 7]
2025-05-16 19:12:43,376 - flwr - INFO - configure_fit: strategy sampled 2 clients (out of 2)
2025-05-16 19:12:43,386 - flwr - INFO - aggregate_fit: received 2 results and 0 failures
2025-05-16 19:12:43,391 - v_central_server - INFO - Server round 7 - Loss: 1.387355923652649 - Accuracy: 0.5661
2025-05-16 19:12:43,413 - flwr - INFO - configure_evaluate: strategy sampled 2 clients (out of 2)
2025-05-16 19:12:43,425 - flwr - INFO - aggregate_evaluate: received 2 results and 0 failures
2025-05-16 19:12:43,426 - flwr - INFO - 
2025-05-16 19:12:43,426 - flwr - INFO - [ROUND 8]
2025-05-16 19:12:43,427 - flwr - INFO - configure_fit: strategy sampled 2 clients (out of 2)
2025-05-16 19:12:43,438 - flwr - INFO - aggregate_fit: received 2 results and 0 failures
2025-05-16 19:12:43,442 - v_central_server - INFO - Server round 8 - Loss: 1.3867915868759155 - Accuracy: 0.5661
2025-05-16 19:12:43,446 - flwr - INFO - configure_evaluate: strategy sampled 2 clients (out of 2)
2025-05-16 19:12:43,456 - flwr - INFO - aggregate_evaluate: received 2 results and 0 failures
2025-05-16 19:12:43,456 - flwr - INFO - 
2025-05-16 19:12:43,457 - flwr - INFO - [ROUND 9]
2025-05-16 19:12:43,457 - flwr - INFO - configure_fit: strategy sampled 2 clients (out of 2)
2025-05-16 19:12:43,465 - flwr - INFO - aggregate_fit: received 2 results and 0 failures
2025-05-16 19:12:43,470 - v_central_server - INFO - Server round 9 - Loss: 1.386642336845398 - Accuracy: 0.5677
2025-05-16 19:12:43,474 - flwr - INFO - configure_evaluate: strategy sampled 2 clients (out of 2)
2025-05-16 19:12:43,483 - flwr - INFO - aggregate_evaluate: received 2 results and 0 failures
2025-05-16 19:12:43,484 - flwr - INFO - 
2025-05-16 19:12:43,485 - flwr - INFO - [ROUND 10]
2025-05-16 19:12:43,485 - flwr - INFO - configure_fit: strategy sampled 2 clients (out of 2)
2025-05-16 19:12:43,494 - flwr - INFO - aggregate_fit: received 2 results and 0 failures
2025-05-16 19:12:43,497 - v_central_server - INFO - Server round 10 - Loss: 1.3869025707244873 - Accuracy: 0.5546
2025-05-16 19:12:43,502 - flwr - INFO - configure_evaluate: strategy sampled 2 clients (out of 2)
2025-05-16 19:12:43,515 - flwr - INFO - aggregate_evaluate: received 2 results and 0 failures
2025-05-16 19:12:43,515 - flwr - INFO - 
2025-05-16 19:12:43,515 - flwr - INFO - [ROUND 11]
2025-05-16 19:12:43,516 - flwr - INFO - configure_fit: strategy sampled 2 clients (out of 2)
2025-05-16 19:12:43,525 - flwr - INFO - aggregate_fit: received 2 results and 0 failures
2025-05-16 19:12:43,529 - v_central_server - INFO - Server round 11 - Loss: 1.3864308595657349 - Accuracy: 0.5644
2025-05-16 19:12:43,533 - flwr - INFO - configure_evaluate: strategy sampled 2 clients (out of 2)
2025-05-16 19:12:43,544 - flwr - INFO - aggregate_evaluate: received 2 results and 0 failures
2025-05-16 19:12:43,545 - flwr - INFO - 
2025-05-16 19:12:43,545 - flwr - INFO - [ROUND 12]
2025-05-16 19:12:43,546 - flwr - INFO - configure_fit: strategy sampled 2 clients (out of 2)
2025-05-16 19:12:43,555 - flwr - INFO - aggregate_fit: received 2 results and 0 failures
2025-05-16 19:12:43,558 - v_central_server - INFO - Server round 12 - Loss: 1.3866831064224243 - Accuracy: 0.5661
2025-05-16 19:12:43,562 - flwr - INFO - configure_evaluate: strategy sampled 2 clients (out of 2)
2025-05-16 19:12:43,575 - flwr - INFO - aggregate_evaluate: received 2 results and 0 failures
2025-05-16 19:12:43,575 - flwr - INFO - 
2025-05-16 19:12:43,575 - flwr - INFO - [ROUND 13]
2025-05-16 19:12:43,576 - flwr - INFO - configure_fit: strategy sampled 2 clients (out of 2)
2025-05-16 19:12:43,583 - flwr - INFO - aggregate_fit: received 2 results and 0 failures
2025-05-16 19:12:43,588 - v_central_server - INFO - Server round 13 - Loss: 1.3862367868423462 - Accuracy: 0.5661
2025-05-16 19:12:43,592 - flwr - INFO - configure_evaluate: strategy sampled 2 clients (out of 2)
2025-05-16 19:12:43,604 - flwr - INFO - aggregate_evaluate: received 2 results and 0 failures
2025-05-16 19:12:43,605 - flwr - INFO - 
2025-05-16 19:12:43,606 - flwr - INFO - [ROUND 14]
2025-05-16 19:12:43,606 - flwr - INFO - configure_fit: strategy sampled 2 clients (out of 2)
2025-05-16 19:12:43,613 - flwr - INFO - aggregate_fit: received 2 results and 0 failures
2025-05-16 19:12:43,618 - v_central_server - INFO - Server round 14 - Loss: 1.3867943286895752 - Accuracy: 0.5416
2025-05-16 19:12:43,622 - flwr - INFO - configure_evaluate: strategy sampled 2 clients (out of 2)
2025-05-16 19:12:43,635 - flwr - INFO - aggregate_evaluate: received 2 results and 0 failures
2025-05-16 19:12:43,635 - flwr - INFO - 
2025-05-16 19:12:43,635 - flwr - INFO - [ROUND 15]
2025-05-16 19:12:43,636 - flwr - INFO - configure_fit: strategy sampled 2 clients (out of 2)
2025-05-16 19:12:43,645 - flwr - INFO - aggregate_fit: received 2 results and 0 failures
2025-05-16 19:12:43,651 - v_central_server - INFO - Server round 15 - Loss: 1.3855520486831665 - Accuracy: 0.5334
2025-05-16 19:12:43,656 - flwr - INFO - configure_evaluate: strategy sampled 2 clients (out of 2)
2025-05-16 19:12:43,664 - flwr - INFO - aggregate_evaluate: received 2 results and 0 failures
2025-05-16 19:12:43,664 - flwr - INFO - 
2025-05-16 19:12:43,664 - flwr - INFO - [ROUND 16]
2025-05-16 19:12:43,665 - flwr - INFO - configure_fit: strategy sampled 2 clients (out of 2)
2025-05-16 19:12:43,675 - flwr - INFO - aggregate_fit: received 2 results and 0 failures
2025-05-16 19:12:43,680 - v_central_server - INFO - Server round 16 - Loss: 1.3865692615509033 - Accuracy: 0.5302
2025-05-16 19:12:43,684 - flwr - INFO - configure_evaluate: strategy sampled 2 clients (out of 2)
2025-05-16 19:12:43,694 - flwr - INFO - aggregate_evaluate: received 2 results and 0 failures
2025-05-16 19:12:43,694 - flwr - INFO - 
2025-05-16 19:12:43,695 - flwr - INFO - [ROUND 17]
2025-05-16 19:12:43,695 - flwr - INFO - configure_fit: strategy sampled 2 clients (out of 2)
2025-05-16 19:12:43,706 - flwr - INFO - aggregate_fit: received 2 results and 0 failures
2025-05-16 19:12:43,711 - v_central_server - INFO - Server round 17 - Loss: 1.3863017559051514 - Accuracy: 0.5220
2025-05-16 19:12:43,715 - flwr - INFO - configure_evaluate: strategy sampled 2 clients (out of 2)
2025-05-16 19:12:43,735 - flwr - INFO - aggregate_evaluate: received 2 results and 0 failures
2025-05-16 19:12:43,736 - flwr - INFO - 
2025-05-16 19:12:43,737 - flwr - INFO - [ROUND 18]
2025-05-16 19:12:43,737 - flwr - INFO - configure_fit: strategy sampled 2 clients (out of 2)
2025-05-16 19:12:43,747 - flwr - INFO - aggregate_fit: received 2 results and 0 failures
2025-05-16 19:12:43,753 - v_central_server - INFO - Server round 18 - Loss: 1.3859727382659912 - Accuracy: 0.5090
2025-05-16 19:12:43,757 - flwr - INFO - configure_evaluate: strategy sampled 2 clients (out of 2)
2025-05-16 19:12:43,771 - flwr - INFO - aggregate_evaluate: received 2 results and 0 failures
2025-05-16 19:12:43,772 - flwr - INFO - 
2025-05-16 19:12:43,772 - flwr - INFO - [ROUND 19]
2025-05-16 19:12:43,773 - flwr - INFO - configure_fit: strategy sampled 2 clients (out of 2)
2025-05-16 19:12:43,781 - flwr - INFO - aggregate_fit: received 2 results and 0 failures
2025-05-16 19:12:43,790 - v_central_server - INFO - Server round 19 - Loss: 1.386014699935913 - Accuracy: 0.4878
2025-05-16 19:12:43,794 - flwr - INFO - configure_evaluate: strategy sampled 2 clients (out of 2)
2025-05-16 19:12:43,805 - flwr - INFO - aggregate_evaluate: received 2 results and 0 failures
2025-05-16 19:12:43,806 - flwr - INFO - 
2025-05-16 19:12:43,806 - flwr - INFO - [ROUND 20]
2025-05-16 19:12:43,807 - flwr - INFO - configure_fit: strategy sampled 2 clients (out of 2)
2025-05-16 19:12:43,814 - flwr - INFO - aggregate_fit: received 2 results and 0 failures
2025-05-16 19:12:43,823 - v_central_server - INFO - Server round 20 - Loss: 1.3858606815338135 - Accuracy: 0.4845
2025-05-16 19:12:43,826 - flwr - INFO - configure_evaluate: strategy sampled 2 clients (out of 2)
2025-05-16 19:12:43,839 - flwr - INFO - aggregate_evaluate: received 2 results and 0 failures
2025-05-16 19:12:43,840 - flwr - INFO - 
2025-05-16 19:12:43,840 - flwr - INFO - [ROUND 21]
2025-05-16 19:12:43,840 - flwr - INFO - configure_fit: strategy sampled 2 clients (out of 2)
2025-05-16 19:12:43,849 - flwr - INFO - aggregate_fit: received 2 results and 0 failures
2025-05-16 19:12:43,856 - v_central_server - INFO - Server round 21 - Loss: 1.3854082822799683 - Accuracy: 0.4649
2025-05-16 19:12:43,860 - flwr - INFO - configure_evaluate: strategy sampled 2 clients (out of 2)
2025-05-16 19:12:43,873 - flwr - INFO - aggregate_evaluate: received 2 results and 0 failures
2025-05-16 19:12:43,873 - flwr - INFO - 
2025-05-16 19:12:43,873 - flwr - INFO - [ROUND 22]
2025-05-16 19:12:43,874 - flwr - INFO - configure_fit: strategy sampled 2 clients (out of 2)
2025-05-16 19:12:43,881 - flwr - INFO - aggregate_fit: received 2 results and 0 failures
2025-05-16 19:12:43,889 - v_central_server - INFO - Server round 22 - Loss: 1.3858157396316528 - Accuracy: 0.4519
2025-05-16 19:12:43,892 - flwr - INFO - configure_evaluate: strategy sampled 2 clients (out of 2)
2025-05-16 19:12:43,905 - flwr - INFO - aggregate_evaluate: received 2 results and 0 failures
2025-05-16 19:12:43,906 - flwr - INFO - 
2025-05-16 19:12:43,906 - flwr - INFO - [ROUND 23]
2025-05-16 19:12:43,907 - flwr - INFO - configure_fit: strategy sampled 2 clients (out of 2)
2025-05-16 19:12:43,914 - flwr - INFO - aggregate_fit: received 2 results and 0 failures
2025-05-16 19:12:43,919 - v_central_server - INFO - Server round 23 - Loss: 1.385253667831421 - Accuracy: 0.4731
2025-05-16 19:12:43,924 - flwr - INFO - configure_evaluate: strategy sampled 2 clients (out of 2)
2025-05-16 19:12:43,935 - flwr - INFO - aggregate_evaluate: received 2 results and 0 failures
2025-05-16 19:12:43,936 - flwr - INFO - 
2025-05-16 19:12:43,936 - flwr - INFO - [ROUND 24]
2025-05-16 19:12:43,937 - flwr - INFO - configure_fit: strategy sampled 2 clients (out of 2)
2025-05-16 19:12:43,944 - flwr - INFO - aggregate_fit: received 2 results and 0 failures
2025-05-16 19:12:43,950 - v_central_server - INFO - Server round 24 - Loss: 1.3854153156280518 - Accuracy: 0.4290
2025-05-16 19:12:43,955 - flwr - INFO - configure_evaluate: strategy sampled 2 clients (out of 2)
2025-05-16 19:12:43,965 - flwr - INFO - aggregate_evaluate: received 2 results and 0 failures
2025-05-16 19:12:43,966 - flwr - INFO - 
2025-05-16 19:12:43,966 - flwr - INFO - [ROUND 25]
2025-05-16 19:12:43,966 - flwr - INFO - configure_fit: strategy sampled 2 clients (out of 2)
2025-05-16 19:12:43,976 - flwr - INFO - aggregate_fit: received 2 results and 0 failures
2025-05-16 19:12:43,987 - v_central_server - INFO - Server round 25 - Loss: 1.3854670524597168 - Accuracy: 0.4258
2025-05-16 19:12:43,991 - flwr - INFO - configure_evaluate: strategy sampled 2 clients (out of 2)
2025-05-16 19:12:44,001 - flwr - INFO - aggregate_evaluate: received 2 results and 0 failures
2025-05-16 19:12:44,002 - flwr - INFO - 
2025-05-16 19:12:44,002 - flwr - INFO - [ROUND 26]
2025-05-16 19:12:44,002 - flwr - INFO - configure_fit: strategy sampled 2 clients (out of 2)
2025-05-16 19:12:44,011 - flwr - INFO - aggregate_fit: received 2 results and 0 failures
2025-05-16 19:12:44,016 - v_central_server - INFO - Server round 26 - Loss: 1.3854774236679077 - Accuracy: 0.4209
2025-05-16 19:12:44,020 - flwr - INFO - configure_evaluate: strategy sampled 2 clients (out of 2)
2025-05-16 19:12:44,033 - flwr - INFO - aggregate_evaluate: received 2 results and 0 failures
2025-05-16 19:12:44,034 - flwr - INFO - 
2025-05-16 19:12:44,034 - flwr - INFO - [ROUND 27]
2025-05-16 19:12:44,035 - flwr - INFO - configure_fit: strategy sampled 2 clients (out of 2)
2025-05-16 19:12:44,044 - flwr - INFO - aggregate_fit: received 2 results and 0 failures
2025-05-16 19:12:44,049 - v_central_server - INFO - Server round 27 - Loss: 1.384495496749878 - Accuracy: 0.3866
2025-05-16 19:12:44,053 - flwr - INFO - configure_evaluate: strategy sampled 2 clients (out of 2)
2025-05-16 19:12:44,063 - flwr - INFO - aggregate_evaluate: received 2 results and 0 failures
2025-05-16 19:12:44,063 - flwr - INFO - 
2025-05-16 19:12:44,063 - flwr - INFO - [ROUND 28]
2025-05-16 19:12:44,064 - flwr - INFO - configure_fit: strategy sampled 2 clients (out of 2)
2025-05-16 19:12:44,073 - flwr - INFO - aggregate_fit: received 2 results and 0 failures
2025-05-16 19:12:44,084 - v_central_server - INFO - Server round 28 - Loss: 1.3844473361968994 - Accuracy: 0.3719
2025-05-16 19:12:44,088 - flwr - INFO - configure_evaluate: strategy sampled 2 clients (out of 2)
2025-05-16 19:12:44,096 - flwr - INFO - aggregate_evaluate: received 2 results and 0 failures
2025-05-16 19:12:44,097 - flwr - INFO - 
2025-05-16 19:12:44,097 - flwr - INFO - [ROUND 29]
2025-05-16 19:12:44,097 - flwr - INFO - configure_fit: strategy sampled 2 clients (out of 2)
2025-05-16 19:12:44,107 - flwr - INFO - aggregate_fit: received 2 results and 0 failures
2025-05-16 19:12:44,110 - v_central_server - INFO - Server round 29 - Loss: 1.3852107524871826 - Accuracy: 0.3540
2025-05-16 19:12:44,113 - flwr - INFO - configure_evaluate: strategy sampled 2 clients (out of 2)
2025-05-16 19:12:44,125 - flwr - INFO - aggregate_evaluate: received 2 results and 0 failures
2025-05-16 19:12:44,126 - flwr - INFO - 
2025-05-16 19:12:44,126 - flwr - INFO - [ROUND 30]
2025-05-16 19:12:44,127 - flwr - INFO - configure_fit: strategy sampled 2 clients (out of 2)
2025-05-16 19:12:44,136 - flwr - INFO - aggregate_fit: received 2 results and 0 failures
2025-05-16 19:12:44,140 - v_central_server - INFO - Server round 30 - Loss: 1.3850992918014526 - Accuracy: 0.3687
2025-05-16 19:12:44,144 - flwr - INFO - configure_evaluate: strategy sampled 2 clients (out of 2)
2025-05-16 19:12:44,164 - flwr - INFO - aggregate_evaluate: received 2 results and 0 failures
2025-05-16 19:12:44,164 - flwr - INFO - 
2025-05-16 19:12:44,165 - flwr - INFO - [ROUND 31]
2025-05-16 19:12:44,165 - flwr - INFO - configure_fit: strategy sampled 2 clients (out of 2)
2025-05-16 19:12:44,177 - flwr - INFO - aggregate_fit: received 2 results and 0 failures
2025-05-16 19:12:44,193 - v_central_server - INFO - Server round 31 - Loss: 1.3853386640548706 - Accuracy: 0.3442
2025-05-16 19:12:44,198 - flwr - INFO - configure_evaluate: strategy sampled 2 clients (out of 2)
2025-05-16 19:12:44,215 - flwr - INFO - aggregate_evaluate: received 2 results and 0 failures
2025-05-16 19:12:44,216 - flwr - INFO - 
2025-05-16 19:12:44,216 - flwr - INFO - [ROUND 32]
2025-05-16 19:12:44,217 - flwr - INFO - configure_fit: strategy sampled 2 clients (out of 2)
2025-05-16 19:12:44,227 - flwr - INFO - aggregate_fit: received 2 results and 0 failures
2025-05-16 19:12:44,257 - v_central_server - INFO - Server round 32 - Loss: 1.3846791982650757 - Accuracy: 0.3263
2025-05-16 19:12:44,260 - flwr - INFO - configure_evaluate: strategy sampled 2 clients (out of 2)
2025-05-16 19:12:44,272 - flwr - INFO - aggregate_evaluate: received 2 results and 0 failures
2025-05-16 19:12:44,272 - flwr - INFO - 
2025-05-16 19:12:44,273 - flwr - INFO - [ROUND 33]
2025-05-16 19:12:44,273 - flwr - INFO - configure_fit: strategy sampled 2 clients (out of 2)
2025-05-16 19:12:44,281 - flwr - INFO - aggregate_fit: received 2 results and 0 failures
2025-05-16 19:12:44,289 - v_central_server - INFO - Server round 33 - Loss: 1.3848745822906494 - Accuracy: 0.3246
2025-05-16 19:12:44,292 - flwr - INFO - configure_evaluate: strategy sampled 2 clients (out of 2)
2025-05-16 19:12:44,302 - flwr - INFO - aggregate_evaluate: received 2 results and 0 failures
2025-05-16 19:12:44,303 - flwr - INFO - 
2025-05-16 19:12:44,303 - flwr - INFO - [ROUND 34]
2025-05-16 19:12:44,304 - flwr - INFO - configure_fit: strategy sampled 2 clients (out of 2)
2025-05-16 19:12:44,312 - flwr - INFO - aggregate_fit: received 2 results and 0 failures
2025-05-16 19:12:44,318 - v_central_server - INFO - Server round 34 - Loss: 1.3844717741012573 - Accuracy: 0.3165
2025-05-16 19:12:44,322 - flwr - INFO - configure_evaluate: strategy sampled 2 clients (out of 2)
2025-05-16 19:12:44,331 - flwr - INFO - aggregate_evaluate: received 2 results and 0 failures
2025-05-16 19:12:44,332 - flwr - INFO - 
2025-05-16 19:12:44,332 - flwr - INFO - [ROUND 35]
2025-05-16 19:12:44,332 - flwr - INFO - configure_fit: strategy sampled 2 clients (out of 2)
2025-05-16 19:12:44,342 - flwr - INFO - aggregate_fit: received 2 results and 0 failures
2025-05-16 19:12:44,347 - v_central_server - INFO - Server round 35 - Loss: 1.3846361637115479 - Accuracy: 0.2626
2025-05-16 19:12:44,356 - flwr - INFO - configure_evaluate: strategy sampled 2 clients (out of 2)
2025-05-16 19:12:44,364 - flwr - INFO - aggregate_evaluate: received 2 results and 0 failures
2025-05-16 19:12:44,365 - flwr - INFO - 
2025-05-16 19:12:44,365 - flwr - INFO - [ROUND 36]
2025-05-16 19:12:44,366 - flwr - INFO - configure_fit: strategy sampled 2 clients (out of 2)
2025-05-16 19:12:44,377 - flwr - INFO - aggregate_fit: received 2 results and 0 failures
2025-05-16 19:12:44,390 - v_central_server - INFO - Server round 36 - Loss: 1.384397268295288 - Accuracy: 0.2904
2025-05-16 19:12:44,394 - flwr - INFO - configure_evaluate: strategy sampled 2 clients (out of 2)
2025-05-16 19:12:44,406 - flwr - INFO - aggregate_evaluate: received 2 results and 0 failures
2025-05-16 19:12:44,407 - flwr - INFO - 
2025-05-16 19:12:44,407 - flwr - INFO - [ROUND 37]
2025-05-16 19:12:44,408 - flwr - INFO - configure_fit: strategy sampled 2 clients (out of 2)
2025-05-16 19:12:44,424 - flwr - INFO - aggregate_fit: received 2 results and 0 failures
2025-05-16 19:12:44,428 - v_central_server - INFO - Server round 37 - Loss: 1.3839867115020752 - Accuracy: 0.2855
2025-05-16 19:12:44,432 - flwr - INFO - configure_evaluate: strategy sampled 2 clients (out of 2)
2025-05-16 19:12:44,455 - flwr - INFO - aggregate_evaluate: received 2 results and 0 failures
2025-05-16 19:12:44,456 - flwr - INFO - 
2025-05-16 19:12:44,456 - flwr - INFO - [ROUND 38]
2025-05-16 19:12:44,457 - flwr - INFO - configure_fit: strategy sampled 2 clients (out of 2)
2025-05-16 19:12:44,475 - flwr - INFO - aggregate_fit: received 2 results and 0 failures
2025-05-16 19:12:44,488 - v_central_server - INFO - Server round 38 - Loss: 1.3840564489364624 - Accuracy: 0.2724
2025-05-16 19:12:44,492 - flwr - INFO - configure_evaluate: strategy sampled 2 clients (out of 2)
2025-05-16 19:12:44,504 - flwr - INFO - aggregate_evaluate: received 2 results and 0 failures
2025-05-16 19:12:44,505 - flwr - INFO - 
2025-05-16 19:12:44,506 - flwr - INFO - [ROUND 39]
2025-05-16 19:12:44,506 - flwr - INFO - configure_fit: strategy sampled 2 clients (out of 2)
2025-05-16 19:12:44,515 - flwr - INFO - aggregate_fit: received 2 results and 0 failures
2025-05-16 19:12:44,529 - v_central_server - INFO - Server round 39 - Loss: 1.384840488433838 - Accuracy: 0.3018
2025-05-16 19:12:44,537 - flwr - INFO - configure_evaluate: strategy sampled 2 clients (out of 2)
2025-05-16 19:12:44,547 - flwr - INFO - aggregate_evaluate: received 2 results and 0 failures
2025-05-16 19:12:44,548 - flwr - INFO - 
2025-05-16 19:12:44,548 - flwr - INFO - [ROUND 40]
2025-05-16 19:12:44,549 - flwr - INFO - configure_fit: strategy sampled 2 clients (out of 2)
2025-05-16 19:12:44,560 - flwr - INFO - aggregate_fit: received 2 results and 0 failures
2025-05-16 19:12:44,569 - v_central_server - INFO - Server round 40 - Loss: 1.3839125633239746 - Accuracy: 0.2431
2025-05-16 19:12:44,573 - flwr - INFO - configure_evaluate: strategy sampled 2 clients (out of 2)
2025-05-16 19:12:44,581 - flwr - INFO - aggregate_evaluate: received 2 results and 0 failures
2025-05-16 19:12:44,582 - flwr - INFO - 
2025-05-16 19:12:44,582 - flwr - INFO - [ROUND 41]
2025-05-16 19:12:44,582 - flwr - INFO - configure_fit: strategy sampled 2 clients (out of 2)
2025-05-16 19:12:44,593 - flwr - INFO - aggregate_fit: received 2 results and 0 failures
2025-05-16 19:12:44,600 - v_central_server - INFO - Server round 41 - Loss: 1.3843135833740234 - Accuracy: 0.2741
2025-05-16 19:12:44,605 - flwr - INFO - configure_evaluate: strategy sampled 2 clients (out of 2)
2025-05-16 19:12:44,614 - flwr - INFO - aggregate_evaluate: received 2 results and 0 failures
2025-05-16 19:12:44,614 - flwr - INFO - 
2025-05-16 19:12:44,615 - flwr - INFO - [ROUND 42]
2025-05-16 19:12:44,615 - flwr - INFO - configure_fit: strategy sampled 2 clients (out of 2)
2025-05-16 19:12:44,627 - flwr - INFO - aggregate_fit: received 2 results and 0 failures
2025-05-16 19:12:44,638 - v_central_server - INFO - Server round 42 - Loss: 1.3837107419967651 - Accuracy: 0.2643
2025-05-16 19:12:44,641 - flwr - INFO - configure_evaluate: strategy sampled 2 clients (out of 2)
2025-05-16 19:12:44,657 - flwr - INFO - aggregate_evaluate: received 2 results and 0 failures
2025-05-16 19:12:44,657 - flwr - INFO - 
2025-05-16 19:12:44,658 - flwr - INFO - [ROUND 43]
2025-05-16 19:12:44,658 - flwr - INFO - configure_fit: strategy sampled 2 clients (out of 2)
2025-05-16 19:12:44,666 - flwr - INFO - aggregate_fit: received 2 results and 0 failures
2025-05-16 19:12:44,672 - v_central_server - INFO - Server round 43 - Loss: 1.383017897605896 - Accuracy: 0.2985
2025-05-16 19:12:44,676 - flwr - INFO - configure_evaluate: strategy sampled 2 clients (out of 2)
2025-05-16 19:12:44,692 - flwr - INFO - aggregate_evaluate: received 2 results and 0 failures
2025-05-16 19:12:44,692 - flwr - INFO - 
2025-05-16 19:12:44,693 - flwr - INFO - [ROUND 44]
2025-05-16 19:12:44,693 - flwr - INFO - configure_fit: strategy sampled 2 clients (out of 2)
2025-05-16 19:12:44,701 - flwr - INFO - aggregate_fit: received 2 results and 0 failures
2025-05-16 19:12:44,707 - v_central_server - INFO - Server round 44 - Loss: 1.3835433721542358 - Accuracy: 0.3034
2025-05-16 19:12:44,711 - flwr - INFO - configure_evaluate: strategy sampled 2 clients (out of 2)
2025-05-16 19:12:44,721 - flwr - INFO - aggregate_evaluate: received 2 results and 0 failures
2025-05-16 19:12:44,722 - flwr - INFO - 
2025-05-16 19:12:44,722 - flwr - INFO - [ROUND 45]
2025-05-16 19:12:44,722 - flwr - INFO - configure_fit: strategy sampled 2 clients (out of 2)
2025-05-16 19:12:44,730 - flwr - INFO - aggregate_fit: received 2 results and 0 failures
2025-05-16 19:12:44,736 - v_central_server - INFO - Server round 45 - Loss: 1.38385808467865 - Accuracy: 0.2936
2025-05-16 19:12:44,739 - flwr - INFO - configure_evaluate: strategy sampled 2 clients (out of 2)
2025-05-16 19:12:44,756 - flwr - INFO - aggregate_evaluate: received 2 results and 0 failures
2025-05-16 19:12:44,756 - flwr - INFO - 
2025-05-16 19:12:44,757 - flwr - INFO - [ROUND 46]
2025-05-16 19:12:44,757 - flwr - INFO - configure_fit: strategy sampled 2 clients (out of 2)
2025-05-16 19:12:44,764 - flwr - INFO - aggregate_fit: received 2 results and 0 failures
2025-05-16 19:12:44,771 - v_central_server - INFO - Server round 46 - Loss: 1.3832366466522217 - Accuracy: 0.2741
2025-05-16 19:12:44,774 - flwr - INFO - configure_evaluate: strategy sampled 2 clients (out of 2)
2025-05-16 19:12:44,785 - flwr - INFO - aggregate_evaluate: received 2 results and 0 failures
2025-05-16 19:12:44,786 - flwr - INFO - 
2025-05-16 19:12:44,786 - flwr - INFO - [ROUND 47]
2025-05-16 19:12:44,787 - flwr - INFO - configure_fit: strategy sampled 2 clients (out of 2)
2025-05-16 19:12:44,795 - flwr - INFO - aggregate_fit: received 2 results and 0 failures
2025-05-16 19:12:44,805 - v_central_server - INFO - Server round 47 - Loss: 1.3833492994308472 - Accuracy: 0.2822
2025-05-16 19:12:44,810 - flwr - INFO - configure_evaluate: strategy sampled 2 clients (out of 2)
2025-05-16 19:12:44,821 - flwr - INFO - aggregate_evaluate: received 2 results and 0 failures
2025-05-16 19:12:44,822 - flwr - INFO - 
2025-05-16 19:12:44,822 - flwr - INFO - [ROUND 48]
2025-05-16 19:12:44,823 - flwr - INFO - configure_fit: strategy sampled 2 clients (out of 2)
2025-05-16 19:12:44,836 - flwr - INFO - aggregate_fit: received 2 results and 0 failures
2025-05-16 19:12:44,840 - v_central_server - INFO - Server round 48 - Loss: 1.3834428787231445 - Accuracy: 0.2871
2025-05-16 19:12:44,844 - flwr - INFO - configure_evaluate: strategy sampled 2 clients (out of 2)
2025-05-16 19:12:44,855 - flwr - INFO - aggregate_evaluate: received 2 results and 0 failures
2025-05-16 19:12:44,855 - flwr - INFO - 
2025-05-16 19:12:44,856 - flwr - INFO - [ROUND 49]
2025-05-16 19:12:44,856 - flwr - INFO - configure_fit: strategy sampled 2 clients (out of 2)
2025-05-16 19:12:44,863 - flwr - INFO - aggregate_fit: received 2 results and 0 failures
2025-05-16 19:12:44,870 - v_central_server - INFO - Server round 49 - Loss: 1.3824269771575928 - Accuracy: 0.2904
2025-05-16 19:12:44,874 - flwr - INFO - configure_evaluate: strategy sampled 2 clients (out of 2)
2025-05-16 19:12:44,882 - flwr - INFO - aggregate_evaluate: received 2 results and 0 failures
2025-05-16 19:12:44,883 - flwr - INFO - 
2025-05-16 19:12:44,884 - flwr - INFO - [ROUND 50]
2025-05-16 19:12:44,884 - flwr - INFO - configure_fit: strategy sampled 2 clients (out of 2)
2025-05-16 19:12:44,893 - flwr - INFO - aggregate_fit: received 2 results and 0 failures
2025-05-16 19:12:44,901 - v_central_server - INFO - Server round 50 - Loss: 1.3821066617965698 - Accuracy: 0.2855
2025-05-16 19:12:44,905 - flwr - INFO - configure_evaluate: strategy sampled 2 clients (out of 2)
2025-05-16 19:12:44,914 - flwr - INFO - aggregate_evaluate: received 2 results and 0 failures
2025-05-16 19:12:44,915 - flwr - INFO - 
2025-05-16 19:12:44,915 - flwr - INFO - [ROUND 51]
2025-05-16 19:12:44,916 - flwr - INFO - configure_fit: strategy sampled 2 clients (out of 2)
2025-05-16 19:12:44,937 - flwr - INFO - aggregate_fit: received 2 results and 0 failures
2025-05-16 19:12:44,941 - v_central_server - INFO - Server round 51 - Loss: 1.3828425407409668 - Accuracy: 0.2920
2025-05-16 19:12:44,945 - flwr - INFO - configure_evaluate: strategy sampled 2 clients (out of 2)
2025-05-16 19:12:44,956 - flwr - INFO - aggregate_evaluate: received 2 results and 0 failures
2025-05-16 19:12:44,956 - flwr - INFO - 
2025-05-16 19:12:44,957 - flwr - INFO - [ROUND 52]
2025-05-16 19:12:44,957 - flwr - INFO - configure_fit: strategy sampled 2 clients (out of 2)
2025-05-16 19:12:44,965 - flwr - INFO - aggregate_fit: received 2 results and 0 failures
2025-05-16 19:12:44,977 - v_central_server - INFO - Server round 52 - Loss: 1.3824036121368408 - Accuracy: 0.2904
2025-05-16 19:12:44,981 - flwr - INFO - configure_evaluate: strategy sampled 2 clients (out of 2)
2025-05-16 19:12:44,991 - flwr - INFO - aggregate_evaluate: received 2 results and 0 failures
2025-05-16 19:12:44,992 - flwr - INFO - 
2025-05-16 19:12:44,992 - flwr - INFO - [ROUND 53]
2025-05-16 19:12:44,992 - flwr - INFO - configure_fit: strategy sampled 2 clients (out of 2)
2025-05-16 19:12:45,001 - flwr - INFO - aggregate_fit: received 2 results and 0 failures
2025-05-16 19:12:45,006 - v_central_server - INFO - Server round 53 - Loss: 1.3820914030075073 - Accuracy: 0.2675
2025-05-16 19:12:45,010 - flwr - INFO - configure_evaluate: strategy sampled 2 clients (out of 2)
2025-05-16 19:12:45,024 - flwr - INFO - aggregate_evaluate: received 2 results and 0 failures
2025-05-16 19:12:45,025 - flwr - INFO - 
2025-05-16 19:12:45,025 - flwr - INFO - [ROUND 54]
2025-05-16 19:12:45,026 - flwr - INFO - configure_fit: strategy sampled 2 clients (out of 2)
2025-05-16 19:12:45,034 - flwr - INFO - aggregate_fit: received 2 results and 0 failures
2025-05-16 19:12:45,042 - v_central_server - INFO - Server round 54 - Loss: 1.381699800491333 - Accuracy: 0.2577
2025-05-16 19:12:45,046 - flwr - INFO - configure_evaluate: strategy sampled 2 clients (out of 2)
2025-05-16 19:12:45,063 - flwr - INFO - aggregate_evaluate: received 2 results and 0 failures
2025-05-16 19:12:45,063 - flwr - INFO - 
2025-05-16 19:12:45,064 - flwr - INFO - [ROUND 55]
2025-05-16 19:12:45,064 - flwr - INFO - configure_fit: strategy sampled 2 clients (out of 2)
2025-05-16 19:12:45,074 - flwr - INFO - aggregate_fit: received 2 results and 0 failures
2025-05-16 19:12:45,079 - v_central_server - INFO - Server round 55 - Loss: 1.38132643699646 - Accuracy: 0.2806
2025-05-16 19:12:45,085 - flwr - INFO - configure_evaluate: strategy sampled 2 clients (out of 2)
2025-05-16 19:12:45,094 - flwr - INFO - aggregate_evaluate: received 2 results and 0 failures
2025-05-16 19:12:45,095 - flwr - INFO - 
2025-05-16 19:12:45,095 - flwr - INFO - [ROUND 56]
2025-05-16 19:12:45,096 - flwr - INFO - configure_fit: strategy sampled 2 clients (out of 2)
2025-05-16 19:12:45,106 - flwr - INFO - aggregate_fit: received 2 results and 0 failures
2025-05-16 19:12:45,110 - v_central_server - INFO - Server round 56 - Loss: 1.3823246955871582 - Accuracy: 0.2447
2025-05-16 19:12:45,114 - flwr - INFO - configure_evaluate: strategy sampled 2 clients (out of 2)
2025-05-16 19:12:45,126 - flwr - INFO - aggregate_evaluate: received 2 results and 0 failures
2025-05-16 19:12:45,126 - flwr - INFO - 
2025-05-16 19:12:45,126 - flwr - INFO - [ROUND 57]
2025-05-16 19:12:45,127 - flwr - INFO - configure_fit: strategy sampled 2 clients (out of 2)
2025-05-16 19:12:45,135 - flwr - INFO - aggregate_fit: received 2 results and 0 failures
2025-05-16 19:12:45,146 - v_central_server - INFO - Server round 57 - Loss: 1.3817788362503052 - Accuracy: 0.2610
2025-05-16 19:12:45,150 - flwr - INFO - configure_evaluate: strategy sampled 2 clients (out of 2)
2025-05-16 19:12:45,164 - flwr - INFO - aggregate_evaluate: received 2 results and 0 failures
2025-05-16 19:12:45,164 - flwr - INFO - 
2025-05-16 19:12:45,165 - flwr - INFO - [ROUND 58]
2025-05-16 19:12:45,165 - flwr - INFO - configure_fit: strategy sampled 2 clients (out of 2)
2025-05-16 19:12:45,174 - flwr - INFO - aggregate_fit: received 2 results and 0 failures
2025-05-16 19:12:45,186 - v_central_server - INFO - Server round 58 - Loss: 1.3821872472763062 - Accuracy: 0.2855
2025-05-16 19:12:45,190 - flwr - INFO - configure_evaluate: strategy sampled 2 clients (out of 2)
2025-05-16 19:12:45,203 - flwr - INFO - aggregate_evaluate: received 2 results and 0 failures
2025-05-16 19:12:45,204 - flwr - INFO - 
2025-05-16 19:12:45,204 - flwr - INFO - [ROUND 59]
2025-05-16 19:12:45,205 - flwr - INFO - configure_fit: strategy sampled 2 clients (out of 2)
2025-05-16 19:12:45,228 - flwr - INFO - aggregate_fit: received 2 results and 0 failures
2025-05-16 19:12:45,231 - v_central_server - INFO - Server round 59 - Loss: 1.3815902471542358 - Accuracy: 0.2953
2025-05-16 19:12:45,236 - flwr - INFO - configure_evaluate: strategy sampled 2 clients (out of 2)
2025-05-16 19:12:45,245 - flwr - INFO - aggregate_evaluate: received 2 results and 0 failures
2025-05-16 19:12:45,245 - flwr - INFO - 
2025-05-16 19:12:45,246 - flwr - INFO - [ROUND 60]
2025-05-16 19:12:45,246 - flwr - INFO - configure_fit: strategy sampled 2 clients (out of 2)
2025-05-16 19:12:45,256 - flwr - INFO - aggregate_fit: received 2 results and 0 failures
2025-05-16 19:12:45,263 - v_central_server - INFO - Server round 60 - Loss: 1.379908561706543 - Accuracy: 0.3067
2025-05-16 19:12:45,271 - flwr - INFO - configure_evaluate: strategy sampled 2 clients (out of 2)
2025-05-16 19:12:45,279 - flwr - INFO - aggregate_evaluate: received 2 results and 0 failures
2025-05-16 19:12:45,280 - flwr - INFO - 
2025-05-16 19:12:45,280 - flwr - INFO - [ROUND 61]
2025-05-16 19:12:45,280 - flwr - INFO - configure_fit: strategy sampled 2 clients (out of 2)
2025-05-16 19:12:45,290 - flwr - INFO - aggregate_fit: received 2 results and 0 failures
2025-05-16 19:12:45,297 - v_central_server - INFO - Server round 61 - Loss: 1.3820195198059082 - Accuracy: 0.2838
2025-05-16 19:12:45,303 - flwr - INFO - configure_evaluate: strategy sampled 2 clients (out of 2)
2025-05-16 19:12:45,314 - flwr - INFO - aggregate_evaluate: received 2 results and 0 failures
2025-05-16 19:12:45,315 - flwr - INFO - 
2025-05-16 19:12:45,315 - flwr - INFO - [ROUND 62]
2025-05-16 19:12:45,316 - flwr - INFO - configure_fit: strategy sampled 2 clients (out of 2)
2025-05-16 19:12:45,325 - flwr - INFO - aggregate_fit: received 2 results and 0 failures
2025-05-16 19:12:45,329 - v_central_server - INFO - Server round 62 - Loss: 1.380597710609436 - Accuracy: 0.2643
2025-05-16 19:12:45,334 - flwr - INFO - configure_evaluate: strategy sampled 2 clients (out of 2)
2025-05-16 19:12:45,344 - flwr - INFO - aggregate_evaluate: received 2 results and 0 failures
2025-05-16 19:12:45,345 - flwr - INFO - 
2025-05-16 19:12:45,345 - flwr - INFO - [ROUND 63]
2025-05-16 19:12:45,346 - flwr - INFO - configure_fit: strategy sampled 2 clients (out of 2)
2025-05-16 19:12:45,356 - flwr - INFO - aggregate_fit: received 2 results and 0 failures
2025-05-16 19:12:45,364 - v_central_server - INFO - Server round 63 - Loss: 1.3816184997558594 - Accuracy: 0.3100
2025-05-16 19:12:45,369 - flwr - INFO - configure_evaluate: strategy sampled 2 clients (out of 2)
2025-05-16 19:12:45,382 - flwr - INFO - aggregate_evaluate: received 2 results and 0 failures
2025-05-16 19:12:45,383 - flwr - INFO - 
2025-05-16 19:12:45,383 - flwr - INFO - [ROUND 64]
2025-05-16 19:12:45,384 - flwr - INFO - configure_fit: strategy sampled 2 clients (out of 2)
2025-05-16 19:12:45,392 - flwr - INFO - aggregate_fit: received 2 results and 0 failures
2025-05-16 19:12:45,403 - v_central_server - INFO - Server round 64 - Loss: 1.381676435470581 - Accuracy: 0.2936
2025-05-16 19:12:45,407 - flwr - INFO - configure_evaluate: strategy sampled 2 clients (out of 2)
2025-05-16 19:12:45,416 - flwr - INFO - aggregate_evaluate: received 2 results and 0 failures
2025-05-16 19:12:45,417 - flwr - INFO - 
2025-05-16 19:12:45,417 - flwr - INFO - [ROUND 65]
2025-05-16 19:12:45,418 - flwr - INFO - configure_fit: strategy sampled 2 clients (out of 2)
2025-05-16 19:12:45,426 - flwr - INFO - aggregate_fit: received 2 results and 0 failures
2025-05-16 19:12:45,430 - v_central_server - INFO - Server round 65 - Loss: 1.3815948963165283 - Accuracy: 0.2708
2025-05-16 19:12:45,435 - flwr - INFO - configure_evaluate: strategy sampled 2 clients (out of 2)
2025-05-16 19:12:45,443 - flwr - INFO - aggregate_evaluate: received 2 results and 0 failures
2025-05-16 19:12:45,444 - flwr - INFO - 
2025-05-16 19:12:45,444 - flwr - INFO - [ROUND 66]
2025-05-16 19:12:45,445 - flwr - INFO - configure_fit: strategy sampled 2 clients (out of 2)
2025-05-16 19:12:45,454 - flwr - INFO - aggregate_fit: received 2 results and 0 failures
2025-05-16 19:12:45,459 - v_central_server - INFO - Server round 66 - Loss: 1.3817589282989502 - Accuracy: 0.2675
2025-05-16 19:12:45,462 - flwr - INFO - configure_evaluate: strategy sampled 2 clients (out of 2)
2025-05-16 19:12:45,472 - flwr - INFO - aggregate_evaluate: received 2 results and 0 failures
2025-05-16 19:12:45,473 - flwr - INFO - 
2025-05-16 19:12:45,473 - flwr - INFO - [ROUND 67]
2025-05-16 19:12:45,473 - flwr - INFO - configure_fit: strategy sampled 2 clients (out of 2)
2025-05-16 19:12:45,481 - flwr - INFO - aggregate_fit: received 2 results and 0 failures
2025-05-16 19:12:45,486 - v_central_server - INFO - Server round 67 - Loss: 1.3820202350616455 - Accuracy: 0.3116
2025-05-16 19:12:45,491 - flwr - INFO - configure_evaluate: strategy sampled 2 clients (out of 2)
2025-05-16 19:12:45,504 - flwr - INFO - aggregate_evaluate: received 2 results and 0 failures
2025-05-16 19:12:45,505 - flwr - INFO - 
2025-05-16 19:12:45,505 - flwr - INFO - [ROUND 68]
2025-05-16 19:12:45,505 - flwr - INFO - configure_fit: strategy sampled 2 clients (out of 2)
2025-05-16 19:12:45,513 - flwr - INFO - aggregate_fit: received 2 results and 0 failures
2025-05-16 19:12:45,520 - v_central_server - INFO - Server round 68 - Loss: 1.381424069404602 - Accuracy: 0.2822
2025-05-16 19:12:45,523 - flwr - INFO - configure_evaluate: strategy sampled 2 clients (out of 2)
2025-05-16 19:12:45,533 - flwr - INFO - aggregate_evaluate: received 2 results and 0 failures
2025-05-16 19:12:45,533 - flwr - INFO - 
2025-05-16 19:12:45,534 - flwr - INFO - [ROUND 69]
2025-05-16 19:12:45,535 - flwr - INFO - configure_fit: strategy sampled 2 clients (out of 2)
2025-05-16 19:12:45,542 - flwr - INFO - aggregate_fit: received 2 results and 0 failures
2025-05-16 19:12:45,552 - v_central_server - INFO - Server round 69 - Loss: 1.3813272714614868 - Accuracy: 0.2838
2025-05-16 19:12:45,556 - flwr - INFO - configure_evaluate: strategy sampled 2 clients (out of 2)
2025-05-16 19:12:45,566 - flwr - INFO - aggregate_evaluate: received 2 results and 0 failures
2025-05-16 19:12:45,567 - flwr - INFO - 
2025-05-16 19:12:45,568 - flwr - INFO - [ROUND 70]
2025-05-16 19:12:45,569 - flwr - INFO - configure_fit: strategy sampled 2 clients (out of 2)
2025-05-16 19:12:45,586 - flwr - INFO - aggregate_fit: received 2 results and 0 failures
2025-05-16 19:12:45,591 - v_central_server - INFO - Server round 70 - Loss: 1.3806095123291016 - Accuracy: 0.2953
2025-05-16 19:12:45,596 - flwr - INFO - configure_evaluate: strategy sampled 2 clients (out of 2)
2025-05-16 19:12:45,607 - flwr - INFO - aggregate_evaluate: received 2 results and 0 failures
2025-05-16 19:12:45,607 - flwr - INFO - 
2025-05-16 19:12:45,608 - flwr - INFO - [ROUND 71]
2025-05-16 19:12:45,608 - flwr - INFO - configure_fit: strategy sampled 2 clients (out of 2)
2025-05-16 19:12:45,624 - flwr - INFO - aggregate_fit: received 2 results and 0 failures
2025-05-16 19:12:45,631 - v_central_server - INFO - Server round 71 - Loss: 1.3810592889785767 - Accuracy: 0.2953
2025-05-16 19:12:45,636 - flwr - INFO - configure_evaluate: strategy sampled 2 clients (out of 2)
2025-05-16 19:12:45,653 - flwr - INFO - aggregate_evaluate: received 2 results and 0 failures
2025-05-16 19:12:45,653 - flwr - INFO - 
2025-05-16 19:12:45,654 - flwr - INFO - [ROUND 72]
2025-05-16 19:12:45,655 - flwr - INFO - configure_fit: strategy sampled 2 clients (out of 2)
2025-05-16 19:12:45,663 - flwr - INFO - aggregate_fit: received 2 results and 0 failures
2025-05-16 19:12:45,676 - v_central_server - INFO - Server round 72 - Loss: 1.3814504146575928 - Accuracy: 0.3034
2025-05-16 19:12:45,680 - flwr - INFO - configure_evaluate: strategy sampled 2 clients (out of 2)
2025-05-16 19:12:45,707 - flwr - INFO - aggregate_evaluate: received 2 results and 0 failures
2025-05-16 19:12:45,707 - flwr - INFO - 
2025-05-16 19:12:45,708 - flwr - INFO - [ROUND 73]
2025-05-16 19:12:45,708 - flwr - INFO - configure_fit: strategy sampled 2 clients (out of 2)
2025-05-16 19:12:45,738 - flwr - INFO - aggregate_fit: received 2 results and 0 failures
2025-05-16 19:12:45,742 - v_central_server - INFO - Server round 73 - Loss: 1.3804404735565186 - Accuracy: 0.3377
2025-05-16 19:12:45,746 - flwr - INFO - configure_evaluate: strategy sampled 2 clients (out of 2)
2025-05-16 19:12:45,760 - flwr - INFO - aggregate_evaluate: received 2 results and 0 failures
2025-05-16 19:12:45,760 - flwr - INFO - 
2025-05-16 19:12:45,761 - flwr - INFO - [ROUND 74]
2025-05-16 19:12:45,761 - flwr - INFO - configure_fit: strategy sampled 2 clients (out of 2)
2025-05-16 19:12:45,777 - flwr - INFO - aggregate_fit: received 2 results and 0 failures
2025-05-16 19:12:45,782 - v_central_server - INFO - Server round 74 - Loss: 1.3792221546173096 - Accuracy: 0.3051
2025-05-16 19:12:45,786 - flwr - INFO - configure_evaluate: strategy sampled 2 clients (out of 2)
2025-05-16 19:12:45,801 - flwr - INFO - aggregate_evaluate: received 2 results and 0 failures
2025-05-16 19:12:45,802 - flwr - INFO - 
2025-05-16 19:12:45,802 - flwr - INFO - [ROUND 75]
2025-05-16 19:12:45,803 - flwr - INFO - configure_fit: strategy sampled 2 clients (out of 2)
2025-05-16 19:12:45,810 - flwr - INFO - aggregate_fit: received 2 results and 0 failures
2025-05-16 19:12:45,814 - v_central_server - INFO - Server round 75 - Loss: 1.380196452140808 - Accuracy: 0.2773
2025-05-16 19:12:45,819 - flwr - INFO - configure_evaluate: strategy sampled 2 clients (out of 2)
2025-05-16 19:12:45,829 - flwr - INFO - aggregate_evaluate: received 2 results and 0 failures
2025-05-16 19:12:45,829 - flwr - INFO - 
2025-05-16 19:12:45,830 - flwr - INFO - [ROUND 76]
2025-05-16 19:12:45,830 - flwr - INFO - configure_fit: strategy sampled 2 clients (out of 2)
2025-05-16 19:12:45,840 - flwr - INFO - aggregate_fit: received 2 results and 0 failures
2025-05-16 19:12:45,845 - v_central_server - INFO - Server round 76 - Loss: 1.380828619003296 - Accuracy: 0.2953
2025-05-16 19:12:45,848 - flwr - INFO - configure_evaluate: strategy sampled 2 clients (out of 2)
2025-05-16 19:12:45,858 - flwr - INFO - aggregate_evaluate: received 2 results and 0 failures
2025-05-16 19:12:45,858 - flwr - INFO - 
2025-05-16 19:12:45,858 - flwr - INFO - [ROUND 77]
2025-05-16 19:12:45,859 - flwr - INFO - configure_fit: strategy sampled 2 clients (out of 2)
2025-05-16 19:12:45,866 - flwr - INFO - aggregate_fit: received 2 results and 0 failures
2025-05-16 19:12:45,871 - v_central_server - INFO - Server round 77 - Loss: 1.3810982704162598 - Accuracy: 0.2969
2025-05-16 19:12:45,875 - flwr - INFO - configure_evaluate: strategy sampled 2 clients (out of 2)
2025-05-16 19:12:45,889 - flwr - INFO - aggregate_evaluate: received 2 results and 0 failures
2025-05-16 19:12:45,889 - flwr - INFO - 
2025-05-16 19:12:45,889 - flwr - INFO - [ROUND 78]
2025-05-16 19:12:45,890 - flwr - INFO - configure_fit: strategy sampled 2 clients (out of 2)
2025-05-16 19:12:45,903 - flwr - INFO - aggregate_fit: received 2 results and 0 failures
2025-05-16 19:12:45,907 - v_central_server - INFO - Server round 78 - Loss: 1.380622148513794 - Accuracy: 0.3083
2025-05-16 19:12:45,910 - flwr - INFO - configure_evaluate: strategy sampled 2 clients (out of 2)
2025-05-16 19:12:45,921 - flwr - INFO - aggregate_evaluate: received 2 results and 0 failures
2025-05-16 19:12:45,922 - flwr - INFO - 
2025-05-16 19:12:45,922 - flwr - INFO - [ROUND 79]
2025-05-16 19:12:45,922 - flwr - INFO - configure_fit: strategy sampled 2 clients (out of 2)
2025-05-16 19:12:45,930 - flwr - INFO - aggregate_fit: received 2 results and 0 failures
2025-05-16 19:12:45,935 - v_central_server - INFO - Server round 79 - Loss: 1.3804377317428589 - Accuracy: 0.2692
2025-05-16 19:12:45,939 - flwr - INFO - configure_evaluate: strategy sampled 2 clients (out of 2)
2025-05-16 19:12:45,947 - flwr - INFO - aggregate_evaluate: received 2 results and 0 failures
2025-05-16 19:12:45,947 - flwr - INFO - 
2025-05-16 19:12:45,947 - flwr - INFO - [ROUND 80]
2025-05-16 19:12:45,948 - flwr - INFO - configure_fit: strategy sampled 2 clients (out of 2)
2025-05-16 19:12:45,957 - flwr - INFO - aggregate_fit: received 2 results and 0 failures
2025-05-16 19:12:45,962 - v_central_server - INFO - Server round 80 - Loss: 1.3810234069824219 - Accuracy: 0.2838
2025-05-16 19:12:45,965 - flwr - INFO - configure_evaluate: strategy sampled 2 clients (out of 2)
2025-05-16 19:12:45,976 - flwr - INFO - aggregate_evaluate: received 2 results and 0 failures
2025-05-16 19:12:45,977 - flwr - INFO - 
2025-05-16 19:12:45,977 - flwr - INFO - [ROUND 81]
2025-05-16 19:12:45,978 - flwr - INFO - configure_fit: strategy sampled 2 clients (out of 2)
2025-05-16 19:12:45,988 - flwr - INFO - aggregate_fit: received 2 results and 0 failures
2025-05-16 19:12:45,992 - v_central_server - INFO - Server round 81 - Loss: 1.379520297050476 - Accuracy: 0.2773
2025-05-16 19:12:45,995 - flwr - INFO - configure_evaluate: strategy sampled 2 clients (out of 2)
2025-05-16 19:12:46,006 - flwr - INFO - aggregate_evaluate: received 2 results and 0 failures
2025-05-16 19:12:46,007 - flwr - INFO - 
2025-05-16 19:12:46,007 - flwr - INFO - [ROUND 82]
2025-05-16 19:12:46,008 - flwr - INFO - configure_fit: strategy sampled 2 clients (out of 2)
2025-05-16 19:12:46,016 - flwr - INFO - aggregate_fit: received 2 results and 0 failures
2025-05-16 19:12:46,022 - v_central_server - INFO - Server round 82 - Loss: 1.3789499998092651 - Accuracy: 0.2985
2025-05-16 19:12:46,025 - flwr - INFO - configure_evaluate: strategy sampled 2 clients (out of 2)
2025-05-16 19:12:46,034 - flwr - INFO - aggregate_evaluate: received 2 results and 0 failures
2025-05-16 19:12:46,035 - flwr - INFO - 
2025-05-16 19:12:46,035 - flwr - INFO - [ROUND 83]
2025-05-16 19:12:46,036 - flwr - INFO - configure_fit: strategy sampled 2 clients (out of 2)
2025-05-16 19:12:46,045 - flwr - INFO - aggregate_fit: received 2 results and 0 failures
2025-05-16 19:12:46,053 - v_central_server - INFO - Server round 83 - Loss: 1.3793965578079224 - Accuracy: 0.3002
2025-05-16 19:12:46,056 - flwr - INFO - configure_evaluate: strategy sampled 2 clients (out of 2)
2025-05-16 19:12:46,065 - flwr - INFO - aggregate_evaluate: received 2 results and 0 failures
2025-05-16 19:12:46,066 - flwr - INFO - 
2025-05-16 19:12:46,066 - flwr - INFO - [ROUND 84]
2025-05-16 19:12:46,066 - flwr - INFO - configure_fit: strategy sampled 2 clients (out of 2)
2025-05-16 19:12:46,075 - flwr - INFO - aggregate_fit: received 2 results and 0 failures
2025-05-16 19:12:46,079 - v_central_server - INFO - Server round 84 - Loss: 1.3795922994613647 - Accuracy: 0.2838
2025-05-16 19:12:46,084 - flwr - INFO - configure_evaluate: strategy sampled 2 clients (out of 2)
2025-05-16 19:12:46,095 - flwr - INFO - aggregate_evaluate: received 2 results and 0 failures
2025-05-16 19:12:46,096 - flwr - INFO - 
2025-05-16 19:12:46,096 - flwr - INFO - [ROUND 85]
2025-05-16 19:12:46,096 - flwr - INFO - configure_fit: strategy sampled 2 clients (out of 2)
2025-05-16 19:12:46,106 - flwr - INFO - aggregate_fit: received 2 results and 0 failures
2025-05-16 19:12:46,110 - v_central_server - INFO - Server round 85 - Loss: 1.3774547576904297 - Accuracy: 0.2822
2025-05-16 19:12:46,114 - flwr - INFO - configure_evaluate: strategy sampled 2 clients (out of 2)
2025-05-16 19:12:46,124 - flwr - INFO - aggregate_evaluate: received 2 results and 0 failures
2025-05-16 19:12:46,125 - flwr - INFO - 
2025-05-16 19:12:46,125 - flwr - INFO - [ROUND 86]
2025-05-16 19:12:46,126 - flwr - INFO - configure_fit: strategy sampled 2 clients (out of 2)
2025-05-16 19:12:46,133 - flwr - INFO - aggregate_fit: received 2 results and 0 failures
2025-05-16 19:12:46,142 - v_central_server - INFO - Server round 86 - Loss: 1.37851881980896 - Accuracy: 0.2969
2025-05-16 19:12:46,146 - flwr - INFO - configure_evaluate: strategy sampled 2 clients (out of 2)
2025-05-16 19:12:46,165 - flwr - INFO - aggregate_evaluate: received 2 results and 0 failures
2025-05-16 19:12:46,166 - flwr - INFO - 
2025-05-16 19:12:46,167 - flwr - INFO - [ROUND 87]
2025-05-16 19:12:46,168 - flwr - INFO - configure_fit: strategy sampled 2 clients (out of 2)
2025-05-16 19:12:46,183 - flwr - INFO - aggregate_fit: received 2 results and 0 failures
2025-05-16 19:12:46,194 - v_central_server - INFO - Server round 87 - Loss: 1.379294753074646 - Accuracy: 0.3279
2025-05-16 19:12:46,199 - flwr - INFO - configure_evaluate: strategy sampled 2 clients (out of 2)
2025-05-16 19:12:46,218 - flwr - INFO - aggregate_evaluate: received 2 results and 0 failures
2025-05-16 19:12:46,219 - flwr - INFO - 
2025-05-16 19:12:46,219 - flwr - INFO - [ROUND 88]
2025-05-16 19:12:46,220 - flwr - INFO - configure_fit: strategy sampled 2 clients (out of 2)
2025-05-16 19:12:46,228 - flwr - INFO - aggregate_fit: received 2 results and 0 failures
2025-05-16 19:12:46,237 - v_central_server - INFO - Server round 88 - Loss: 1.3782849311828613 - Accuracy: 0.2806
2025-05-16 19:12:46,242 - flwr - INFO - configure_evaluate: strategy sampled 2 clients (out of 2)
2025-05-16 19:12:46,259 - flwr - INFO - aggregate_evaluate: received 2 results and 0 failures
2025-05-16 19:12:46,259 - flwr - INFO - 
2025-05-16 19:12:46,259 - flwr - INFO - [ROUND 89]
2025-05-16 19:12:46,260 - flwr - INFO - configure_fit: strategy sampled 2 clients (out of 2)
2025-05-16 19:12:46,269 - flwr - INFO - aggregate_fit: received 2 results and 0 failures
2025-05-16 19:12:46,275 - v_central_server - INFO - Server round 89 - Loss: 1.3792341947555542 - Accuracy: 0.2822
2025-05-16 19:12:46,279 - flwr - INFO - configure_evaluate: strategy sampled 2 clients (out of 2)
2025-05-16 19:12:46,289 - flwr - INFO - aggregate_evaluate: received 2 results and 0 failures
2025-05-16 19:12:46,289 - flwr - INFO - 
2025-05-16 19:12:46,290 - flwr - INFO - [ROUND 90]
2025-05-16 19:12:46,290 - flwr - INFO - configure_fit: strategy sampled 2 clients (out of 2)
2025-05-16 19:12:46,298 - flwr - INFO - aggregate_fit: received 2 results and 0 failures
2025-05-16 19:12:46,303 - v_central_server - INFO - Server round 90 - Loss: 1.3793885707855225 - Accuracy: 0.2757
2025-05-16 19:12:46,307 - flwr - INFO - configure_evaluate: strategy sampled 2 clients (out of 2)
2025-05-16 19:12:46,322 - flwr - INFO - aggregate_evaluate: received 2 results and 0 failures
2025-05-16 19:12:46,322 - flwr - INFO - 
2025-05-16 19:12:46,323 - flwr - INFO - [ROUND 91]
2025-05-16 19:12:46,323 - flwr - INFO - configure_fit: strategy sampled 2 clients (out of 2)
2025-05-16 19:12:46,335 - flwr - INFO - aggregate_fit: received 2 results and 0 failures
2025-05-16 19:12:46,339 - v_central_server - INFO - Server round 91 - Loss: 1.3797047138214111 - Accuracy: 0.3116
2025-05-16 19:12:46,343 - flwr - INFO - configure_evaluate: strategy sampled 2 clients (out of 2)
2025-05-16 19:12:46,355 - flwr - INFO - aggregate_evaluate: received 2 results and 0 failures
2025-05-16 19:12:46,355 - flwr - INFO - 
2025-05-16 19:12:46,355 - flwr - INFO - [ROUND 92]
2025-05-16 19:12:46,356 - flwr - INFO - configure_fit: strategy sampled 2 clients (out of 2)
2025-05-16 19:12:46,363 - flwr - INFO - aggregate_fit: received 2 results and 0 failures
2025-05-16 19:12:46,369 - v_central_server - INFO - Server round 92 - Loss: 1.3787754774093628 - Accuracy: 0.2871
2025-05-16 19:12:46,373 - flwr - INFO - configure_evaluate: strategy sampled 2 clients (out of 2)
2025-05-16 19:12:46,382 - flwr - INFO - aggregate_evaluate: received 2 results and 0 failures
2025-05-16 19:12:46,383 - flwr - INFO - 
2025-05-16 19:12:46,383 - flwr - INFO - [ROUND 93]
2025-05-16 19:12:46,384 - flwr - INFO - configure_fit: strategy sampled 2 clients (out of 2)
2025-05-16 19:12:46,391 - flwr - INFO - aggregate_fit: received 2 results and 0 failures
2025-05-16 19:12:46,396 - v_central_server - INFO - Server round 93 - Loss: 1.3791251182556152 - Accuracy: 0.2545
2025-05-16 19:12:46,400 - flwr - INFO - configure_evaluate: strategy sampled 2 clients (out of 2)
2025-05-16 19:12:46,409 - flwr - INFO - aggregate_evaluate: received 2 results and 0 failures
2025-05-16 19:12:46,410 - flwr - INFO - 
2025-05-16 19:12:46,410 - flwr - INFO - [ROUND 94]
2025-05-16 19:12:46,410 - flwr - INFO - configure_fit: strategy sampled 2 clients (out of 2)
2025-05-16 19:12:46,419 - flwr - INFO - aggregate_fit: received 2 results and 0 failures
2025-05-16 19:12:46,423 - v_central_server - INFO - Server round 94 - Loss: 1.3774704933166504 - Accuracy: 0.2822
2025-05-16 19:12:46,426 - flwr - INFO - configure_evaluate: strategy sampled 2 clients (out of 2)
2025-05-16 19:12:46,444 - flwr - INFO - aggregate_evaluate: received 2 results and 0 failures
2025-05-16 19:12:46,445 - flwr - INFO - 
2025-05-16 19:12:46,445 - flwr - INFO - [ROUND 95]
2025-05-16 19:12:46,445 - flwr - INFO - configure_fit: strategy sampled 2 clients (out of 2)
2025-05-16 19:12:46,457 - flwr - INFO - aggregate_fit: received 2 results and 0 failures
2025-05-16 19:12:46,461 - v_central_server - INFO - Server round 95 - Loss: 1.37962806224823 - Accuracy: 0.2936
2025-05-16 19:12:46,466 - flwr - INFO - configure_evaluate: strategy sampled 2 clients (out of 2)
2025-05-16 19:12:46,475 - flwr - INFO - aggregate_evaluate: received 2 results and 0 failures
2025-05-16 19:12:46,476 - flwr - INFO - 
2025-05-16 19:12:46,476 - flwr - INFO - [ROUND 96]
2025-05-16 19:12:46,477 - flwr - INFO - configure_fit: strategy sampled 2 clients (out of 2)
2025-05-16 19:12:46,486 - flwr - INFO - aggregate_fit: received 2 results and 0 failures
2025-05-16 19:12:46,491 - v_central_server - INFO - Server round 96 - Loss: 1.3777449131011963 - Accuracy: 0.2806
2025-05-16 19:12:46,494 - flwr - INFO - configure_evaluate: strategy sampled 2 clients (out of 2)
2025-05-16 19:12:46,507 - flwr - INFO - aggregate_evaluate: received 2 results and 0 failures
2025-05-16 19:12:46,507 - flwr - INFO - 
2025-05-16 19:12:46,507 - flwr - INFO - [ROUND 97]
2025-05-16 19:12:46,508 - flwr - INFO - configure_fit: strategy sampled 2 clients (out of 2)
2025-05-16 19:12:46,516 - flwr - INFO - aggregate_fit: received 2 results and 0 failures
2025-05-16 19:12:46,521 - v_central_server - INFO - Server round 97 - Loss: 1.3759260177612305 - Accuracy: 0.2790
2025-05-16 19:12:46,524 - flwr - INFO - configure_evaluate: strategy sampled 2 clients (out of 2)
2025-05-16 19:12:46,536 - flwr - INFO - aggregate_evaluate: received 2 results and 0 failures
2025-05-16 19:12:46,536 - flwr - INFO - 
2025-05-16 19:12:46,537 - flwr - INFO - [ROUND 98]
2025-05-16 19:12:46,537 - flwr - INFO - configure_fit: strategy sampled 2 clients (out of 2)
2025-05-16 19:12:46,545 - flwr - INFO - aggregate_fit: received 2 results and 0 failures
2025-05-16 19:12:46,550 - v_central_server - INFO - Server round 98 - Loss: 1.3787132501602173 - Accuracy: 0.2838
2025-05-16 19:12:46,554 - flwr - INFO - configure_evaluate: strategy sampled 2 clients (out of 2)
2025-05-16 19:12:46,564 - flwr - INFO - aggregate_evaluate: received 2 results and 0 failures
2025-05-16 19:12:46,565 - flwr - INFO - 
2025-05-16 19:12:46,566 - flwr - INFO - [ROUND 99]
2025-05-16 19:12:46,566 - flwr - INFO - configure_fit: strategy sampled 2 clients (out of 2)
2025-05-16 19:12:46,577 - flwr - INFO - aggregate_fit: received 2 results and 0 failures
2025-05-16 19:12:46,582 - v_central_server - INFO - Server round 99 - Loss: 1.3769376277923584 - Accuracy: 0.2985
2025-05-16 19:12:46,586 - flwr - INFO - configure_evaluate: strategy sampled 2 clients (out of 2)
2025-05-16 19:12:46,595 - flwr - INFO - aggregate_evaluate: received 2 results and 0 failures
2025-05-16 19:12:46,595 - flwr - INFO - 
2025-05-16 19:12:46,596 - flwr - INFO - [ROUND 100]
2025-05-16 19:12:46,596 - flwr - INFO - configure_fit: strategy sampled 2 clients (out of 2)
2025-05-16 19:12:46,605 - flwr - INFO - aggregate_fit: received 2 results and 0 failures
2025-05-16 19:12:46,610 - v_central_server - INFO - Server round 100 - Loss: 1.3786998987197876 - Accuracy: 0.2806
2025-05-16 19:12:46,632 - flwr - INFO - configure_evaluate: strategy sampled 2 clients (out of 2)
2025-05-16 19:12:46,651 - flwr - INFO - aggregate_evaluate: received 2 results and 0 failures
2025-05-16 19:12:46,652 - flwr - INFO - 
2025-05-16 19:12:46,652 - flwr - INFO - [SUMMARY]
2025-05-16 19:12:46,653 - flwr - INFO - Run finished 100 round(s) in 7.24s
2025-05-16 19:12:46,655 - flwr - INFO - 	History (loss, distributed):
2025-05-16 19:12:46,655 - flwr - INFO - 		round 1: 0.0
2025-05-16 19:12:46,656 - flwr - INFO - 		round 2: 0.0
2025-05-16 19:12:46,656 - flwr - INFO - 		round 3: 0.0
2025-05-16 19:12:46,656 - flwr - INFO - 		round 4: 0.0
2025-05-16 19:12:46,656 - flwr - INFO - 		round 5: 0.0
2025-05-16 19:12:46,657 - flwr - INFO - 		round 6: 0.0
2025-05-16 19:12:46,657 - flwr - INFO - 		round 7: 0.0
2025-05-16 19:12:46,657 - flwr - INFO - 		round 8: 0.0
2025-05-16 19:12:46,657 - flwr - INFO - 		round 9: 0.0
2025-05-16 19:12:46,658 - flwr - INFO - 		round 10: 0.0
2025-05-16 19:12:46,658 - flwr - INFO - 		round 11: 0.0
2025-05-16 19:12:46,658 - flwr - INFO - 		round 12: 0.0
2025-05-16 19:12:46,659 - flwr - INFO - 		round 13: 0.0
2025-05-16 19:12:46,659 - flwr - INFO - 		round 14: 0.0
2025-05-16 19:12:46,659 - flwr - INFO - 		round 15: 0.0
2025-05-16 19:12:46,660 - flwr - INFO - 		round 16: 0.0
2025-05-16 19:12:46,660 - flwr - INFO - 		round 17: 0.0
2025-05-16 19:12:46,660 - flwr - INFO - 		round 18: 0.0
2025-05-16 19:12:46,660 - flwr - INFO - 		round 19: 0.0
2025-05-16 19:12:46,661 - flwr - INFO - 		round 20: 0.0
2025-05-16 19:12:46,661 - flwr - INFO - 		round 21: 0.0
2025-05-16 19:12:46,661 - flwr - INFO - 		round 22: 0.0
2025-05-16 19:12:46,662 - flwr - INFO - 		round 23: 0.0
2025-05-16 19:12:46,662 - flwr - INFO - 		round 24: 0.0
2025-05-16 19:12:46,662 - flwr - INFO - 		round 25: 0.0
2025-05-16 19:12:46,662 - flwr - INFO - 		round 26: 0.0
2025-05-16 19:12:46,663 - flwr - INFO - 		round 27: 0.0
2025-05-16 19:12:46,663 - flwr - INFO - 		round 28: 0.0
2025-05-16 19:12:46,663 - flwr - INFO - 		round 29: 0.0
2025-05-16 19:12:46,664 - flwr - INFO - 		round 30: 0.0
2025-05-16 19:12:46,664 - flwr - INFO - 		round 31: 0.0
2025-05-16 19:12:46,664 - flwr - INFO - 		round 32: 0.0
2025-05-16 19:12:46,665 - flwr - INFO - 		round 33: 0.0
2025-05-16 19:12:46,665 - flwr - INFO - 		round 34: 0.0
2025-05-16 19:12:46,666 - flwr - INFO - 		round 35: 0.0
2025-05-16 19:12:46,666 - flwr - INFO - 		round 36: 0.0
2025-05-16 19:12:46,666 - flwr - INFO - 		round 37: 0.0
2025-05-16 19:12:46,667 - flwr - INFO - 		round 38: 0.0
2025-05-16 19:12:46,667 - flwr - INFO - 		round 39: 0.0
2025-05-16 19:12:46,667 - flwr - INFO - 		round 40: 0.0
2025-05-16 19:12:46,667 - flwr - INFO - 		round 41: 0.0
2025-05-16 19:12:46,668 - flwr - INFO - 		round 42: 0.0
2025-05-16 19:12:46,668 - flwr - INFO - 		round 43: 0.0
2025-05-16 19:12:46,669 - flwr - INFO - 		round 44: 0.0
2025-05-16 19:12:46,669 - flwr - INFO - 		round 45: 0.0
2025-05-16 19:12:46,669 - flwr - INFO - 		round 46: 0.0
2025-05-16 19:12:46,669 - flwr - INFO - 		round 47: 0.0
2025-05-16 19:12:46,670 - flwr - INFO - 		round 48: 0.0
2025-05-16 19:12:46,670 - flwr - INFO - 		round 49: 0.0
2025-05-16 19:12:46,670 - flwr - INFO - 		round 50: 0.0
2025-05-16 19:12:46,671 - flwr - INFO - 		round 51: 0.0
2025-05-16 19:12:46,671 - flwr - INFO - 		round 52: 0.0
2025-05-16 19:12:46,671 - flwr - INFO - 		round 53: 0.0
2025-05-16 19:12:46,671 - flwr - INFO - 		round 54: 0.0
2025-05-16 19:12:46,672 - flwr - INFO - 		round 55: 0.0
2025-05-16 19:12:46,672 - flwr - INFO - 		round 56: 0.0
2025-05-16 19:12:46,672 - flwr - INFO - 		round 57: 0.0
2025-05-16 19:12:46,673 - flwr - INFO - 		round 58: 0.0
2025-05-16 19:12:46,673 - flwr - INFO - 		round 59: 0.0
2025-05-16 19:12:46,673 - flwr - INFO - 		round 60: 0.0
2025-05-16 19:12:46,674 - flwr - INFO - 		round 61: 0.0
2025-05-16 19:12:46,674 - flwr - INFO - 		round 62: 0.0
2025-05-16 19:12:46,674 - flwr - INFO - 		round 63: 0.0
2025-05-16 19:12:46,675 - flwr - INFO - 		round 64: 0.0
2025-05-16 19:12:46,675 - flwr - INFO - 		round 65: 0.0
2025-05-16 19:12:46,675 - flwr - INFO - 		round 66: 0.0
2025-05-16 19:12:46,676 - flwr - INFO - 		round 67: 0.0
2025-05-16 19:12:46,676 - flwr - INFO - 		round 68: 0.0
2025-05-16 19:12:46,676 - flwr - INFO - 		round 69: 0.0
2025-05-16 19:12:46,677 - flwr - INFO - 		round 70: 0.0
2025-05-16 19:12:46,677 - flwr - INFO - 		round 71: 0.0
2025-05-16 19:12:46,677 - flwr - INFO - 		round 72: 0.0
2025-05-16 19:12:46,677 - flwr - INFO - 		round 73: 0.0
2025-05-16 19:12:46,678 - flwr - INFO - 		round 74: 0.0
2025-05-16 19:12:46,678 - flwr - INFO - 		round 75: 0.0
2025-05-16 19:12:46,678 - flwr - INFO - 		round 76: 0.0
2025-05-16 19:12:46,679 - flwr - INFO - 		round 77: 0.0
2025-05-16 19:12:46,679 - flwr - INFO - 		round 78: 0.0
2025-05-16 19:12:46,679 - flwr - INFO - 		round 79: 0.0
2025-05-16 19:12:46,680 - flwr - INFO - 		round 80: 0.0
2025-05-16 19:12:46,680 - flwr - INFO - 		round 81: 0.0
2025-05-16 19:12:46,680 - flwr - INFO - 		round 82: 0.0
2025-05-16 19:12:46,680 - flwr - INFO - 		round 83: 0.0
2025-05-16 19:12:46,681 - flwr - INFO - 		round 84: 0.0
2025-05-16 19:12:46,681 - flwr - INFO - 		round 85: 0.0
2025-05-16 19:12:46,682 - flwr - INFO - 		round 86: 0.0
2025-05-16 19:12:46,682 - flwr - INFO - 		round 87: 0.0
2025-05-16 19:12:46,683 - flwr - INFO - 		round 88: 0.0
2025-05-16 19:12:46,683 - flwr - INFO - 		round 89: 0.0
2025-05-16 19:12:46,684 - flwr - INFO - 		round 90: 0.0
2025-05-16 19:12:46,684 - flwr - INFO - 		round 91: 0.0
2025-05-16 19:12:46,684 - flwr - INFO - 		round 92: 0.0
2025-05-16 19:12:46,685 - flwr - INFO - 		round 93: 0.0
2025-05-16 19:12:46,685 - flwr - INFO - 		round 94: 0.0
2025-05-16 19:12:46,685 - flwr - INFO - 		round 95: 0.0
2025-05-16 19:12:46,686 - flwr - INFO - 		round 96: 0.0
2025-05-16 19:12:46,686 - flwr - INFO - 		round 97: 0.0
2025-05-16 19:12:46,686 - flwr - INFO - 		round 98: 0.0
2025-05-16 19:12:46,687 - flwr - INFO - 		round 99: 0.0
2025-05-16 19:12:46,687 - flwr - INFO - 		round 100: 0.0
2025-05-16 19:12:46,687 - flwr - INFO - 	History (metrics, distributed, fit):
2025-05-16 19:12:46,687 - flwr - INFO - 	{'accuracy': [(1, 0.569331169128418),
2025-05-16 19:12:46,688 - flwr - INFO - 	              (2, 0.5676998496055603),
2025-05-16 19:12:46,688 - flwr - INFO - 	              (3, 0.569331169128418),
2025-05-16 19:12:46,688 - flwr - INFO - 	              (4, 0.569331169128418),
2025-05-16 19:12:46,689 - flwr - INFO - 	              (5, 0.5676998496055603),
2025-05-16 19:12:46,689 - flwr - INFO - 	              (6, 0.5660685300827026),
2025-05-16 19:12:46,690 - flwr - INFO - 	              (7, 0.5660685300827026),
2025-05-16 19:12:46,690 - flwr - INFO - 	              (8, 0.5660685300827026),
2025-05-16 19:12:46,691 - flwr - INFO - 	              (9, 0.5676998496055603),
2025-05-16 19:12:46,691 - flwr - INFO - 	              (10, 0.554649293422699),
2025-05-16 19:12:46,691 - flwr - INFO - 	              (11, 0.564437210559845),
2025-05-16 19:12:46,692 - flwr - INFO - 	              (12, 0.5660685300827026),
2025-05-16 19:12:46,692 - flwr - INFO - 	              (13, 0.5660685300827026),
2025-05-16 19:12:46,692 - flwr - INFO - 	              (14, 0.5415986776351929),
2025-05-16 19:12:46,693 - flwr - INFO - 	              (15, 0.5334420800209045),
2025-05-16 19:12:46,693 - flwr - INFO - 	              (16, 0.5301794409751892),
2025-05-16 19:12:46,693 - flwr - INFO - 	              (17, 0.5220228433609009),
2025-05-16 19:12:46,693 - flwr - INFO - 	              (18, 0.5089722871780396),
2025-05-16 19:12:46,694 - flwr - INFO - 	              (19, 0.4877651035785675),
2025-05-16 19:12:46,694 - flwr - INFO - 	              (20, 0.4845024347305298),
2025-05-16 19:12:46,695 - flwr - INFO - 	              (21, 0.4649266004562378),
2025-05-16 19:12:46,695 - flwr - INFO - 	              (22, 0.4518760144710541),
2025-05-16 19:12:46,695 - flwr - INFO - 	              (23, 0.4730831980705261),
2025-05-16 19:12:46,695 - flwr - INFO - 	              (24, 0.42903751134872437),
2025-05-16 19:12:46,696 - flwr - INFO - 	              (25, 0.42577487230300903),
2025-05-16 19:12:46,696 - flwr - INFO - 	              (26, 0.42088091373443604),
2025-05-16 19:12:46,696 - flwr - INFO - 	              (27, 0.38662317395210266),
2025-05-16 19:12:46,696 - flwr - INFO - 	              (28, 0.3719412684440613),
2025-05-16 19:12:46,697 - flwr - INFO - 	              (29, 0.35399672389030457),
2025-05-16 19:12:46,697 - flwr - INFO - 	              (30, 0.36867862939834595),
2025-05-16 19:12:46,697 - flwr - INFO - 	              (31, 0.34420880675315857),
2025-05-16 19:12:46,698 - flwr - INFO - 	              (32, 0.32626426219940186),
2025-05-16 19:12:46,698 - flwr - INFO - 	              (33, 0.3246329426765442),
2025-05-16 19:12:46,699 - flwr - INFO - 	              (34, 0.31647634506225586),
2025-05-16 19:12:46,699 - flwr - INFO - 	              (35, 0.2626427412033081),
2025-05-16 19:12:46,699 - flwr - INFO - 	              (36, 0.2903752028942108),
2025-05-16 19:12:46,700 - flwr - INFO - 	              (37, 0.2854812443256378),
2025-05-16 19:12:46,700 - flwr - INFO - 	              (38, 0.2724306583404541),
2025-05-16 19:12:46,700 - flwr - INFO - 	              (39, 0.3017944395542145),
2025-05-16 19:12:46,700 - flwr - INFO - 	              (40, 0.24306687712669373),
2025-05-16 19:12:46,701 - flwr - INFO - 	              (41, 0.27406197786331177),
2025-05-16 19:12:46,701 - flwr - INFO - 	              (42, 0.26427406072616577),
2025-05-16 19:12:46,701 - flwr - INFO - 	              (43, 0.29853180050849915),
2025-05-16 19:12:46,702 - flwr - INFO - 	              (44, 0.30342578887939453),
2025-05-16 19:12:46,702 - flwr - INFO - 	              (45, 0.29363784193992615),
2025-05-16 19:12:46,702 - flwr - INFO - 	              (46, 0.27406197786331177),
2025-05-16 19:12:46,703 - flwr - INFO - 	              (47, 0.2822186052799225),
2025-05-16 19:12:46,703 - flwr - INFO - 	              (48, 0.2871125638484955),
2025-05-16 19:12:46,703 - flwr - INFO - 	              (49, 0.2903752028942108),
2025-05-16 19:12:46,704 - flwr - INFO - 	              (50, 0.2854812443256378),
2025-05-16 19:12:46,704 - flwr - INFO - 	              (51, 0.2920065224170685),
2025-05-16 19:12:46,704 - flwr - INFO - 	              (52, 0.2903752028942108),
2025-05-16 19:12:46,704 - flwr - INFO - 	              (53, 0.2675366997718811),
2025-05-16 19:12:46,705 - flwr - INFO - 	              (54, 0.2577487826347351),
2025-05-16 19:12:46,705 - flwr - INFO - 	              (55, 0.2805872857570648),
2025-05-16 19:12:46,705 - flwr - INFO - 	              (56, 0.24469821155071259),
2025-05-16 19:12:46,706 - flwr - INFO - 	              (57, 0.26101142168045044),
2025-05-16 19:12:46,706 - flwr - INFO - 	              (58, 0.2854812443256378),
2025-05-16 19:12:46,706 - flwr - INFO - 	              (59, 0.2952691614627838),
2025-05-16 19:12:46,707 - flwr - INFO - 	              (60, 0.30668842792510986),
2025-05-16 19:12:46,707 - flwr - INFO - 	              (61, 0.28384992480278015),
2025-05-16 19:12:46,707 - flwr - INFO - 	              (62, 0.26427406072616577),
2025-05-16 19:12:46,708 - flwr - INFO - 	              (63, 0.3099510669708252),
2025-05-16 19:12:46,708 - flwr - INFO - 	              (64, 0.29363784193992615),
2025-05-16 19:12:46,708 - flwr - INFO - 	              (65, 0.27079933881759644),
2025-05-16 19:12:46,708 - flwr - INFO - 	              (66, 0.2675366997718811),
2025-05-16 19:12:46,709 - flwr - INFO - 	              (67, 0.31158238649368286),
2025-05-16 19:12:46,709 - flwr - INFO - 	              (68, 0.2822186052799225),
2025-05-16 19:12:46,709 - flwr - INFO - 	              (69, 0.28384992480278015),
2025-05-16 19:12:46,709 - flwr - INFO - 	              (70, 0.2952691614627838),
2025-05-16 19:12:46,710 - flwr - INFO - 	              (71, 0.2952691614627838),
2025-05-16 19:12:46,710 - flwr - INFO - 	              (72, 0.30342578887939453),
2025-05-16 19:12:46,710 - flwr - INFO - 	              (73, 0.3376835286617279),
2025-05-16 19:12:46,710 - flwr - INFO - 	              (74, 0.3050571084022522),
2025-05-16 19:12:46,711 - flwr - INFO - 	              (75, 0.2773246467113495),
2025-05-16 19:12:46,711 - flwr - INFO - 	              (76, 0.2952691614627838),
2025-05-16 19:12:46,711 - flwr - INFO - 	              (77, 0.2969004809856415),
2025-05-16 19:12:46,712 - flwr - INFO - 	              (78, 0.30831974744796753),
2025-05-16 19:12:46,712 - flwr - INFO - 	              (79, 0.26916801929473877),
2025-05-16 19:12:46,712 - flwr - INFO - 	              (80, 0.28384992480278015),
2025-05-16 19:12:46,713 - flwr - INFO - 	              (81, 0.2773246467113495),
2025-05-16 19:12:46,713 - flwr - INFO - 	              (82, 0.29853180050849915),
2025-05-16 19:12:46,713 - flwr - INFO - 	              (83, 0.3001631200313568),
2025-05-16 19:12:46,714 - flwr - INFO - 	              (84, 0.28384992480278015),
2025-05-16 19:12:46,714 - flwr - INFO - 	              (85, 0.2822186052799225),
2025-05-16 19:12:46,714 - flwr - INFO - 	              (86, 0.2969004809856415),
2025-05-16 19:12:46,715 - flwr - INFO - 	              (87, 0.3278955817222595),
2025-05-16 19:12:46,715 - flwr - INFO - 	              (88, 0.2805872857570648),
2025-05-16 19:12:46,716 - flwr - INFO - 	              (89, 0.2822186052799225),
2025-05-16 19:12:46,716 - flwr - INFO - 	              (90, 0.27569329738616943),
2025-05-16 19:12:46,716 - flwr - INFO - 	              (91, 0.31158238649368286),
2025-05-16 19:12:46,717 - flwr - INFO - 	              (92, 0.2871125638484955),
2025-05-16 19:12:46,717 - flwr - INFO - 	              (93, 0.2544861435890198),
2025-05-16 19:12:46,717 - flwr - INFO - 	              (94, 0.2822186052799225),
2025-05-16 19:12:46,718 - flwr - INFO - 	              (95, 0.29363784193992615),
2025-05-16 19:12:46,718 - flwr - INFO - 	              (96, 0.2805872857570648),
2025-05-16 19:12:46,718 - flwr - INFO - 	              (97, 0.27895596623420715),
2025-05-16 19:12:46,718 - flwr - INFO - 	              (98, 0.28384992480278015),
2025-05-16 19:12:46,719 - flwr - INFO - 	              (99, 0.29853180050849915),
2025-05-16 19:12:46,719 - flwr - INFO - 	              (100, 0.2805872857570648)],
2025-05-16 19:12:46,719 - flwr - INFO - 	 'loss': [(1, 1.387515664100647),
2025-05-16 19:12:46,720 - flwr - INFO - 	          (2, 1.3875913619995117),
2025-05-16 19:12:46,720 - flwr - INFO - 	          (3, 1.3870849609375),
2025-05-16 19:12:46,720 - flwr - INFO - 	          (4, 1.3871469497680664),
2025-05-16 19:12:46,721 - flwr - INFO - 	          (5, 1.3870984315872192),
2025-05-16 19:12:46,721 - flwr - INFO - 	          (6, 1.3867065906524658),
2025-05-16 19:12:46,721 - flwr - INFO - 	          (7, 1.387355923652649),
2025-05-16 19:12:46,721 - flwr - INFO - 	          (8, 1.3867915868759155),
2025-05-16 19:12:46,722 - flwr - INFO - 	          (9, 1.386642336845398),
2025-05-16 19:12:46,722 - flwr - INFO - 	          (10, 1.3869025707244873),
2025-05-16 19:12:46,722 - flwr - INFO - 	          (11, 1.3864308595657349),
2025-05-16 19:12:46,723 - flwr - INFO - 	          (12, 1.3866831064224243),
2025-05-16 19:12:46,723 - flwr - INFO - 	          (13, 1.3862367868423462),
2025-05-16 19:12:46,723 - flwr - INFO - 	          (14, 1.3867943286895752),
2025-05-16 19:12:46,724 - flwr - INFO - 	          (15, 1.3855520486831665),
2025-05-16 19:12:46,724 - flwr - INFO - 	          (16, 1.3865692615509033),
2025-05-16 19:12:46,724 - flwr - INFO - 	          (17, 1.3863017559051514),
2025-05-16 19:12:46,725 - flwr - INFO - 	          (18, 1.3859727382659912),
2025-05-16 19:12:46,725 - flwr - INFO - 	          (19, 1.386014699935913),
2025-05-16 19:12:46,725 - flwr - INFO - 	          (20, 1.3858606815338135),
2025-05-16 19:12:46,725 - flwr - INFO - 	          (21, 1.3854082822799683),
2025-05-16 19:12:46,726 - flwr - INFO - 	          (22, 1.3858157396316528),
2025-05-16 19:12:46,726 - flwr - INFO - 	          (23, 1.385253667831421),
2025-05-16 19:12:46,727 - flwr - INFO - 	          (24, 1.3854153156280518),
2025-05-16 19:12:46,727 - flwr - INFO - 	          (25, 1.3854670524597168),
2025-05-16 19:12:46,727 - flwr - INFO - 	          (26, 1.3854774236679077),
2025-05-16 19:12:46,728 - flwr - INFO - 	          (27, 1.384495496749878),
2025-05-16 19:12:46,728 - flwr - INFO - 	          (28, 1.3844473361968994),
2025-05-16 19:12:46,729 - flwr - INFO - 	          (29, 1.3852107524871826),
2025-05-16 19:12:46,729 - flwr - INFO - 	          (30, 1.3850992918014526),
2025-05-16 19:12:46,729 - flwr - INFO - 	          (31, 1.3853386640548706),
2025-05-16 19:12:46,729 - flwr - INFO - 	          (32, 1.3846791982650757),
2025-05-16 19:12:46,730 - flwr - INFO - 	          (33, 1.3848745822906494),
2025-05-16 19:12:46,730 - flwr - INFO - 	          (34, 1.3844717741012573),
2025-05-16 19:12:46,730 - flwr - INFO - 	          (35, 1.3846361637115479),
2025-05-16 19:12:46,730 - flwr - INFO - 	          (36, 1.384397268295288),
2025-05-16 19:12:46,731 - flwr - INFO - 	          (37, 1.3839867115020752),
2025-05-16 19:12:46,731 - flwr - INFO - 	          (38, 1.3840564489364624),
2025-05-16 19:12:46,732 - flwr - INFO - 	          (39, 1.384840488433838),
2025-05-16 19:12:46,732 - flwr - INFO - 	          (40, 1.3839125633239746),
2025-05-16 19:12:46,732 - flwr - INFO - 	          (41, 1.3843135833740234),
2025-05-16 19:12:46,733 - flwr - INFO - 	          (42, 1.3837107419967651),
2025-05-16 19:12:46,733 - flwr - INFO - 	          (43, 1.383017897605896),
2025-05-16 19:12:46,734 - flwr - INFO - 	          (44, 1.3835433721542358),
2025-05-16 19:12:46,734 - flwr - INFO - 	          (45, 1.38385808467865),
2025-05-16 19:12:46,734 - flwr - INFO - 	          (46, 1.3832366466522217),
2025-05-16 19:12:46,734 - flwr - INFO - 	          (47, 1.3833492994308472),
2025-05-16 19:12:46,735 - flwr - INFO - 	          (48, 1.3834428787231445),
2025-05-16 19:12:46,735 - flwr - INFO - 	          (49, 1.3824269771575928),
2025-05-16 19:12:46,735 - flwr - INFO - 	          (50, 1.3821066617965698),
2025-05-16 19:12:46,736 - flwr - INFO - 	          (51, 1.3828425407409668),
2025-05-16 19:12:46,736 - flwr - INFO - 	          (52, 1.3824036121368408),
2025-05-16 19:12:46,736 - flwr - INFO - 	          (53, 1.3820914030075073),
2025-05-16 19:12:46,737 - flwr - INFO - 	          (54, 1.381699800491333),
2025-05-16 19:12:46,737 - flwr - INFO - 	          (55, 1.38132643699646),
2025-05-16 19:12:46,737 - flwr - INFO - 	          (56, 1.3823246955871582),
2025-05-16 19:12:46,738 - flwr - INFO - 	          (57, 1.3817788362503052),
2025-05-16 19:12:46,738 - flwr - INFO - 	          (58, 1.3821872472763062),
2025-05-16 19:12:46,738 - flwr - INFO - 	          (59, 1.3815902471542358),
2025-05-16 19:12:46,739 - flwr - INFO - 	          (60, 1.379908561706543),
2025-05-16 19:12:46,739 - flwr - INFO - 	          (61, 1.3820195198059082),
2025-05-16 19:12:46,739 - flwr - INFO - 	          (62, 1.380597710609436),
2025-05-16 19:12:46,740 - flwr - INFO - 	          (63, 1.3816184997558594),
2025-05-16 19:12:46,740 - flwr - INFO - 	          (64, 1.381676435470581),
2025-05-16 19:12:46,740 - flwr - INFO - 	          (65, 1.3815948963165283),
2025-05-16 19:12:46,741 - flwr - INFO - 	          (66, 1.3817589282989502),
2025-05-16 19:12:46,741 - flwr - INFO - 	          (67, 1.3820202350616455),
2025-05-16 19:12:46,742 - flwr - INFO - 	          (68, 1.381424069404602),
2025-05-16 19:12:46,742 - flwr - INFO - 	          (69, 1.3813272714614868),
2025-05-16 19:12:46,743 - flwr - INFO - 	          (70, 1.3806095123291016),
2025-05-16 19:12:46,743 - flwr - INFO - 	          (71, 1.3810592889785767),
2025-05-16 19:12:46,743 - flwr - INFO - 	          (72, 1.3814504146575928),
2025-05-16 19:12:46,744 - flwr - INFO - 	          (73, 1.3804404735565186),
2025-05-16 19:12:46,744 - flwr - INFO - 	          (74, 1.3792221546173096),
2025-05-16 19:12:46,745 - flwr - INFO - 	          (75, 1.380196452140808),
2025-05-16 19:12:46,745 - flwr - INFO - 	          (76, 1.380828619003296),
2025-05-16 19:12:46,746 - flwr - INFO - 	          (77, 1.3810982704162598),
2025-05-16 19:12:46,746 - flwr - INFO - 	          (78, 1.380622148513794),
2025-05-16 19:12:46,747 - flwr - INFO - 	          (79, 1.3804377317428589),
2025-05-16 19:12:46,747 - flwr - INFO - 	          (80, 1.3810234069824219),
2025-05-16 19:12:46,747 - flwr - INFO - 	          (81, 1.379520297050476),
2025-05-16 19:12:46,748 - flwr - INFO - 	          (82, 1.3789499998092651),
2025-05-16 19:12:46,748 - flwr - INFO - 	          (83, 1.3793965578079224),
2025-05-16 19:12:46,749 - flwr - INFO - 	          (84, 1.3795922994613647),
2025-05-16 19:12:46,749 - flwr - INFO - 	          (85, 1.3774547576904297),
2025-05-16 19:12:46,749 - flwr - INFO - 	          (86, 1.37851881980896),
2025-05-16 19:12:46,750 - flwr - INFO - 	          (87, 1.379294753074646),
2025-05-16 19:12:46,751 - flwr - INFO - 	          (88, 1.3782849311828613),
2025-05-16 19:12:46,751 - flwr - INFO - 	          (89, 1.3792341947555542),
2025-05-16 19:12:46,752 - flwr - INFO - 	          (90, 1.3793885707855225),
2025-05-16 19:12:46,752 - flwr - INFO - 	          (91, 1.3797047138214111),
2025-05-16 19:12:46,753 - flwr - INFO - 	          (92, 1.3787754774093628),
2025-05-16 19:12:46,753 - flwr - INFO - 	          (93, 1.3791251182556152),
2025-05-16 19:12:46,754 - flwr - INFO - 	          (94, 1.3774704933166504),
2025-05-16 19:12:46,754 - flwr - INFO - 	          (95, 1.37962806224823),
2025-05-16 19:12:46,755 - flwr - INFO - 	          (96, 1.3777449131011963),
2025-05-16 19:12:46,755 - flwr - INFO - 	          (97, 1.3759260177612305),
2025-05-16 19:12:46,756 - flwr - INFO - 	          (98, 1.3787132501602173),
2025-05-16 19:12:46,756 - flwr - INFO - 	          (99, 1.3769376277923584),
2025-05-16 19:12:46,757 - flwr - INFO - 	          (100, 1.3786998987197876)]}
2025-05-16 19:12:46,757 - flwr - INFO - 
