2025-04-27 15:57:15,504 - node - INFO - Starting node 1 ... 
2025-04-27 15:57:15,544 - node - INFO - the input dimention for the node 1 is : 3
2025-04-27 15:57:16,522 - node - INFO - Initializing the client class within node 1 , with features torch.Size([3938, 3]) .
2025-04-27 15:57:16,523 - flwr - WARNING - DEPRECATED FEATURE: flwr.client.start_numpy_client() is deprecated. 
	Instead, use `flwr.client.start_client()` by ensuring you first call the `.to_client()` method as shown below: 
	flwr.client.start_client(
		server_address='<IP>:<PORT>',
		client=FlowerClient().to_client(), # <-- where FlowerClient is of type flwr.client.NumPyClient object
	)
	Using `start_numpy_client()` is deprecated.

            This is a deprecated feature. It will be removed
            entirely in future versions of Flower.
        
2025-04-27 15:57:16,541 - flwr - WARNING - DEPRECATED FEATURE: flwr.client.start_client() is deprecated.
	Instead, use the `flower-supernode` CLI command to start a SuperNode as shown below:

		$ flower-supernode --insecure --superlink='<IP>:<PORT>'

	To view all available options, run:

		$ flower-supernode --help

	Using `start_client()` is deprecated.

            This is a deprecated feature. It will be removed
            entirely in future versions of Flower.
        
2025-04-27 15:57:16,559 - flwr - DEBUG - Opened insecure gRPC connection (no certificates were passed)
2025-04-27 15:57:16,562 - flwr - DEBUG - ChannelConnectivity.IDLE
2025-04-27 15:57:16,566 - flwr - DEBUG - ChannelConnectivity.CONNECTING
2025-04-27 15:57:16,570 - flwr - DEBUG - ChannelConnectivity.READY
2025-04-27 15:57:16,575 - flwr - INFO - 
2025-04-27 15:57:16,576 - flwr - INFO - Received: get_parameters message 4ce374ee-ce58-461b-b042-dab9eaa1390a
2025-04-27 15:57:16,577 - node - INFO - (get function) node 1.
2025-04-27 15:57:16,578 - flwr - INFO - Sent reply
2025-04-27 15:57:28,764 - node - INFO - Starting node 2 ... 
2025-04-27 15:57:28,818 - node - INFO - the input dimention for the node 2 is : 33
2025-04-27 15:57:29,702 - node - INFO - Initializing the client class within node 2 , with features torch.Size([3938, 33]) .
2025-04-27 15:57:29,702 - flwr - WARNING - DEPRECATED FEATURE: flwr.client.start_numpy_client() is deprecated. 
	Instead, use `flwr.client.start_client()` by ensuring you first call the `.to_client()` method as shown below: 
	flwr.client.start_client(
		server_address='<IP>:<PORT>',
		client=FlowerClient().to_client(), # <-- where FlowerClient is of type flwr.client.NumPyClient object
	)
	Using `start_numpy_client()` is deprecated.

            This is a deprecated feature. It will be removed
            entirely in future versions of Flower.
        
2025-04-27 15:57:29,703 - flwr - WARNING - DEPRECATED FEATURE: flwr.client.start_client() is deprecated.
	Instead, use the `flower-supernode` CLI command to start a SuperNode as shown below:

		$ flower-supernode --insecure --superlink='<IP>:<PORT>'

	To view all available options, run:

		$ flower-supernode --help

	Using `start_client()` is deprecated.

            This is a deprecated feature. It will be removed
            entirely in future versions of Flower.
        
2025-04-27 15:57:29,719 - flwr - DEBUG - Opened insecure gRPC connection (no certificates were passed)
2025-04-27 15:57:29,721 - flwr - DEBUG - ChannelConnectivity.IDLE
2025-04-27 15:57:29,723 - flwr - DEBUG - ChannelConnectivity.CONNECTING
2025-04-27 15:57:29,724 - flwr - DEBUG - ChannelConnectivity.READY
2025-04-27 15:57:29,728 - flwr - INFO - 
2025-04-27 15:57:29,728 - flwr - INFO - 
2025-04-27 15:57:29,730 - flwr - INFO - Received: train message f21edfd1-732c-4223-b3da-6d7f435ec0b3
2025-04-27 15:57:29,732 - flwr - INFO - Received: train message 43f83789-8384-40fc-a52a-e7d784570c8e
2025-04-27 15:57:29,732 - node - INFO - (fit function) node 2 , the received parameters are : [] 
2025-04-27 15:57:29,733 - node - INFO - (fit function) node 1 , the received parameters are : [] 
2025-04-27 15:57:29,738 - node - INFO - the sent embedding from node 1 is : [array([[0.        , 0.3604601 , 0.20345223, 0.4088228 ],
       [0.        , 0.6075418 , 1.0839642 , 0.19319028],
       [0.        , 0.5130694 , 0.7472979 , 0.275638  ],
       ...,
       [0.        , 0.2805219 , 0.        , 0.4785863 ],
       [0.        , 0.5203365 , 0.77319527, 0.26929587],
       [0.        , 0.20125128, 0.        , 0.52609587]], dtype=float32)]
2025-04-27 15:57:29,741 - flwr - INFO - Sent reply
2025-04-27 15:57:29,745 - node - INFO - the sent embedding from node 2 is : [array([[0.17391841, 0.        , 0.        , 0.17997508],
       [0.17391841, 0.        , 0.        , 0.17997508],
       [0.        , 0.        , 0.        , 0.01798983],
       ...,
       [0.        , 0.        , 0.        , 0.        ],
       [0.        , 0.        , 0.        , 0.01798983],
       [0.19597587, 0.        , 0.        , 0.16056907]], dtype=float32)]
2025-04-27 15:57:29,747 - flwr - INFO - Sent reply
2025-04-27 15:57:29,846 - flwr - INFO - 
2025-04-27 15:57:29,848 - flwr - INFO - Received: evaluate message f92c2f59-e83f-450c-b162-5f5f1c5da5bb
2025-04-27 15:57:29,849 - flwr - INFO - 
2025-04-27 15:57:29,850 - flwr - INFO - Received: evaluate message c8b6a77f-45b2-4c4a-bc70-963a4518e82e
2025-04-27 15:57:29,854 - node - INFO - (evaluate) node 1 , the received parameters are : [array([0.], dtype=float32), array([[-6.7429246e-06,  2.7688970e-06, -2.0882728e-05, -1.0037641e-05],
       [ 2.1985181e-06,  2.7677361e-06,  3.0135957e-06,  2.8911625e-06],
       [-1.9870877e-05,  9.0314452e-06, -1.4608648e-05,  9.0504418e-06],
       ...,
       [ 0.0000000e+00,  0.0000000e+00,  0.0000000e+00,  0.0000000e+00],
       [-1.0203979e-06,  4.6377750e-07, -7.5017476e-07,  4.6475327e-07],
       [ 2.4011165e-06, -9.8598662e-07,  7.4362169e-06,  3.5743460e-06]],
      dtype=float32), array([[-2.6121879e-05, -8.7819553e-06, -7.3758556e-06,  2.0573574e-05],
       [ 1.0521227e-05,  1.4546948e-06,  1.0445015e-06, -1.3076401e-05],
       [-4.4971566e-05, -1.3270772e-05,  2.5891463e-06,  4.6434434e-05],
       ...,
       [ 0.0000000e+00,  0.0000000e+00,  0.0000000e+00,  0.0000000e+00],
       [-2.3093539e-06, -6.8147313e-07,  1.3295644e-07,  2.3844743e-06],
       [ 9.3018471e-06,  3.1272034e-06,  2.6264988e-06, -7.3261290e-06]],
      dtype=float32)]
2025-04-27 15:57:29,857 - node - INFO - (evaluate) node 2 , the received parameters are : [array([0.], dtype=float32), array([[-6.7429246e-06,  2.7688970e-06, -2.0882728e-05, -1.0037641e-05],
       [ 2.1985181e-06,  2.7677361e-06,  3.0135957e-06,  2.8911625e-06],
       [-1.9870877e-05,  9.0314452e-06, -1.4608648e-05,  9.0504418e-06],
       ...,
       [ 0.0000000e+00,  0.0000000e+00,  0.0000000e+00,  0.0000000e+00],
       [-1.0203979e-06,  4.6377750e-07, -7.5017476e-07,  4.6475327e-07],
       [ 2.4011165e-06, -9.8598662e-07,  7.4362169e-06,  3.5743460e-06]],
      dtype=float32), array([[-2.6121879e-05, -8.7819553e-06, -7.3758556e-06,  2.0573574e-05],
       [ 1.0521227e-05,  1.4546948e-06,  1.0445015e-06, -1.3076401e-05],
       [-4.4971566e-05, -1.3270772e-05,  2.5891463e-06,  4.6434434e-05],
       ...,
       [ 0.0000000e+00,  0.0000000e+00,  0.0000000e+00,  0.0000000e+00],
       [-2.3093539e-06, -6.8147313e-07,  1.3295644e-07,  2.3844743e-06],
       [ 9.3018471e-06,  3.1272034e-06,  2.6264988e-06, -7.3261290e-06]],
      dtype=float32)]
2025-04-27 15:57:29,879 - flwr - INFO - Sent reply
2025-04-27 15:57:29,879 - flwr - INFO - Sent reply
2025-04-27 15:57:29,893 - flwr - INFO - 
2025-04-27 15:57:29,894 - flwr - INFO - Received: train message d6a6f73e-3ca5-4e62-b634-0e85d9e4c955
2025-04-27 15:57:29,896 - flwr - INFO - 
2025-04-27 15:57:29,897 - node - INFO - (fit function) node 1 , the received parameters are : [array([0.], dtype=float32), array([[-6.7429246e-06,  2.7688970e-06, -2.0882728e-05, -1.0037641e-05],
       [ 2.1985181e-06,  2.7677361e-06,  3.0135957e-06,  2.8911625e-06],
       [-1.9870877e-05,  9.0314452e-06, -1.4608648e-05,  9.0504418e-06],
       ...,
       [ 0.0000000e+00,  0.0000000e+00,  0.0000000e+00,  0.0000000e+00],
       [-1.0203979e-06,  4.6377750e-07, -7.5017476e-07,  4.6475327e-07],
       [ 2.4011165e-06, -9.8598662e-07,  7.4362169e-06,  3.5743460e-06]],
      dtype=float32), array([[-2.6121879e-05, -8.7819553e-06, -7.3758556e-06,  2.0573574e-05],
       [ 1.0521227e-05,  1.4546948e-06,  1.0445015e-06, -1.3076401e-05],
       [-4.4971566e-05, -1.3270772e-05,  2.5891463e-06,  4.6434434e-05],
       ...,
       [ 0.0000000e+00,  0.0000000e+00,  0.0000000e+00,  0.0000000e+00],
       [-2.3093539e-06, -6.8147313e-07,  1.3295644e-07,  2.3844743e-06],
       [ 9.3018471e-06,  3.1272034e-06,  2.6264988e-06, -7.3261290e-06]],
      dtype=float32)] 
2025-04-27 15:57:29,897 - flwr - INFO - Received: train message 96f5d8f4-2b27-435e-b8ea-597d5707de29
2025-04-27 15:57:29,899 - node - INFO - the sent embedding from node 1 is : [array([[0.        , 0.38688004, 0.18987235, 0.38240284],
       [0.        , 0.614174  , 1.0505966 , 0.18655787],
       [0.        , 0.5272675 , 0.7214961 , 0.26143977],
       ...,
       [0.        , 0.3133437 , 0.        , 0.44576445],
       [0.        , 0.5339526 , 0.7468115 , 0.25567964],
       [0.        , 0.2189414 , 0.        , 0.5084057 ]], dtype=float32)]
2025-04-27 15:57:29,899 - node - INFO - (fit function) node 2 , the received parameters are : [array([0.], dtype=float32), array([[-6.7429246e-06,  2.7688970e-06, -2.0882728e-05, -1.0037641e-05],
       [ 2.1985181e-06,  2.7677361e-06,  3.0135957e-06,  2.8911625e-06],
       [-1.9870877e-05,  9.0314452e-06, -1.4608648e-05,  9.0504418e-06],
       ...,
       [ 0.0000000e+00,  0.0000000e+00,  0.0000000e+00,  0.0000000e+00],
       [-1.0203979e-06,  4.6377750e-07, -7.5017476e-07,  4.6475327e-07],
       [ 2.4011165e-06, -9.8598662e-07,  7.4362169e-06,  3.5743460e-06]],
      dtype=float32), array([[-2.6121879e-05, -8.7819553e-06, -7.3758556e-06,  2.0573574e-05],
       [ 1.0521227e-05,  1.4546948e-06,  1.0445015e-06, -1.3076401e-05],
       [-4.4971566e-05, -1.3270772e-05,  2.5891463e-06,  4.6434434e-05],
       ...,
       [ 0.0000000e+00,  0.0000000e+00,  0.0000000e+00,  0.0000000e+00],
       [-2.3093539e-06, -6.8147313e-07,  1.3295644e-07,  2.3844743e-06],
       [ 9.3018471e-06,  3.1272034e-06,  2.6264988e-06, -7.3261290e-06]],
      dtype=float32)] 
2025-04-27 15:57:29,901 - flwr - INFO - Sent reply
2025-04-27 15:57:29,901 - node - INFO - the sent embedding from node 2 is : [array([[0.15391842, 0.        , 0.        , 0.19997507],
       [0.15391842, 0.        , 0.        , 0.19997507],
       [0.        , 0.        , 0.        , 0.03798976],
       ...,
       [0.        , 0.        , 0.        , 0.        ],
       [0.        , 0.        , 0.        , 0.03798976],
       [0.17597589, 0.        , 0.        , 0.18056902]], dtype=float32)]
2025-04-27 15:57:29,904 - flwr - INFO - Sent reply
2025-04-27 15:57:29,952 - flwr - INFO - 
2025-04-27 15:57:29,953 - flwr - INFO - Received: evaluate message c98dde20-f0eb-4b34-b2b4-1161f4739e59
2025-04-27 15:57:29,953 - flwr - INFO - 
2025-04-27 15:57:29,954 - flwr - INFO - Received: evaluate message 65d237bf-9944-42f7-abb6-18b9c7f7d620
2025-04-27 15:57:29,956 - node - INFO - (evaluate) node 1 , the received parameters are : [array([0.], dtype=float32), array([[-6.7604178e-06,  2.7760798e-06, -2.0936905e-05, -1.0063683e-05],
       [ 2.1798453e-06,  2.7442284e-06,  2.9879993e-06,  2.8666059e-06],
       [-1.9898647e-05,  9.0440644e-06, -1.4629057e-05,  9.0630929e-06],
       ...,
       [ 0.0000000e+00,  0.0000000e+00,  0.0000000e+00,  0.0000000e+00],
       [-1.0483445e-06,  4.7647956e-07, -7.7072059e-07,  4.7748188e-07],
       [ 2.3880677e-06, -9.8062981e-07,  7.3958076e-06,  3.5549212e-06]],
      dtype=float32), array([[-2.6189648e-05, -8.8047382e-06, -7.3949909e-06,  2.0626949e-05],
       [ 1.0431866e-05,  1.4423392e-06,  1.0356298e-06, -1.2965338e-05],
       [-4.5034412e-05, -1.3289318e-05,  2.5927679e-06,  4.6499321e-05],
       ...,
       [ 0.0000000e+00,  0.0000000e+00,  0.0000000e+00,  0.0000000e+00],
       [-2.3726027e-06, -7.0013738e-07,  1.3659783e-07,  2.4497804e-06],
       [ 9.2513001e-06,  3.1102090e-06,  2.6122261e-06, -7.2863177e-06]],
      dtype=float32)]
2025-04-27 15:57:29,957 - node - INFO - (evaluate) node 2 , the received parameters are : [array([0.], dtype=float32), array([[-6.7604178e-06,  2.7760798e-06, -2.0936905e-05, -1.0063683e-05],
       [ 2.1798453e-06,  2.7442284e-06,  2.9879993e-06,  2.8666059e-06],
       [-1.9898647e-05,  9.0440644e-06, -1.4629057e-05,  9.0630929e-06],
       ...,
       [ 0.0000000e+00,  0.0000000e+00,  0.0000000e+00,  0.0000000e+00],
       [-1.0483445e-06,  4.7647956e-07, -7.7072059e-07,  4.7748188e-07],
       [ 2.3880677e-06, -9.8062981e-07,  7.3958076e-06,  3.5549212e-06]],
      dtype=float32), array([[-2.6189648e-05, -8.8047382e-06, -7.3949909e-06,  2.0626949e-05],
       [ 1.0431866e-05,  1.4423392e-06,  1.0356298e-06, -1.2965338e-05],
       [-4.5034412e-05, -1.3289318e-05,  2.5927679e-06,  4.6499321e-05],
       ...,
       [ 0.0000000e+00,  0.0000000e+00,  0.0000000e+00,  0.0000000e+00],
       [-2.3726027e-06, -7.0013738e-07,  1.3659783e-07,  2.4497804e-06],
       [ 9.2513001e-06,  3.1102090e-06,  2.6122261e-06, -7.2863177e-06]],
      dtype=float32)]
2025-04-27 15:57:29,959 - flwr - INFO - Sent reply
2025-04-27 15:57:29,959 - flwr - INFO - Sent reply
2025-04-27 15:57:29,965 - flwr - INFO - 
2025-04-27 15:57:29,966 - flwr - INFO - Received: train message 4091e1a3-c287-42dd-8509-7a57ff02383f
2025-04-27 15:57:29,967 - flwr - INFO - 
2025-04-27 15:57:29,968 - flwr - INFO - Received: train message 1aa199a9-3c5c-4a13-adba-dcf7799c1436
2025-04-27 15:57:29,971 - node - INFO - (fit function) node 2 , the received parameters are : [array([0.], dtype=float32), array([[-6.7604178e-06,  2.7760798e-06, -2.0936905e-05, -1.0063683e-05],
       [ 2.1798453e-06,  2.7442284e-06,  2.9879993e-06,  2.8666059e-06],
       [-1.9898647e-05,  9.0440644e-06, -1.4629057e-05,  9.0630929e-06],
       ...,
       [ 0.0000000e+00,  0.0000000e+00,  0.0000000e+00,  0.0000000e+00],
       [-1.0483445e-06,  4.7647956e-07, -7.7072059e-07,  4.7748188e-07],
       [ 2.3880677e-06, -9.8062981e-07,  7.3958076e-06,  3.5549212e-06]],
      dtype=float32), array([[-2.6189648e-05, -8.8047382e-06, -7.3949909e-06,  2.0626949e-05],
       [ 1.0431866e-05,  1.4423392e-06,  1.0356298e-06, -1.2965338e-05],
       [-4.5034412e-05, -1.3289318e-05,  2.5927679e-06,  4.6499321e-05],
       ...,
       [ 0.0000000e+00,  0.0000000e+00,  0.0000000e+00,  0.0000000e+00],
       [-2.3726027e-06, -7.0013738e-07,  1.3659783e-07,  2.4497804e-06],
       [ 9.2513001e-06,  3.1102090e-06,  2.6122261e-06, -7.2863177e-06]],
      dtype=float32)] 
2025-04-27 15:57:29,972 - node - INFO - (fit function) node 1 , the received parameters are : [array([0.], dtype=float32), array([[-6.7604178e-06,  2.7760798e-06, -2.0936905e-05, -1.0063683e-05],
       [ 2.1798453e-06,  2.7442284e-06,  2.9879993e-06,  2.8666059e-06],
       [-1.9898647e-05,  9.0440644e-06, -1.4629057e-05,  9.0630929e-06],
       ...,
       [ 0.0000000e+00,  0.0000000e+00,  0.0000000e+00,  0.0000000e+00],
       [-1.0483445e-06,  4.7647956e-07, -7.7072059e-07,  4.7748188e-07],
       [ 2.3880677e-06, -9.8062981e-07,  7.3958076e-06,  3.5549212e-06]],
      dtype=float32), array([[-2.6189648e-05, -8.8047382e-06, -7.3949909e-06,  2.0626949e-05],
       [ 1.0431866e-05,  1.4423392e-06,  1.0356298e-06, -1.2965338e-05],
       [-4.5034412e-05, -1.3289318e-05,  2.5927679e-06,  4.6499321e-05],
       ...,
       [ 0.0000000e+00,  0.0000000e+00,  0.0000000e+00,  0.0000000e+00],
       [-2.3726027e-06, -7.0013738e-07,  1.3659783e-07,  2.4497804e-06],
       [ 9.2513001e-06,  3.1102090e-06,  2.6122261e-06, -7.2863177e-06]],
      dtype=float32)] 
2025-04-27 15:57:29,973 - node - INFO - the sent embedding from node 2 is : [array([[0.13395026, 0.        , 0.        , 0.21994674],
       [0.13395026, 0.        , 0.        , 0.21994674],
       [0.        , 0.        , 0.        , 0.05796384],
       ...,
       [0.        , 0.        , 0.        , 0.        ],
       [0.        , 0.        , 0.        , 0.05796384],
       [0.15602662, 0.        , 0.        , 0.20051834]], dtype=float32)]
2025-04-27 15:57:29,974 - node - INFO - the sent embedding from node 1 is : [array([[0.        , 0.4125777 , 0.17630126, 0.35597754],
       [0.        , 0.620097  , 1.01732   , 0.17991862],
       [0.        , 0.54075134, 0.695754  , 0.24723525],
       ...,
       [0.        , 0.34543914, 0.        , 0.41293776],
       [0.        , 0.54685485, 0.7204898 , 0.24205706],
       [0.        , 0.23599976, 0.        , 0.49069133]], dtype=float32)]
2025-04-27 15:57:29,974 - flwr - INFO - Sent reply
2025-04-27 15:57:29,975 - flwr - INFO - Sent reply
2025-04-27 15:57:30,015 - flwr - INFO - 
2025-04-27 15:57:30,015 - flwr - INFO - 
2025-04-27 15:57:30,016 - flwr - INFO - Received: evaluate message 294cb8ef-f595-4c4e-943c-1bf6703197a6
2025-04-27 15:57:30,016 - flwr - INFO - Received: evaluate message dc67708e-85ae-4fea-b37d-9fad0e4b512a
2025-04-27 15:57:30,019 - node - INFO - (evaluate) node 2 , the received parameters are : [array([0.], dtype=float32), array([[-6.7778738e-06,  2.7832448e-06, -2.0990963e-05, -1.0089668e-05],
       [ 2.1611395e-06,  2.7206795e-06,  2.9623591e-06,  2.8420077e-06],
       [-1.9926225e-05,  9.0565991e-06, -1.4649337e-05,  9.0756475e-06],
       ...,
       [ 0.0000000e+00,  0.0000000e+00,  0.0000000e+00,  0.0000000e+00],
       [-1.0761082e-06,  4.8909823e-07, -7.9113204e-07,  4.9012692e-07],
       [ 2.3750638e-06, -9.7528903e-07,  7.3555334e-06,  3.5355638e-06]],
      dtype=float32), array([[-2.6257265e-05, -8.8274719e-06, -7.4140835e-06,  2.0680205e-05],
       [ 1.0342347e-05,  1.4299628e-06,  1.0267431e-06, -1.2854080e-05],
       [-4.5096829e-05, -1.3307739e-05,  2.5963591e-06,  4.6563771e-05],
       ...,
       [ 0.0000000e+00,  0.0000000e+00,  0.0000000e+00,  0.0000000e+00],
       [-2.4354372e-06, -7.1867942e-07,  1.4021529e-07,  2.5146587e-06],
       [ 9.2009213e-06,  3.0932724e-06,  2.5980009e-06, -7.2466396e-06]],
      dtype=float32)]
2025-04-27 15:57:30,020 - node - INFO - (evaluate) node 1 , the received parameters are : [array([0.], dtype=float32), array([[-6.7778738e-06,  2.7832448e-06, -2.0990963e-05, -1.0089668e-05],
       [ 2.1611395e-06,  2.7206795e-06,  2.9623591e-06,  2.8420077e-06],
       [-1.9926225e-05,  9.0565991e-06, -1.4649337e-05,  9.0756475e-06],
       ...,
       [ 0.0000000e+00,  0.0000000e+00,  0.0000000e+00,  0.0000000e+00],
       [-1.0761082e-06,  4.8909823e-07, -7.9113204e-07,  4.9012692e-07],
       [ 2.3750638e-06, -9.7528903e-07,  7.3555334e-06,  3.5355638e-06]],
      dtype=float32), array([[-2.6257265e-05, -8.8274719e-06, -7.4140835e-06,  2.0680205e-05],
       [ 1.0342347e-05,  1.4299628e-06,  1.0267431e-06, -1.2854080e-05],
       [-4.5096829e-05, -1.3307739e-05,  2.5963591e-06,  4.6563771e-05],
       ...,
       [ 0.0000000e+00,  0.0000000e+00,  0.0000000e+00,  0.0000000e+00],
       [-2.4354372e-06, -7.1867942e-07,  1.4021529e-07,  2.5146587e-06],
       [ 9.2009213e-06,  3.0932724e-06,  2.5980009e-06, -7.2466396e-06]],
      dtype=float32)]
2025-04-27 15:57:30,022 - flwr - INFO - Sent reply
2025-04-27 15:57:30,024 - flwr - INFO - Sent reply
2025-04-27 15:57:30,029 - flwr - INFO - 
2025-04-27 15:57:30,030 - flwr - INFO - Received: train message 8a0d4e55-63b8-4852-857a-85d67bf5c71c
2025-04-27 15:57:30,030 - flwr - INFO - 
2025-04-27 15:57:30,031 - flwr - INFO - Received: train message 1b8f2894-e525-4e69-a4d5-3928ba7a105e
2025-04-27 15:57:30,032 - node - INFO - (fit function) node 1 , the received parameters are : [array([0.], dtype=float32), array([[-6.7778738e-06,  2.7832448e-06, -2.0990963e-05, -1.0089668e-05],
       [ 2.1611395e-06,  2.7206795e-06,  2.9623591e-06,  2.8420077e-06],
       [-1.9926225e-05,  9.0565991e-06, -1.4649337e-05,  9.0756475e-06],
       ...,
       [ 0.0000000e+00,  0.0000000e+00,  0.0000000e+00,  0.0000000e+00],
       [-1.0761082e-06,  4.8909823e-07, -7.9113204e-07,  4.9012692e-07],
       [ 2.3750638e-06, -9.7528903e-07,  7.3555334e-06,  3.5355638e-06]],
      dtype=float32), array([[-2.6257265e-05, -8.8274719e-06, -7.4140835e-06,  2.0680205e-05],
       [ 1.0342347e-05,  1.4299628e-06,  1.0267431e-06, -1.2854080e-05],
       [-4.5096829e-05, -1.3307739e-05,  2.5963591e-06,  4.6563771e-05],
       ...,
       [ 0.0000000e+00,  0.0000000e+00,  0.0000000e+00,  0.0000000e+00],
       [-2.4354372e-06, -7.1867942e-07,  1.4021529e-07,  2.5146587e-06],
       [ 9.2009213e-06,  3.0932724e-06,  2.5980009e-06, -7.2466396e-06]],
      dtype=float32)] 
2025-04-27 15:57:30,033 - node - INFO - (fit function) node 2 , the received parameters are : [array([0.], dtype=float32), array([[-6.7778738e-06,  2.7832448e-06, -2.0990963e-05, -1.0089668e-05],
       [ 2.1611395e-06,  2.7206795e-06,  2.9623591e-06,  2.8420077e-06],
       [-1.9926225e-05,  9.0565991e-06, -1.4649337e-05,  9.0756475e-06],
       ...,
       [ 0.0000000e+00,  0.0000000e+00,  0.0000000e+00,  0.0000000e+00],
       [-1.0761082e-06,  4.8909823e-07, -7.9113204e-07,  4.9012692e-07],
       [ 2.3750638e-06, -9.7528903e-07,  7.3555334e-06,  3.5355638e-06]],
      dtype=float32), array([[-2.6257265e-05, -8.8274719e-06, -7.4140835e-06,  2.0680205e-05],
       [ 1.0342347e-05,  1.4299628e-06,  1.0267431e-06, -1.2854080e-05],
       [-4.5096829e-05, -1.3307739e-05,  2.5963591e-06,  4.6563771e-05],
       ...,
       [ 0.0000000e+00,  0.0000000e+00,  0.0000000e+00,  0.0000000e+00],
       [-2.4354372e-06, -7.1867942e-07,  1.4021529e-07,  2.5146587e-06],
       [ 9.2009213e-06,  3.0932724e-06,  2.5980009e-06, -7.2466396e-06]],
      dtype=float32)] 
2025-04-27 15:57:30,034 - node - INFO - the sent embedding from node 1 is : [array([[0.        , 0.43777648, 0.16272584, 0.32949832],
       [0.        , 0.6255381 , 0.98406875, 0.17325997],
       [0.        , 0.55374694, 0.6700258 , 0.23299816],
       ...,
       [0.        , 0.37703004, 0.        , 0.380046  ],
       [0.        , 0.5592693 , 0.694183  , 0.22840293],
       [0.        , 0.2528515 , 0.        , 0.47294688]], dtype=float32)]
2025-04-27 15:57:30,034 - node - INFO - the sent embedding from node 2 is : [array([[0.11400659, 0.        , 0.        , 0.23988973],
       [0.11400659, 0.        , 0.        , 0.23988973],
       [0.        , 0.        , 0.        , 0.07791644],
       ...,
       [0.        , 0.        , 0.        , 0.        ],
       [0.        , 0.        , 0.        , 0.07791644],
       [0.13611314, 0.        , 0.        , 0.22043249]], dtype=float32)]
2025-04-27 15:57:30,035 - flwr - INFO - Sent reply
2025-04-27 15:57:30,037 - flwr - INFO - Sent reply
2025-04-27 15:57:30,073 - flwr - INFO - 
2025-04-27 15:57:30,073 - flwr - INFO - 
2025-04-27 15:57:30,074 - flwr - INFO - Received: evaluate message bd18d2c0-8dd4-4de1-aa11-f5682eb71edd
2025-04-27 15:57:30,074 - flwr - INFO - Received: evaluate message d259c2e2-4f18-4b8a-9188-012a29ad1be2
2025-04-27 15:57:30,076 - node - INFO - (evaluate) node 1 , the received parameters are : [array([0.], dtype=float32), array([[-6.7953051e-06,  2.7904034e-06, -2.1044949e-05, -1.0115616e-05],
       [ 2.7914343e-06,  2.5732888e-06,  2.2628703e-06,  1.9150114e-06],
       [-6.1745582e-06,  1.4849422e-05, -3.1691699e-05, -3.1886339e-06],
       ...,
       [ 0.0000000e+00,  0.0000000e+00,  0.0000000e+00,  0.0000000e+00],
       [-1.1037459e-06,  5.0165977e-07, -8.1145043e-07,  5.0271512e-07],
       [ 2.3620812e-06, -9.6995791e-07,  7.3153265e-06,  3.5162375e-06]],
      dtype=float32), array([[-2.6324797e-05, -8.8501747e-06, -7.4331519e-06,  2.0733392e-05],
       [ 1.0475197e-05,  1.7387613e-06,  3.4733068e-07, -1.3306425e-05],
       [-4.2103329e-05, -4.9447081e-06, -1.1972870e-05,  3.2980235e-05],
       ...,
       [ 0.0000000e+00,  0.0000000e+00,  0.0000000e+00,  0.0000000e+00],
       [-2.4979865e-06, -7.3713721e-07,  1.4381661e-07,  2.5792428e-06],
       [ 9.1506272e-06,  3.0763640e-06,  2.5837996e-06, -7.2070279e-06]],
      dtype=float32)]
2025-04-27 15:57:30,076 - node - INFO - (evaluate) node 2 , the received parameters are : [array([0.], dtype=float32), array([[-6.7953051e-06,  2.7904034e-06, -2.1044949e-05, -1.0115616e-05],
       [ 2.7914343e-06,  2.5732888e-06,  2.2628703e-06,  1.9150114e-06],
       [-6.1745582e-06,  1.4849422e-05, -3.1691699e-05, -3.1886339e-06],
       ...,
       [ 0.0000000e+00,  0.0000000e+00,  0.0000000e+00,  0.0000000e+00],
       [-1.1037459e-06,  5.0165977e-07, -8.1145043e-07,  5.0271512e-07],
       [ 2.3620812e-06, -9.6995791e-07,  7.3153265e-06,  3.5162375e-06]],
      dtype=float32), array([[-2.6324797e-05, -8.8501747e-06, -7.4331519e-06,  2.0733392e-05],
       [ 1.0475197e-05,  1.7387613e-06,  3.4733068e-07, -1.3306425e-05],
       [-4.2103329e-05, -4.9447081e-06, -1.1972870e-05,  3.2980235e-05],
       ...,
       [ 0.0000000e+00,  0.0000000e+00,  0.0000000e+00,  0.0000000e+00],
       [-2.4979865e-06, -7.3713721e-07,  1.4381661e-07,  2.5792428e-06],
       [ 9.1506272e-06,  3.0763640e-06,  2.5837996e-06, -7.2070279e-06]],
      dtype=float32)]
2025-04-27 15:57:30,077 - flwr - INFO - Sent reply
2025-04-27 15:57:30,078 - flwr - INFO - Sent reply
2025-04-27 15:57:30,085 - flwr - INFO - 
2025-04-27 15:57:30,086 - flwr - INFO - Received: train message c1416334-af9d-4687-9782-f00dad118af2
2025-04-27 15:57:30,088 - flwr - INFO - 
2025-04-27 15:57:30,089 - node - INFO - (fit function) node 2 , the received parameters are : [array([0.], dtype=float32), array([[-6.7953051e-06,  2.7904034e-06, -2.1044949e-05, -1.0115616e-05],
       [ 2.7914343e-06,  2.5732888e-06,  2.2628703e-06,  1.9150114e-06],
       [-6.1745582e-06,  1.4849422e-05, -3.1691699e-05, -3.1886339e-06],
       ...,
       [ 0.0000000e+00,  0.0000000e+00,  0.0000000e+00,  0.0000000e+00],
       [-1.1037459e-06,  5.0165977e-07, -8.1145043e-07,  5.0271512e-07],
       [ 2.3620812e-06, -9.6995791e-07,  7.3153265e-06,  3.5162375e-06]],
      dtype=float32), array([[-2.6324797e-05, -8.8501747e-06, -7.4331519e-06,  2.0733392e-05],
       [ 1.0475197e-05,  1.7387613e-06,  3.4733068e-07, -1.3306425e-05],
       [-4.2103329e-05, -4.9447081e-06, -1.1972870e-05,  3.2980235e-05],
       ...,
       [ 0.0000000e+00,  0.0000000e+00,  0.0000000e+00,  0.0000000e+00],
       [-2.4979865e-06, -7.3713721e-07,  1.4381661e-07,  2.5792428e-06],
       [ 9.1506272e-06,  3.0763640e-06,  2.5837996e-06, -7.2070279e-06]],
      dtype=float32)] 
2025-04-27 15:57:30,089 - flwr - INFO - Received: train message b0d7904a-e89e-43ce-accb-cda64082c638
2025-04-27 15:57:30,090 - node - INFO - the sent embedding from node 2 is : [array([[0.09411249, 0.        , 0.        , 0.25978738],
       [0.09411249, 0.        , 0.        , 0.25978738],
       [0.        , 0.        , 0.        , 0.09784432],
       ...,
       [0.        , 0.        , 0.        , 0.        ],
       [0.        , 0.        , 0.        , 0.09784432],
       [0.11624403, 0.        , 0.        , 0.24031147]], dtype=float32)]
2025-04-27 15:57:30,091 - node - INFO - (fit function) node 1 , the received parameters are : [array([0.], dtype=float32), array([[-6.7953051e-06,  2.7904034e-06, -2.1044949e-05, -1.0115616e-05],
       [ 2.7914343e-06,  2.5732888e-06,  2.2628703e-06,  1.9150114e-06],
       [-6.1745582e-06,  1.4849422e-05, -3.1691699e-05, -3.1886339e-06],
       ...,
       [ 0.0000000e+00,  0.0000000e+00,  0.0000000e+00,  0.0000000e+00],
       [-1.1037459e-06,  5.0165977e-07, -8.1145043e-07,  5.0271512e-07],
       [ 2.3620812e-06, -9.6995791e-07,  7.3153265e-06,  3.5162375e-06]],
      dtype=float32), array([[-2.6324797e-05, -8.8501747e-06, -7.4331519e-06,  2.0733392e-05],
       [ 1.0475197e-05,  1.7387613e-06,  3.4733068e-07, -1.3306425e-05],
       [-4.2103329e-05, -4.9447081e-06, -1.1972870e-05,  3.2980235e-05],
       ...,
       [ 0.0000000e+00,  0.0000000e+00,  0.0000000e+00,  0.0000000e+00],
       [-2.4979865e-06, -7.3713721e-07,  1.4381661e-07,  2.5792428e-06],
       [ 9.1506272e-06,  3.0763640e-06,  2.5837996e-06, -7.2070279e-06]],
      dtype=float32)] 
2025-04-27 15:57:30,091 - flwr - INFO - Sent reply
2025-04-27 15:57:30,092 - node - INFO - the sent embedding from node 1 is : [array([[0.        , 0.46154147, 0.14912269, 0.30302867],
       [0.        , 0.6294832 , 0.9509192 , 0.16647184],
       [0.        , 0.5652702 , 0.64435   , 0.21868475],
       ...,
       [0.        , 0.4072074 , 0.        , 0.34720883],
       [0.        , 0.5702096 , 0.6679322 , 0.21466836],
       [0.        , 0.26946715, 0.        , 0.45515168]], dtype=float32)]
2025-04-27 15:57:30,093 - flwr - INFO - Sent reply
2025-04-27 15:57:30,127 - flwr - INFO - 
2025-04-27 15:57:30,128 - flwr - INFO - Received: evaluate message 84ae1c2d-ccbd-48f0-95a4-3bcad71364fb
2025-04-27 15:57:30,128 - flwr - INFO - 
2025-04-27 15:57:30,129 - flwr - INFO - Received: evaluate message c203226d-a0b0-48ef-a2e2-1c387a3b86a6
2025-04-27 15:57:30,130 - node - INFO - (evaluate) node 2 , the received parameters are : [array([0.], dtype=float32), array([[-6.8126724e-06,  2.7975357e-06, -2.1098733e-05, -1.0141470e-05],
       [ 2.7674469e-06,  2.5511761e-06,  2.2434244e-06,  1.8985554e-06],
       [-6.1856194e-06,  1.4876022e-05, -3.1748470e-05, -3.1943455e-06],
       ...,
       [ 0.0000000e+00,  0.0000000e+00,  0.0000000e+00,  0.0000000e+00],
       [-3.5098546e-07,  8.4409749e-07, -1.8014766e-06, -1.8125411e-07],
       [ 2.3491209e-06, -9.6463623e-07,  7.2751886e-06,  3.4969446e-06]],
      dtype=float32), array([[-2.6392076e-05, -8.8727938e-06, -7.4521490e-06,  2.0786381e-05],
       [ 1.0385181e-05,  1.7238193e-06,  3.4434566e-07, -1.3192079e-05],
       [-4.2178752e-05, -4.9535656e-06, -1.1994318e-05,  3.3039316e-05],
       ...,
       [ 0.0000000e+00,  0.0000000e+00,  0.0000000e+00,  0.0000000e+00],
       [-2.3933133e-06, -2.8107615e-07, -6.8058347e-07,  1.8747220e-06],
       [ 9.1004194e-06,  3.0594842e-06,  2.5696231e-06, -7.1674849e-06]],
      dtype=float32)]
2025-04-27 15:57:30,131 - node - INFO - (evaluate) node 1 , the received parameters are : [array([0.], dtype=float32), array([[-6.8126724e-06,  2.7975357e-06, -2.1098733e-05, -1.0141470e-05],
       [ 2.7674469e-06,  2.5511761e-06,  2.2434244e-06,  1.8985554e-06],
       [-6.1856194e-06,  1.4876022e-05, -3.1748470e-05, -3.1943455e-06],
       ...,
       [ 0.0000000e+00,  0.0000000e+00,  0.0000000e+00,  0.0000000e+00],
       [-3.5098546e-07,  8.4409749e-07, -1.8014766e-06, -1.8125411e-07],
       [ 2.3491209e-06, -9.6463623e-07,  7.2751886e-06,  3.4969446e-06]],
      dtype=float32), array([[-2.6392076e-05, -8.8727938e-06, -7.4521490e-06,  2.0786381e-05],
       [ 1.0385181e-05,  1.7238193e-06,  3.4434566e-07, -1.3192079e-05],
       [-4.2178752e-05, -4.9535656e-06, -1.1994318e-05,  3.3039316e-05],
       ...,
       [ 0.0000000e+00,  0.0000000e+00,  0.0000000e+00,  0.0000000e+00],
       [-2.3933133e-06, -2.8107615e-07, -6.8058347e-07,  1.8747220e-06],
       [ 9.1004194e-06,  3.0594842e-06,  2.5696231e-06, -7.1674849e-06]],
      dtype=float32)]
2025-04-27 15:57:30,133 - flwr - INFO - Sent reply
2025-04-27 15:57:30,133 - flwr - INFO - Sent reply
2025-04-27 15:57:30,141 - flwr - INFO - 
2025-04-27 15:57:30,141 - flwr - INFO - 
2025-04-27 15:57:30,142 - flwr - INFO - Received: train message f207a76c-88da-4465-b63b-572919a490cf
2025-04-27 15:57:30,142 - flwr - INFO - Received: train message 54444ae0-b39f-42aa-a82f-17593aa5c02f
2025-04-27 15:57:30,144 - node - INFO - (fit function) node 2 , the received parameters are : [array([0.], dtype=float32), array([[-6.8126724e-06,  2.7975357e-06, -2.1098733e-05, -1.0141470e-05],
       [ 2.7674469e-06,  2.5511761e-06,  2.2434244e-06,  1.8985554e-06],
       [-6.1856194e-06,  1.4876022e-05, -3.1748470e-05, -3.1943455e-06],
       ...,
       [ 0.0000000e+00,  0.0000000e+00,  0.0000000e+00,  0.0000000e+00],
       [-3.5098546e-07,  8.4409749e-07, -1.8014766e-06, -1.8125411e-07],
       [ 2.3491209e-06, -9.6463623e-07,  7.2751886e-06,  3.4969446e-06]],
      dtype=float32), array([[-2.6392076e-05, -8.8727938e-06, -7.4521490e-06,  2.0786381e-05],
       [ 1.0385181e-05,  1.7238193e-06,  3.4434566e-07, -1.3192079e-05],
       [-4.2178752e-05, -4.9535656e-06, -1.1994318e-05,  3.3039316e-05],
       ...,
       [ 0.0000000e+00,  0.0000000e+00,  0.0000000e+00,  0.0000000e+00],
       [-2.3933133e-06, -2.8107615e-07, -6.8058347e-07,  1.8747220e-06],
       [ 9.1004194e-06,  3.0594842e-06,  2.5696231e-06, -7.1674849e-06]],
      dtype=float32)] 
2025-04-27 15:57:30,144 - node - INFO - (fit function) node 1 , the received parameters are : [array([0.], dtype=float32), array([[-6.8126724e-06,  2.7975357e-06, -2.1098733e-05, -1.0141470e-05],
       [ 2.7674469e-06,  2.5511761e-06,  2.2434244e-06,  1.8985554e-06],
       [-6.1856194e-06,  1.4876022e-05, -3.1748470e-05, -3.1943455e-06],
       ...,
       [ 0.0000000e+00,  0.0000000e+00,  0.0000000e+00,  0.0000000e+00],
       [-3.5098546e-07,  8.4409749e-07, -1.8014766e-06, -1.8125411e-07],
       [ 2.3491209e-06, -9.6463623e-07,  7.2751886e-06,  3.4969446e-06]],
      dtype=float32), array([[-2.6392076e-05, -8.8727938e-06, -7.4521490e-06,  2.0786381e-05],
       [ 1.0385181e-05,  1.7238193e-06,  3.4434566e-07, -1.3192079e-05],
       [-4.2178752e-05, -4.9535656e-06, -1.1994318e-05,  3.3039316e-05],
       ...,
       [ 0.0000000e+00,  0.0000000e+00,  0.0000000e+00,  0.0000000e+00],
       [-2.3933133e-06, -2.8107615e-07, -6.8058347e-07,  1.8747220e-06],
       [ 9.1004194e-06,  3.0594842e-06,  2.5696231e-06, -7.1674849e-06]],
      dtype=float32)] 
2025-04-27 15:57:30,145 - node - INFO - the sent embedding from node 2 is : [array([[0.07426362, 0.        , 0.        , 0.27964798],
       [0.07426362, 0.        , 0.        , 0.27964798],
       [0.        , 0.        , 0.        , 0.11773151],
       ...,
       [0.        , 0.        , 0.        , 0.        ],
       [0.        , 0.        , 0.        , 0.11773151],
       [0.09642623, 0.        , 0.        , 0.26014602]], dtype=float32)]
2025-04-27 15:57:30,145 - node - INFO - the sent embedding from node 1 is : [array([[0.        , 0.48308712, 0.13547705, 0.27651492],
       [0.        , 0.63115585, 0.9181061 , 0.15953621],
       [0.        , 0.57454133, 0.6188656 , 0.20426336],
       ...,
       [0.        , 0.4351825 , 0.        , 0.31436095],
       [0.        , 0.5788963 , 0.6418841 , 0.20082282],
       [0.        , 0.285789  , 0.        , 0.43731642]], dtype=float32)]
2025-04-27 15:57:30,146 - flwr - INFO - Sent reply
2025-04-27 15:57:30,146 - flwr - INFO - Sent reply
2025-04-27 15:57:30,182 - flwr - INFO - 
2025-04-27 15:57:30,182 - flwr - INFO - Received: evaluate message e3ff4a22-aa3c-4a11-9a27-63a34fd44898
2025-04-27 15:57:30,182 - flwr - INFO - 
2025-04-27 15:57:30,183 - flwr - INFO - Received: evaluate message 50ccb730-5b75-4602-9601-f2b4f09909d3
2025-04-27 15:57:30,186 - node - INFO - (evaluate) node 2 , the received parameters are : [array([0.], dtype=float32), array([[-6.8299623e-06,  2.8046379e-06, -2.1152284e-05, -1.0167207e-05],
       [ 2.7432675e-06,  2.5288862e-06,  2.2238241e-06,  1.8819671e-06],
       [-6.1964165e-06,  1.4901985e-05, -3.1803880e-05, -3.1999225e-06],
       ...,
       [ 0.0000000e+00,  0.0000000e+00,  0.0000000e+00,  0.0000000e+00],
       [-3.6182888e-07,  8.7017560e-07, -1.8571322e-06, -1.8685364e-07],
       [ 2.3361911e-06, -9.5932660e-07,  7.2351459e-06,  3.4776974e-06]],
      dtype=float32), array([[-2.6459060e-05, -8.8953111e-06, -7.4710633e-06,  2.0839139e-05],
       [ 1.0294445e-05,  1.7087578e-06,  3.4133728e-07, -1.3076820e-05],
       [-4.2252366e-05, -4.9622131e-06, -1.2015252e-05,  3.3096978e-05],
       ...,
       [ 0.0000000e+00,  0.0000000e+00,  0.0000000e+00,  0.0000000e+00],
       [-2.4672536e-06, -2.8975961e-07, -7.0160974e-07,  1.9326405e-06],
       [ 9.0503299e-06,  3.0426449e-06,  2.5554796e-06, -7.1280338e-06]],
      dtype=float32)]
2025-04-27 15:57:30,187 - node - INFO - (evaluate) node 1 , the received parameters are : [array([0.], dtype=float32), array([[-6.8299623e-06,  2.8046379e-06, -2.1152284e-05, -1.0167207e-05],
       [ 2.7432675e-06,  2.5288862e-06,  2.2238241e-06,  1.8819671e-06],
       [-6.1964165e-06,  1.4901985e-05, -3.1803880e-05, -3.1999225e-06],
       ...,
       [ 0.0000000e+00,  0.0000000e+00,  0.0000000e+00,  0.0000000e+00],
       [-3.6182888e-07,  8.7017560e-07, -1.8571322e-06, -1.8685364e-07],
       [ 2.3361911e-06, -9.5932660e-07,  7.2351459e-06,  3.4776974e-06]],
      dtype=float32), array([[-2.6459060e-05, -8.8953111e-06, -7.4710633e-06,  2.0839139e-05],
       [ 1.0294445e-05,  1.7087578e-06,  3.4133728e-07, -1.3076820e-05],
       [-4.2252366e-05, -4.9622131e-06, -1.2015252e-05,  3.3096978e-05],
       ...,
       [ 0.0000000e+00,  0.0000000e+00,  0.0000000e+00,  0.0000000e+00],
       [-2.4672536e-06, -2.8975961e-07, -7.0160974e-07,  1.9326405e-06],
       [ 9.0503299e-06,  3.0426449e-06,  2.5554796e-06, -7.1280338e-06]],
      dtype=float32)]
2025-04-27 15:57:30,189 - flwr - INFO - Sent reply
2025-04-27 15:57:30,190 - flwr - INFO - Sent reply
2025-04-27 15:57:30,195 - flwr - INFO - 
2025-04-27 15:57:30,195 - flwr - INFO - Received: train message c086b022-982f-4af9-8585-4fa399967099
2025-04-27 15:57:30,196 - flwr - INFO - 
2025-04-27 15:57:30,196 - flwr - INFO - Received: train message 273ba68b-dadb-4d7c-85c1-5a44ba33cea1
2025-04-27 15:57:30,198 - node - INFO - (fit function) node 2 , the received parameters are : [array([0.], dtype=float32), array([[-6.8299623e-06,  2.8046379e-06, -2.1152284e-05, -1.0167207e-05],
       [ 2.7432675e-06,  2.5288862e-06,  2.2238241e-06,  1.8819671e-06],
       [-6.1964165e-06,  1.4901985e-05, -3.1803880e-05, -3.1999225e-06],
       ...,
       [ 0.0000000e+00,  0.0000000e+00,  0.0000000e+00,  0.0000000e+00],
       [-3.6182888e-07,  8.7017560e-07, -1.8571322e-06, -1.8685364e-07],
       [ 2.3361911e-06, -9.5932660e-07,  7.2351459e-06,  3.4776974e-06]],
      dtype=float32), array([[-2.6459060e-05, -8.8953111e-06, -7.4710633e-06,  2.0839139e-05],
       [ 1.0294445e-05,  1.7087578e-06,  3.4133728e-07, -1.3076820e-05],
       [-4.2252366e-05, -4.9622131e-06, -1.2015252e-05,  3.3096978e-05],
       ...,
       [ 0.0000000e+00,  0.0000000e+00,  0.0000000e+00,  0.0000000e+00],
       [-2.4672536e-06, -2.8975961e-07, -7.0160974e-07,  1.9326405e-06],
       [ 9.0503299e-06,  3.0426449e-06,  2.5554796e-06, -7.1280338e-06]],
      dtype=float32)] 
2025-04-27 15:57:30,198 - node - INFO - (fit function) node 1 , the received parameters are : [array([0.], dtype=float32), array([[-6.8299623e-06,  2.8046379e-06, -2.1152284e-05, -1.0167207e-05],
       [ 2.7432675e-06,  2.5288862e-06,  2.2238241e-06,  1.8819671e-06],
       [-6.1964165e-06,  1.4901985e-05, -3.1803880e-05, -3.1999225e-06],
       ...,
       [ 0.0000000e+00,  0.0000000e+00,  0.0000000e+00,  0.0000000e+00],
       [-3.6182888e-07,  8.7017560e-07, -1.8571322e-06, -1.8685364e-07],
       [ 2.3361911e-06, -9.5932660e-07,  7.2351459e-06,  3.4776974e-06]],
      dtype=float32), array([[-2.6459060e-05, -8.8953111e-06, -7.4710633e-06,  2.0839139e-05],
       [ 1.0294445e-05,  1.7087578e-06,  3.4133728e-07, -1.3076820e-05],
       [-4.2252366e-05, -4.9622131e-06, -1.2015252e-05,  3.3096978e-05],
       ...,
       [ 0.0000000e+00,  0.0000000e+00,  0.0000000e+00,  0.0000000e+00],
       [-2.4672536e-06, -2.8975961e-07, -7.0160974e-07,  1.9326405e-06],
       [ 9.0503299e-06,  3.0426449e-06,  2.5554796e-06, -7.1280338e-06]],
      dtype=float32)] 
2025-04-27 15:57:30,199 - node - INFO - the sent embedding from node 2 is : [array([[5.4449383e-02, 0.0000000e+00, 0.0000000e+00, 2.9947859e-01],
       [5.4449383e-02, 0.0000000e+00, 0.0000000e+00, 2.9947859e-01],
       [0.0000000e+00, 0.0000000e+00, 0.0000000e+00, 1.3757709e-01],
       ...,
       [0.0000000e+00, 0.0000000e+00, 0.0000000e+00, 1.2490153e-04],
       [0.0000000e+00, 0.0000000e+00, 0.0000000e+00, 1.3757709e-01],
       [7.6640457e-02, 0.0000000e+00, 0.0000000e+00, 2.7995610e-01]],
      dtype=float32)]
2025-04-27 15:57:30,200 - node - INFO - the sent embedding from node 1 is : [array([[0.        , 0.5031202 , 0.12173906, 0.24992469],
       [0.        , 0.63129795, 0.8857886 , 0.15257451],
       [0.        , 0.5822888 , 0.59365195, 0.18979664],
       ...,
       [0.        , 0.46165085, 0.        , 0.28142035],
       [0.        , 0.58605874, 0.61612403, 0.1869334 ],
       [0.        , 0.3019451 , 0.        , 0.4194768 ]], dtype=float32)]
2025-04-27 15:57:30,200 - flwr - INFO - Sent reply
2025-04-27 15:57:30,202 - flwr - INFO - Sent reply
2025-04-27 15:57:30,234 - flwr - INFO - 
2025-04-27 15:57:30,235 - flwr - INFO - Received: evaluate message 55b3d78b-79f6-4d27-958d-6ee7e9fcdc84
2025-04-27 15:57:30,237 - flwr - INFO - 
2025-04-27 15:57:30,238 - flwr - INFO - Received: evaluate message 1e27b552-2c41-4e4a-8826-b9383a9ab2ac
2025-04-27 15:57:30,238 - node - INFO - (evaluate) node 1 , the received parameters are : [array([0.], dtype=float32), array([[-6.8472204e-06,  2.8117233e-06, -2.1205731e-05, -1.0192898e-05],
       [ 2.7189969e-06,  2.5065126e-06,  2.2041481e-06,  1.8653170e-06],
       [-6.2069967e-06,  1.4927438e-05, -3.1858195e-05, -3.2053831e-06],
       ...,
       [ 0.0000000e+00,  0.0000000e+00,  0.0000000e+00,  0.0000000e+00],
       [-3.7245604e-07,  8.9573319e-07, -1.9116774e-06, -1.9234176e-07],
       [ 2.3232806e-06, -9.5402561e-07,  7.1951622e-06,  3.4584780e-06]],
      dtype=float32), array([[-2.65259150e-05, -8.91778927e-06, -7.48994080e-06,
         2.08917954e-05],
       [ 1.02033655e-05,  1.69364046e-06,  3.38317022e-07,
        -1.29611235e-05],
       [-4.23245256e-05, -4.97068413e-06, -1.20357727e-05,
         3.31535048e-05],
       ...,
       [ 0.00000000e+00,  0.00000000e+00,  0.00000000e+00,
         0.00000000e+00],
       [-2.53971825e-06, -2.98270152e-07, -7.22216441e-07,
         1.98940324e-06],
       [ 9.00031591e-06,  3.02583021e-06,  2.54135739e-06,
        -7.08864263e-06]], dtype=float32)]
2025-04-27 15:57:30,240 - node - INFO - (evaluate) node 2 , the received parameters are : [array([0.], dtype=float32), array([[-6.8472204e-06,  2.8117233e-06, -2.1205731e-05, -1.0192898e-05],
       [ 2.7189969e-06,  2.5065126e-06,  2.2041481e-06,  1.8653170e-06],
       [-6.2069967e-06,  1.4927438e-05, -3.1858195e-05, -3.2053831e-06],
       ...,
       [ 0.0000000e+00,  0.0000000e+00,  0.0000000e+00,  0.0000000e+00],
       [-3.7245604e-07,  8.9573319e-07, -1.9116774e-06, -1.9234176e-07],
       [ 2.3232806e-06, -9.5402561e-07,  7.1951622e-06,  3.4584780e-06]],
      dtype=float32), array([[-2.65259150e-05, -8.91778927e-06, -7.48994080e-06,
         2.08917954e-05],
       [ 1.02033655e-05,  1.69364046e-06,  3.38317022e-07,
        -1.29611235e-05],
       [-4.23245256e-05, -4.97068413e-06, -1.20357727e-05,
         3.31535048e-05],
       ...,
       [ 0.00000000e+00,  0.00000000e+00,  0.00000000e+00,
         0.00000000e+00],
       [-2.53971825e-06, -2.98270152e-07, -7.22216441e-07,
         1.98940324e-06],
       [ 9.00031591e-06,  3.02583021e-06,  2.54135739e-06,
        -7.08864263e-06]], dtype=float32)]
2025-04-27 15:57:30,240 - flwr - INFO - Sent reply
2025-04-27 15:57:30,242 - flwr - INFO - Sent reply
2025-04-27 15:57:30,247 - flwr - INFO - 
2025-04-27 15:57:30,248 - flwr - INFO - Received: train message ee6564ad-1adb-4a4b-8c80-f2b4183d7766
2025-04-27 15:57:30,248 - flwr - INFO - 
2025-04-27 15:57:30,249 - flwr - INFO - Received: train message 0e7ab83a-79ee-49bf-8ced-ca3e118eb0c9
2025-04-27 15:57:30,251 - node - INFO - (fit function) node 1 , the received parameters are : [array([0.], dtype=float32), array([[-6.8472204e-06,  2.8117233e-06, -2.1205731e-05, -1.0192898e-05],
       [ 2.7189969e-06,  2.5065126e-06,  2.2041481e-06,  1.8653170e-06],
       [-6.2069967e-06,  1.4927438e-05, -3.1858195e-05, -3.2053831e-06],
       ...,
       [ 0.0000000e+00,  0.0000000e+00,  0.0000000e+00,  0.0000000e+00],
       [-3.7245604e-07,  8.9573319e-07, -1.9116774e-06, -1.9234176e-07],
       [ 2.3232806e-06, -9.5402561e-07,  7.1951622e-06,  3.4584780e-06]],
      dtype=float32), array([[-2.65259150e-05, -8.91778927e-06, -7.48994080e-06,
         2.08917954e-05],
       [ 1.02033655e-05,  1.69364046e-06,  3.38317022e-07,
        -1.29611235e-05],
       [-4.23245256e-05, -4.97068413e-06, -1.20357727e-05,
         3.31535048e-05],
       ...,
       [ 0.00000000e+00,  0.00000000e+00,  0.00000000e+00,
         0.00000000e+00],
       [-2.53971825e-06, -2.98270152e-07, -7.22216441e-07,
         1.98940324e-06],
       [ 9.00031591e-06,  3.02583021e-06,  2.54135739e-06,
        -7.08864263e-06]], dtype=float32)] 
2025-04-27 15:57:30,253 - node - INFO - the sent embedding from node 1 is : [array([[0.        , 0.5220746 , 0.10785997, 0.22327228],
       [0.        , 0.63035053, 0.8540431 , 0.14563224],
       [0.        , 0.5889509 , 0.56873775, 0.17531814],
       ...,
       [0.        , 0.4870441 , 0.        , 0.24839112],
       [0.        , 0.5921355 , 0.5906844 , 0.17303461],
       [0.        , 0.31800187, 0.        , 0.40164745]], dtype=float32)]
2025-04-27 15:57:30,253 - node - INFO - (fit function) node 2 , the received parameters are : [array([0.], dtype=float32), array([[-6.8472204e-06,  2.8117233e-06, -2.1205731e-05, -1.0192898e-05],
       [ 2.7189969e-06,  2.5065126e-06,  2.2041481e-06,  1.8653170e-06],
       [-6.2069967e-06,  1.4927438e-05, -3.1858195e-05, -3.2053831e-06],
       ...,
       [ 0.0000000e+00,  0.0000000e+00,  0.0000000e+00,  0.0000000e+00],
       [-3.7245604e-07,  8.9573319e-07, -1.9116774e-06, -1.9234176e-07],
       [ 2.3232806e-06, -9.5402561e-07,  7.1951622e-06,  3.4584780e-06]],
      dtype=float32), array([[-2.65259150e-05, -8.91778927e-06, -7.48994080e-06,
         2.08917954e-05],
       [ 1.02033655e-05,  1.69364046e-06,  3.38317022e-07,
        -1.29611235e-05],
       [-4.23245256e-05, -4.97068413e-06, -1.20357727e-05,
         3.31535048e-05],
       ...,
       [ 0.00000000e+00,  0.00000000e+00,  0.00000000e+00,
         0.00000000e+00],
       [-2.53971825e-06, -2.98270152e-07, -7.22216441e-07,
         1.98940324e-06],
       [ 9.00031591e-06,  3.02583021e-06,  2.54135739e-06,
        -7.08864263e-06]], dtype=float32)] 
2025-04-27 15:57:30,255 - flwr - INFO - Sent reply
2025-04-27 15:57:30,255 - node - INFO - the sent embedding from node 2 is : [array([[0.0346678 , 0.        , 0.        , 0.31928283],
       [0.0346678 , 0.        , 0.        , 0.31928283],
       [0.        , 0.        , 0.        , 0.15739629],
       ...,
       [0.        , 0.        , 0.        , 0.0151003 ],
       [0.        , 0.        , 0.        , 0.15739629],
       [0.05688293, 0.        , 0.        , 0.29974705]], dtype=float32)]
2025-04-27 15:57:30,256 - flwr - INFO - Sent reply
2025-04-27 15:57:30,290 - flwr - INFO - 
2025-04-27 15:57:30,291 - flwr - INFO - Received: evaluate message 60971a1e-ba9a-4f4e-919b-8919ab81f399
2025-04-27 15:57:30,291 - flwr - INFO - 
2025-04-27 15:57:30,292 - flwr - INFO - Received: evaluate message 96564b17-f5e1-45a4-97d7-6023bee990a5
2025-04-27 15:57:30,293 - node - INFO - (evaluate) node 1 , the received parameters are : [array([0.], dtype=float32), array([[-6.8644686e-06,  2.8188038e-06, -2.1259148e-05, -1.0218575e-05],
       [ 2.6946923e-06,  2.4841070e-06,  2.1844460e-06,  1.8486439e-06],
       [-8.5098973e-06,  3.4944810e-06, -2.6355014e-05, -1.2667990e-05],
       ...,
       [ 0.0000000e+00,  0.0000000e+00,  0.0000000e+00,  0.0000000e+00],
       [-3.8290565e-07,  9.2086373e-07, -1.9653114e-06, -1.9773813e-07],
       [ 2.3103873e-06, -9.4873076e-07,  7.1552322e-06,  3.4392856e-06]],
      dtype=float32), array([[-2.65927338e-05, -8.94025470e-06, -7.50880736e-06,
         2.09444188e-05],
       [ 1.01121595e-05,  1.67850112e-06,  3.35293066e-07,
        -1.28452657e-05],
       [-3.29670765e-05, -1.10832525e-05, -9.30868737e-06,
         2.59648459e-05],
       ...,
       [ 0.00000000e+00,  0.00000000e+00,  0.00000000e+00,
         0.00000000e+00],
       [-2.61097239e-06, -3.06638469e-07, -7.42478960e-07,
         2.04521803e-06],
       [ 8.95036737e-06,  3.00903866e-06,  2.52725386e-06,
        -7.04930335e-06]], dtype=float32)]
2025-04-27 15:57:30,294 - node - INFO - (evaluate) node 2 , the received parameters are : [array([0.], dtype=float32), array([[-6.8644686e-06,  2.8188038e-06, -2.1259148e-05, -1.0218575e-05],
       [ 2.6946923e-06,  2.4841070e-06,  2.1844460e-06,  1.8486439e-06],
       [-8.5098973e-06,  3.4944810e-06, -2.6355014e-05, -1.2667990e-05],
       ...,
       [ 0.0000000e+00,  0.0000000e+00,  0.0000000e+00,  0.0000000e+00],
       [-3.8290565e-07,  9.2086373e-07, -1.9653114e-06, -1.9773813e-07],
       [ 2.3103873e-06, -9.4873076e-07,  7.1552322e-06,  3.4392856e-06]],
      dtype=float32), array([[-2.65927338e-05, -8.94025470e-06, -7.50880736e-06,
         2.09444188e-05],
       [ 1.01121595e-05,  1.67850112e-06,  3.35293066e-07,
        -1.28452657e-05],
       [-3.29670765e-05, -1.10832525e-05, -9.30868737e-06,
         2.59648459e-05],
       ...,
       [ 0.00000000e+00,  0.00000000e+00,  0.00000000e+00,
         0.00000000e+00],
       [-2.61097239e-06, -3.06638469e-07, -7.42478960e-07,
         2.04521803e-06],
       [ 8.95036737e-06,  3.00903866e-06,  2.52725386e-06,
        -7.04930335e-06]], dtype=float32)]
2025-04-27 15:57:30,295 - flwr - INFO - Sent reply
2025-04-27 15:57:30,296 - flwr - INFO - Sent reply
2025-04-27 15:57:30,305 - flwr - INFO - 
2025-04-27 15:57:30,306 - flwr - INFO - Received: train message fa337966-8b0d-4627-9a2d-4bcf81910695
2025-04-27 15:57:30,306 - flwr - INFO - 
2025-04-27 15:57:30,306 - flwr - INFO - Received: train message a69c4393-ab87-4b1f-b32f-55b4fc0b5666
2025-04-27 15:57:30,308 - node - INFO - (fit function) node 1 , the received parameters are : [array([0.], dtype=float32), array([[-6.8644686e-06,  2.8188038e-06, -2.1259148e-05, -1.0218575e-05],
       [ 2.6946923e-06,  2.4841070e-06,  2.1844460e-06,  1.8486439e-06],
       [-8.5098973e-06,  3.4944810e-06, -2.6355014e-05, -1.2667990e-05],
       ...,
       [ 0.0000000e+00,  0.0000000e+00,  0.0000000e+00,  0.0000000e+00],
       [-3.8290565e-07,  9.2086373e-07, -1.9653114e-06, -1.9773813e-07],
       [ 2.3103873e-06, -9.4873076e-07,  7.1552322e-06,  3.4392856e-06]],
      dtype=float32), array([[-2.65927338e-05, -8.94025470e-06, -7.50880736e-06,
         2.09444188e-05],
       [ 1.01121595e-05,  1.67850112e-06,  3.35293066e-07,
        -1.28452657e-05],
       [-3.29670765e-05, -1.10832525e-05, -9.30868737e-06,
         2.59648459e-05],
       ...,
       [ 0.00000000e+00,  0.00000000e+00,  0.00000000e+00,
         0.00000000e+00],
       [-2.61097239e-06, -3.06638469e-07, -7.42478960e-07,
         2.04521803e-06],
       [ 8.95036737e-06,  3.00903866e-06,  2.52725386e-06,
        -7.04930335e-06]], dtype=float32)] 
2025-04-27 15:57:30,308 - node - INFO - (fit function) node 2 , the received parameters are : [array([0.], dtype=float32), array([[-6.8644686e-06,  2.8188038e-06, -2.1259148e-05, -1.0218575e-05],
       [ 2.6946923e-06,  2.4841070e-06,  2.1844460e-06,  1.8486439e-06],
       [-8.5098973e-06,  3.4944810e-06, -2.6355014e-05, -1.2667990e-05],
       ...,
       [ 0.0000000e+00,  0.0000000e+00,  0.0000000e+00,  0.0000000e+00],
       [-3.8290565e-07,  9.2086373e-07, -1.9653114e-06, -1.9773813e-07],
       [ 2.3103873e-06, -9.4873076e-07,  7.1552322e-06,  3.4392856e-06]],
      dtype=float32), array([[-2.65927338e-05, -8.94025470e-06, -7.50880736e-06,
         2.09444188e-05],
       [ 1.01121595e-05,  1.67850112e-06,  3.35293066e-07,
        -1.28452657e-05],
       [-3.29670765e-05, -1.10832525e-05, -9.30868737e-06,
         2.59648459e-05],
       ...,
       [ 0.00000000e+00,  0.00000000e+00,  0.00000000e+00,
         0.00000000e+00],
       [-2.61097239e-06, -3.06638469e-07, -7.42478960e-07,
         2.04521803e-06],
       [ 8.95036737e-06,  3.00903866e-06,  2.52725386e-06,
        -7.04930335e-06]], dtype=float32)] 
2025-04-27 15:57:30,309 - node - INFO - the sent embedding from node 1 is : [array([[0.        , 0.5401622 , 0.09385826, 0.1965254 ],
       [0.        , 0.62856555, 0.8229526 , 0.13876903],
       [0.        , 0.59476423, 0.5441812 , 0.16085234],
       ...,
       [0.        , 0.5115611 , 0.        , 0.21521127],
       [0.        , 0.5973643 , 0.5656252 , 0.15915363],
       [0.        , 0.33399683, 0.        , 0.3838406 ]], dtype=float32)]
2025-04-27 15:57:30,309 - node - INFO - the sent embedding from node 2 is : [array([[0.01493442, 0.        , 0.        , 0.3390588 ],
       [0.01493442, 0.        , 0.        , 0.3390588 ],
       [0.        , 0.        , 0.        , 0.17718488],
       ...,
       [0.        , 0.        , 0.        , 0.03166156],
       [0.        , 0.        , 0.        , 0.17718488],
       [0.03716856, 0.        , 0.        , 0.31951562]], dtype=float32)]
2025-04-27 15:57:30,310 - flwr - INFO - Sent reply
2025-04-27 15:57:30,311 - flwr - INFO - Sent reply
2025-04-27 15:57:30,349 - flwr - INFO - 
2025-04-27 15:57:30,351 - flwr - INFO - Received: evaluate message 49b9eeba-4926-45e1-a489-fa3b7d5af32d
2025-04-27 15:57:30,352 - flwr - INFO - 
2025-04-27 15:57:30,354 - flwr - INFO - Received: evaluate message 2bed56a3-50b9-4bfb-99d3-163d04880e1d
2025-04-27 15:57:30,356 - node - INFO - (evaluate) node 2 , the received parameters are : [array([0.], dtype=float32), array([[-6.8817094e-06,  2.8258842e-06, -2.1312539e-05, -1.0244240e-05],
       [ 2.6704026e-06,  2.4617154e-06,  2.1647556e-06,  1.8319795e-06],
       [-8.5220563e-06,  3.4994719e-06, -2.6392667e-05, -1.2686090e-05],
       ...,
       [ 0.0000000e+00,  0.0000000e+00,  0.0000000e+00,  0.0000000e+00],
       [-5.3691809e-07,  2.2047851e-07, -1.6628264e-06, -7.9926616e-07],
       [ 2.2975169e-06, -9.4344477e-07,  7.1153709e-06,  3.4201257e-06]],
      dtype=float32), array([[-2.66595198e-05, -8.96270740e-06, -7.52766573e-06,
         2.09970203e-05],
       [ 1.00210118e-05,  1.66337122e-06,  3.32270758e-07,
        -1.27294825e-05],
       [-3.30141702e-05, -1.10990886e-05, -9.32198509e-06,
         2.60019406e-05],
       ...,
       [ 0.00000000e+00,  0.00000000e+00,  0.00000000e+00,
         0.00000000e+00],
       [-2.08000370e-06, -6.99279667e-07, -5.87316322e-07,
         1.63820960e-06],
       [ 8.90050524e-06,  2.99227577e-06,  2.51317442e-06,
        -7.01003228e-06]], dtype=float32)]
2025-04-27 15:57:30,357 - node - INFO - (evaluate) node 1 , the received parameters are : [array([0.], dtype=float32), array([[-6.8817094e-06,  2.8258842e-06, -2.1312539e-05, -1.0244240e-05],
       [ 2.6704026e-06,  2.4617154e-06,  2.1647556e-06,  1.8319795e-06],
       [-8.5220563e-06,  3.4994719e-06, -2.6392667e-05, -1.2686090e-05],
       ...,
       [ 0.0000000e+00,  0.0000000e+00,  0.0000000e+00,  0.0000000e+00],
       [-5.3691809e-07,  2.2047851e-07, -1.6628264e-06, -7.9926616e-07],
       [ 2.2975169e-06, -9.4344477e-07,  7.1153709e-06,  3.4201257e-06]],
      dtype=float32), array([[-2.66595198e-05, -8.96270740e-06, -7.52766573e-06,
         2.09970203e-05],
       [ 1.00210118e-05,  1.66337122e-06,  3.32270758e-07,
        -1.27294825e-05],
       [-3.30141702e-05, -1.10990886e-05, -9.32198509e-06,
         2.60019406e-05],
       ...,
       [ 0.00000000e+00,  0.00000000e+00,  0.00000000e+00,
         0.00000000e+00],
       [-2.08000370e-06, -6.99279667e-07, -5.87316322e-07,
         1.63820960e-06],
       [ 8.90050524e-06,  2.99227577e-06,  2.51317442e-06,
        -7.01003228e-06]], dtype=float32)]
2025-04-27 15:57:30,360 - flwr - INFO - Sent reply
2025-04-27 15:57:30,364 - flwr - INFO - Sent reply
2025-04-27 15:57:30,383 - flwr - INFO - 
2025-04-27 15:57:30,384 - flwr - INFO - Received: train message e58914b7-8c61-488c-b27b-ed46501b548d
2025-04-27 15:57:30,384 - flwr - INFO - 
2025-04-27 15:57:30,386 - flwr - INFO - Received: train message 4d2e396a-f782-496a-b4d5-db6940e731ce
2025-04-27 15:57:30,389 - node - INFO - (fit function) node 1 , the received parameters are : [array([0.], dtype=float32), array([[-6.8817094e-06,  2.8258842e-06, -2.1312539e-05, -1.0244240e-05],
       [ 2.6704026e-06,  2.4617154e-06,  2.1647556e-06,  1.8319795e-06],
       [-8.5220563e-06,  3.4994719e-06, -2.6392667e-05, -1.2686090e-05],
       ...,
       [ 0.0000000e+00,  0.0000000e+00,  0.0000000e+00,  0.0000000e+00],
       [-5.3691809e-07,  2.2047851e-07, -1.6628264e-06, -7.9926616e-07],
       [ 2.2975169e-06, -9.4344477e-07,  7.1153709e-06,  3.4201257e-06]],
      dtype=float32), array([[-2.66595198e-05, -8.96270740e-06, -7.52766573e-06,
         2.09970203e-05],
       [ 1.00210118e-05,  1.66337122e-06,  3.32270758e-07,
        -1.27294825e-05],
       [-3.30141702e-05, -1.10990886e-05, -9.32198509e-06,
         2.60019406e-05],
       ...,
       [ 0.00000000e+00,  0.00000000e+00,  0.00000000e+00,
         0.00000000e+00],
       [-2.08000370e-06, -6.99279667e-07, -5.87316322e-07,
         1.63820960e-06],
       [ 8.90050524e-06,  2.99227577e-06,  2.51317442e-06,
        -7.01003228e-06]], dtype=float32)] 
2025-04-27 15:57:30,389 - node - INFO - (fit function) node 2 , the received parameters are : [array([0.], dtype=float32), array([[-6.8817094e-06,  2.8258842e-06, -2.1312539e-05, -1.0244240e-05],
       [ 2.6704026e-06,  2.4617154e-06,  2.1647556e-06,  1.8319795e-06],
       [-8.5220563e-06,  3.4994719e-06, -2.6392667e-05, -1.2686090e-05],
       ...,
       [ 0.0000000e+00,  0.0000000e+00,  0.0000000e+00,  0.0000000e+00],
       [-5.3691809e-07,  2.2047851e-07, -1.6628264e-06, -7.9926616e-07],
       [ 2.2975169e-06, -9.4344477e-07,  7.1153709e-06,  3.4201257e-06]],
      dtype=float32), array([[-2.66595198e-05, -8.96270740e-06, -7.52766573e-06,
         2.09970203e-05],
       [ 1.00210118e-05,  1.66337122e-06,  3.32270758e-07,
        -1.27294825e-05],
       [-3.30141702e-05, -1.10990886e-05, -9.32198509e-06,
         2.60019406e-05],
       ...,
       [ 0.00000000e+00,  0.00000000e+00,  0.00000000e+00,
         0.00000000e+00],
       [-2.08000370e-06, -6.99279667e-07, -5.87316322e-07,
         1.63820960e-06],
       [ 8.90050524e-06,  2.99227577e-06,  2.51317442e-06,
        -7.01003228e-06]], dtype=float32)] 
2025-04-27 15:57:30,390 - node - INFO - the sent embedding from node 2 is : [array([[0.        , 0.        , 0.        , 0.358836  ],
       [0.        , 0.        , 0.        , 0.358836  ],
       [0.        , 0.        , 0.        , 0.19690925],
       ...,
       [0.        , 0.        , 0.        , 0.04921072],
       [0.        , 0.        , 0.        , 0.19690925],
       [0.01747391, 0.        , 0.        , 0.33928627]], dtype=float32)]
2025-04-27 15:57:30,390 - node - INFO - the sent embedding from node 1 is : [array([[0.        , 0.5570524 , 0.07966809, 0.16963147],
       [0.        , 0.6256423 , 0.7925464 , 0.13196096],
       [0.        , 0.59941673, 0.51997524, 0.14636439],
       ...,
       [0.        , 0.5348615 , 0.        , 0.18181899],
       [0.        , 0.60143405, 0.54094225, 0.14525643],
       [0.        , 0.34988868, 0.        , 0.36604637]], dtype=float32)]
2025-04-27 15:57:30,392 - flwr - INFO - Sent reply
2025-04-27 15:57:30,392 - flwr - INFO - Sent reply
2025-04-27 15:57:30,462 - flwr - INFO - 
2025-04-27 15:57:30,462 - flwr - INFO - 
2025-04-27 15:57:30,464 - flwr - INFO - Received: evaluate message b1703184-facf-4fcd-9ad8-bb47838c505e
2025-04-27 15:57:30,464 - flwr - INFO - Received: evaluate message 9c526cb8-3db9-42c7-a165-8162368531fa
2025-04-27 15:57:30,472 - node - INFO - (evaluate) node 2 , the received parameters are : [array([0.], dtype=float32), array([[-1.2182676e-05,  2.5388399e-06, -3.5214653e-05, -1.9336443e-05],
       [ 2.6482464e-06,  2.4412907e-06,  2.1467954e-06,  1.8167802e-06],
       [-8.5340816e-06,  3.5044086e-06, -2.6429909e-05, -1.2703990e-05],
       ...,
       [ 0.0000000e+00,  0.0000000e+00,  0.0000000e+00,  0.0000000e+00],
       [-5.4897146e-07,  2.2542787e-07, -1.7001555e-06, -8.1720913e-07],
       [ 2.2846552e-06, -9.3816425e-07,  7.0755405e-06,  3.4009802e-06]],
      dtype=float32), array([[-4.35571128e-05, -1.64863231e-05, -1.22820275e-05,
         3.43416323e-05],
       [ 9.93786671e-06,  1.64957078e-06,  3.29514194e-07,
        -1.26238647e-05],
       [-3.30607581e-05, -1.11147501e-05, -9.33513911e-06,
         2.60386314e-05],
       ...,
       [ 0.00000000e+00,  0.00000000e+00,  0.00000000e+00,
         0.00000000e+00],
       [-2.12669784e-06, -7.14978057e-07, -6.00501039e-07,
         1.67498581e-06],
       [ 8.85068221e-06,  2.97552515e-06,  2.49910636e-06,
        -6.97079167e-06]], dtype=float32)]
2025-04-27 15:57:30,473 - node - INFO - (evaluate) node 1 , the received parameters are : [array([0.], dtype=float32), array([[-1.2182676e-05,  2.5388399e-06, -3.5214653e-05, -1.9336443e-05],
       [ 2.6482464e-06,  2.4412907e-06,  2.1467954e-06,  1.8167802e-06],
       [-8.5340816e-06,  3.5044086e-06, -2.6429909e-05, -1.2703990e-05],
       ...,
       [ 0.0000000e+00,  0.0000000e+00,  0.0000000e+00,  0.0000000e+00],
       [-5.4897146e-07,  2.2542787e-07, -1.7001555e-06, -8.1720913e-07],
       [ 2.2846552e-06, -9.3816425e-07,  7.0755405e-06,  3.4009802e-06]],
      dtype=float32), array([[-4.35571128e-05, -1.64863231e-05, -1.22820275e-05,
         3.43416323e-05],
       [ 9.93786671e-06,  1.64957078e-06,  3.29514194e-07,
        -1.26238647e-05],
       [-3.30607581e-05, -1.11147501e-05, -9.33513911e-06,
         2.60386314e-05],
       ...,
       [ 0.00000000e+00,  0.00000000e+00,  0.00000000e+00,
         0.00000000e+00],
       [-2.12669784e-06, -7.14978057e-07, -6.00501039e-07,
         1.67498581e-06],
       [ 8.85068221e-06,  2.97552515e-06,  2.49910636e-06,
        -6.97079167e-06]], dtype=float32)]
2025-04-27 15:57:30,478 - flwr - INFO - Sent reply
2025-04-27 15:57:30,495 - flwr - INFO - Sent reply
2025-04-27 15:57:30,528 - flwr - INFO - 
2025-04-27 15:57:30,528 - flwr - INFO - 
2025-04-27 15:57:30,529 - flwr - INFO - Received: reconnect message f3a10177-b630-427a-b2b5-ff99c9e2312b
2025-04-27 15:57:30,529 - flwr - INFO - Received: reconnect message 5cd3691c-ca7b-4b25-8f47-b9ff64a1c607
2025-04-27 15:57:30,539 - flwr - DEBUG - gRPC channel closed
2025-04-27 15:57:30,539 - flwr - INFO - Disconnect and shut down
2025-04-27 15:57:30,544 - flwr - DEBUG - gRPC channel closed
2025-04-27 15:57:30,544 - flwr - INFO - Disconnect and shut down
