2025-04-28 12:36:44,783 - central_server - INFO - Starting central server ...
2025-04-28 12:36:44,792 - flwr - WARNING - DEPRECATED FEATURE: flwr.server.start_server() is deprecated.
	Instead, use the `flower-superlink` CLI command to start a SuperLink as shown below:

		$ flower-superlink --insecure

	To view usage and all available options, run:

		$ flower-superlink --help

	Using `start_server()` is deprecated.

            This is a deprecated feature. It will be removed
            entirely in future versions of Flower.
        
2025-04-28 12:36:44,794 - flwr - INFO - Starting Flower server, config: num_rounds=20, no round_timeout
2025-04-28 12:36:44,812 - flwr - INFO - Flower ECE: gRPC server running (20 rounds), SSL is enabled
2025-04-28 12:36:44,812 - flwr - INFO - [INIT]
2025-04-28 12:36:44,813 - flwr - INFO - Requesting initial parameters from one random client
2025-04-28 12:36:51,210 - flwr - INFO - Received initial parameters from one random client
2025-04-28 12:36:51,211 - flwr - INFO - Starting evaluation of initial global parameters
2025-04-28 12:36:51,212 - flwr - INFO - initial parameters (loss, other metrics): 0.0, {}
2025-04-28 12:36:51,212 - flwr - INFO - 
2025-04-28 12:36:51,213 - flwr - INFO - [ROUND 1]
2025-04-28 12:36:52,828 - flwr - INFO - configure_fit: strategy sampled 2 clients (out of 2)
2025-04-28 12:36:52,940 - flwr - INFO - aggregate_fit: received 2 results and 0 failures
2025-04-28 12:36:52,942 - central_server - INFO - the number of sample are : 14411 , the input_dim 5 and the comming parameters are :[array([[0.0219925 , 0.1897179 , 0.1320018 , 0.02717278, 0.2675257 ]],
      dtype=float32), array([-0.1026414], dtype=float32)]
2025-04-28 12:36:52,943 - central_server - INFO - the number of sample are : 14482 , the input_dim 5 and the comming parameters are :[array([[-0.00151734,  0.07280198,  0.13633284,  0.01262896,  0.2695683 ]],
      dtype=float32), array([-0.11081158], dtype=float32)]
2025-04-28 12:36:52,944 - central_server - INFO - the length of the weights list is : 2 / biases length 2 / num_samples 28893
2025-04-28 12:36:52,945 - flwr - WARNING - No fit_metrics_aggregation_fn provided
2025-04-28 12:36:52,946 - central_server - INFO - the aggregated parameters are Parameters(tensors=[b"\x93NUMPY\x01\x00v\x00{'descr': '<f4', 'fortran_order': False, 'shape': (1, 5), }                                                          \n]B'<ZC\x06>\x8ed\t>\xac\xe1\xa2<R\x7f\x89>", b"\x93NUMPY\x01\x00v\x00{'descr': '<f4', 'fortran_order': False, 'shape': (1,), }                                                            \n\xae\x98\xda\xbd"], tensor_type='numpy.ndarray') /// metrics {}
2025-04-28 12:36:52,946 - flwr - INFO - fit progress: (1, 0.0, {}, 1.7338900589966215)
2025-04-28 12:36:52,946 - flwr - INFO - configure_evaluate: strategy sampled 2 clients (out of 2)
2025-04-28 12:36:52,953 - flwr - INFO - aggregate_evaluate: received 2 results and 0 failures
2025-04-28 12:36:52,953 - flwr - WARNING - No evaluate_metrics_aggregation_fn provided
2025-04-28 12:36:52,954 - flwr - INFO - 
2025-04-28 12:36:52,954 - flwr - INFO - [ROUND 2]
2025-04-28 12:36:52,954 - flwr - INFO - configure_fit: strategy sampled 2 clients (out of 2)
2025-04-28 12:36:53,096 - flwr - INFO - aggregate_fit: received 2 results and 0 failures
2025-04-28 12:36:53,098 - central_server - INFO - the number of sample are : 14411 , the input_dim 5 and the comming parameters are :[array([[0.02404251, 0.19982852, 0.12027972, 0.06515802, 0.25045148]],
      dtype=float32), array([-0.09345269], dtype=float32)]
2025-04-28 12:36:53,099 - central_server - INFO - the number of sample are : 14482 , the input_dim 5 and the comming parameters are :[array([[0.0020031 , 0.08731808, 0.11553837, 0.06185514, 0.25317428]],
      dtype=float32), array([-0.09877398], dtype=float32)]
2025-04-28 12:36:53,100 - central_server - INFO - the length of the weights list is : 2 / biases length 2 / num_samples 28893
2025-04-28 12:36:53,101 - central_server - INFO - the aggregated parameters are Parameters(tensors=[b"\x93NUMPY\x01\x00v\x00{'descr': '<f4', 'fortran_order': False, 'shape': (1, 5), }                                                          \n\x06\xecT<\xa4\xe0\x12>>w\xf1=\x9c\r\x82=\x0f\xee\x80>", b"\x93NUMPY\x01\x00v\x00{'descr': '<f4', 'fortran_order': False, 'shape': (1,), }                                                            \n\x80\xda\xc4\xbd"], tensor_type='numpy.ndarray') /// metrics {}
2025-04-28 12:36:53,102 - flwr - INFO - fit progress: (2, 0.0, {}, 1.889525208993291)
2025-04-28 12:36:53,102 - flwr - INFO - configure_evaluate: strategy sampled 2 clients (out of 2)
2025-04-28 12:36:53,114 - flwr - INFO - aggregate_evaluate: received 2 results and 0 failures
2025-04-28 12:36:53,115 - flwr - INFO - 
2025-04-28 12:36:53,115 - flwr - INFO - [ROUND 3]
2025-04-28 12:36:53,116 - flwr - INFO - configure_fit: strategy sampled 2 clients (out of 2)
2025-04-28 12:36:53,305 - flwr - INFO - aggregate_fit: received 2 results and 0 failures
2025-04-28 12:36:53,306 - central_server - INFO - the number of sample are : 14411 , the input_dim 5 and the comming parameters are :[array([[0.02392697, 0.20173223, 0.11427974, 0.08144394, 0.2353557 ]],
      dtype=float32), array([-0.0982624], dtype=float32)]
2025-04-28 12:36:53,307 - central_server - INFO - the number of sample are : 14482 , the input_dim 5 and the comming parameters are :[array([[0.00226774, 0.0901131 , 0.10974307, 0.07926042, 0.23778723]],
      dtype=float32), array([-0.10255118], dtype=float32)]
2025-04-28 12:36:53,308 - central_server - INFO - the length of the weights list is : 2 / biases length 2 / num_samples 28893
2025-04-28 12:36:53,309 - central_server - INFO - the aggregated parameters are Parameters(tensors=[b"\x93NUMPY\x01\x00v\x00{'descr': '<f4', 'fortran_order': False, 'shape': (1, 5), }                                                          \n\xaa&V<\xcdH\x15>Pc\xe5=H\x8e\xa4=\x94@r>", b"\x93NUMPY\x01\x00v\x00{'descr': '<f4', 'fortran_order': False, 'shape': (1,), }                                                            \n\xd6\xa4\xcd\xbd"], tensor_type='numpy.ndarray') /// metrics {}
2025-04-28 12:36:53,309 - flwr - INFO - fit progress: (3, 0.0, {}, 2.0967014909983845)
2025-04-28 12:36:53,309 - flwr - INFO - configure_evaluate: strategy sampled 2 clients (out of 2)
2025-04-28 12:36:53,317 - flwr - INFO - aggregate_evaluate: received 2 results and 0 failures
2025-04-28 12:36:53,317 - flwr - INFO - 
2025-04-28 12:36:53,317 - flwr - INFO - [ROUND 4]
2025-04-28 12:36:53,318 - flwr - INFO - configure_fit: strategy sampled 2 clients (out of 2)
2025-04-28 12:36:53,385 - flwr - INFO - aggregate_fit: received 2 results and 0 failures
2025-04-28 12:36:53,386 - central_server - INFO - the number of sample are : 14411 , the input_dim 5 and the comming parameters are :[array([[0.02384552, 0.20211463, 0.11439545, 0.09027929, 0.22196259]],
      dtype=float32), array([-0.10270455], dtype=float32)]
2025-04-28 12:36:53,387 - central_server - INFO - the number of sample are : 14482 , the input_dim 5 and the comming parameters are :[array([[0.00227123, 0.09074174, 0.11013991, 0.08840098, 0.22414073]],
      dtype=float32), array([-0.10666017], dtype=float32)]
2025-04-28 12:36:53,388 - central_server - INFO - the length of the weights list is : 2 / biases length 2 / num_samples 28893
2025-04-28 12:36:53,388 - central_server - INFO - the aggregated parameters are Parameters(tensors=[b"\x93NUMPY\x01\x00v\x00{'descr': '<f4', 'fortran_order': False, 'shape': (1, 5), }                                                          \n\x9e\x83U<f\xcd\x15>\xdc\xe9\xe5=\xc0\xf6\xb6=\\hd>", b"\x93NUMPY\x01\x00v\x00{'descr': '<f4', 'fortran_order': False, 'shape': (1,), }                                                            \nBf\xd6\xbd"], tensor_type='numpy.ndarray') /// metrics {}
2025-04-28 12:36:53,389 - flwr - INFO - fit progress: (4, 0.0, {}, 2.176391557994066)
2025-04-28 12:36:53,389 - flwr - INFO - configure_evaluate: strategy sampled 2 clients (out of 2)
2025-04-28 12:36:53,397 - flwr - INFO - aggregate_evaluate: received 2 results and 0 failures
2025-04-28 12:36:53,397 - flwr - INFO - 
2025-04-28 12:36:53,397 - flwr - INFO - [ROUND 5]
2025-04-28 12:36:53,398 - flwr - INFO - configure_fit: strategy sampled 2 clients (out of 2)
2025-04-28 12:36:53,476 - flwr - INFO - aggregate_fit: received 2 results and 0 failures
2025-04-28 12:36:53,477 - central_server - INFO - the number of sample are : 14482 , the input_dim 5 and the comming parameters are :[array([[0.00226164, 0.09091447, 0.11266229, 0.09427813, 0.21205124]],
      dtype=float32), array([-0.1103503], dtype=float32)]
2025-04-28 12:36:53,478 - central_server - INFO - the number of sample are : 14411 , the input_dim 5 and the comming parameters are :[array([[0.02381522, 0.20220251, 0.11679912, 0.0960017 , 0.21007796]],
      dtype=float32), array([-0.10646304], dtype=float32)]
2025-04-28 12:36:53,478 - central_server - INFO - the length of the weights list is : 2 / biases length 2 / num_samples 28893
2025-04-28 12:36:53,479 - central_server - INFO - the aggregated parameters are Parameters(tensors=[b"\x93NUMPY\x01\x00v\x00{'descr': '<f4', 'fortran_order': False, 'shape': (1, 5), }                                                          \n\x110U<\x96\xef\x15>E\xf5\xea=\x9b\xd7\xc2=\xf4!X>", b"\x93NUMPY\x01\x00v\x00{'descr': '<f4', 'fortran_order': False, 'shape': (1,), }                                                            \n\xd3\x06\xde\xbd"], tensor_type='numpy.ndarray') /// metrics {}
2025-04-28 12:36:53,479 - flwr - INFO - fit progress: (5, 0.0, {}, 2.2671701809958904)
2025-04-28 12:36:53,480 - flwr - INFO - configure_evaluate: strategy sampled 2 clients (out of 2)
2025-04-28 12:36:53,486 - flwr - INFO - aggregate_evaluate: received 2 results and 0 failures
2025-04-28 12:36:53,486 - flwr - INFO - 
2025-04-28 12:36:53,487 - flwr - INFO - [ROUND 6]
2025-04-28 12:36:53,487 - flwr - INFO - configure_fit: strategy sampled 2 clients (out of 2)
2025-04-28 12:36:53,569 - flwr - INFO - aggregate_fit: received 2 results and 0 failures
2025-04-28 12:36:53,570 - central_server - INFO - the number of sample are : 14482 , the input_dim 5 and the comming parameters are :[array([[0.00225214, 0.09097553, 0.11573961, 0.09864154, 0.20133172]],
      dtype=float32), array([-0.11362909], dtype=float32)]
2025-04-28 12:36:53,571 - central_server - INFO - the number of sample are : 14411 , the input_dim 5 and the comming parameters are :[array([[0.02379773, 0.2022304 , 0.11983211, 0.10026345, 0.19953184]],
      dtype=float32), array([-0.10971445], dtype=float32)]
2025-04-28 12:36:53,571 - central_server - INFO - the length of the weights list is : 2 / biases length 2 / num_samples 28893
2025-04-28 12:36:53,572 - central_server - INFO - the aggregated parameters are Parameters(tensors=[b"\x93NUMPY\x01\x00v\x00{'descr': '<f4', 'fortran_order': False, 'shape': (1, 5), }                                                          \n\x7f\xf7T<A\xfb\x15>\x147\xf1=\xb5\xac\xcb=\x92>M>", b"\x93NUMPY\x01\x00v\x00{'descr': '<f4', 'fortran_order': False, 'shape': (1,), }                                                            \n\xb1\xb6\xe4\xbd"], tensor_type='numpy.ndarray') /// metrics {}
2025-04-28 12:36:53,572 - flwr - INFO - fit progress: (6, 0.0, {}, 2.360150335000071)
2025-04-28 12:36:53,573 - flwr - INFO - configure_evaluate: strategy sampled 2 clients (out of 2)
2025-04-28 12:36:53,581 - flwr - INFO - aggregate_evaluate: received 2 results and 0 failures
2025-04-28 12:36:53,581 - flwr - INFO - 
2025-04-28 12:36:53,581 - flwr - INFO - [ROUND 7]
2025-04-28 12:36:53,582 - flwr - INFO - configure_fit: strategy sampled 2 clients (out of 2)
2025-04-28 12:36:53,647 - flwr - INFO - aggregate_fit: received 2 results and 0 failures
2025-04-28 12:36:53,648 - central_server - INFO - the number of sample are : 14411 , the input_dim 5 and the comming parameters are :[array([[0.02378291, 0.20224467, 0.12287191, 0.10373007, 0.1901733 ]],
      dtype=float32), array([-0.11256666], dtype=float32)]
2025-04-28 12:36:53,649 - central_server - INFO - the number of sample are : 14482 , the input_dim 5 and the comming parameters are :[array([[0.00224276, 0.09100422, 0.11879428, 0.10218532, 0.19182272]],
      dtype=float32), array([-0.11653966], dtype=float32)]
2025-04-28 12:36:53,649 - central_server - INFO - the length of the weights list is : 2 / biases length 2 / num_samples 28893
2025-04-28 12:36:53,649 - central_server - INFO - the aggregated parameters are Parameters(tensors=[b"\x93NUMPY\x01\x00v\x00{'descr': '<f4', 'fortran_order': False, 'shape': (1, 5), }                                                          \n\xcc\xc4T<\xe4\x00\x16>\xb8t\xf7=}\xda\xd2=\x84\x95C>", b"\x93NUMPY\x01\x00v\x00{'descr': '<f4', 'fortran_order': False, 'shape': (1,), }                                                            \nj\x9d\xea\xbd"], tensor_type='numpy.ndarray') /// metrics {}
2025-04-28 12:36:53,650 - flwr - INFO - fit progress: (7, 0.0, {}, 2.437428364995867)
2025-04-28 12:36:53,650 - flwr - INFO - configure_evaluate: strategy sampled 2 clients (out of 2)
2025-04-28 12:36:53,656 - flwr - INFO - aggregate_evaluate: received 2 results and 0 failures
2025-04-28 12:36:53,656 - flwr - INFO - 
2025-04-28 12:36:53,657 - flwr - INFO - [ROUND 8]
2025-04-28 12:36:53,657 - flwr - INFO - configure_fit: strategy sampled 2 clients (out of 2)
2025-04-28 12:36:53,729 - flwr - INFO - aggregate_fit: received 2 results and 0 failures
2025-04-28 12:36:53,730 - central_server - INFO - the number of sample are : 14482 , the input_dim 5 and the comming parameters are :[array([[0.00223382, 0.0910217 , 0.12163005, 0.10520335, 0.18338574]],
      dtype=float32), array([-0.11912289], dtype=float32)]
2025-04-28 12:36:53,731 - central_server - INFO - the number of sample are : 14411 , the input_dim 5 and the comming parameters are :[array([[0.02376929, 0.20225504, 0.1257039 , 0.10668452, 0.18186867]],
      dtype=float32), array([-0.11508491], dtype=float32)]
2025-04-28 12:36:53,731 - central_server - INFO - the length of the weights list is : 2 / biases length 2 / num_samples 28893
2025-04-28 12:36:53,732 - central_server - INFO - the aggregated parameters are Parameters(tensors=[b"\x93NUMPY\x01\x00v\x00{'descr': '<f4', 'fortran_order': False, 'shape': (1, 5), }                                                          \n{\x95T<\x8b\x04\x16>}B\xfd=/\xf8\xd8=\x1e\x03;>", b"\x93NUMPY\x01\x00v\x00{'descr': '<f4', 'fortran_order': False, 'shape': (1,), }                                                            \n\xc6\xd6\xef\xbd"], tensor_type='numpy.ndarray') /// metrics {}
2025-04-28 12:36:53,732 - flwr - INFO - fit progress: (8, 0.0, {}, 2.5201562869988265)
2025-04-28 12:36:53,733 - flwr - INFO - configure_evaluate: strategy sampled 2 clients (out of 2)
2025-04-28 12:36:53,739 - flwr - INFO - aggregate_evaluate: received 2 results and 0 failures
2025-04-28 12:36:53,739 - flwr - INFO - 
2025-04-28 12:36:53,740 - flwr - INFO - [ROUND 9]
2025-04-28 12:36:53,740 - flwr - INFO - configure_fit: strategy sampled 2 clients (out of 2)
2025-04-28 12:36:53,810 - flwr - INFO - aggregate_fit: received 2 results and 0 failures
2025-04-28 12:36:53,811 - central_server - INFO - the number of sample are : 14411 , the input_dim 5 and the comming parameters are :[array([[0.02375683, 0.20226371, 0.12826902, 0.10925925, 0.1744991 ]],
      dtype=float32), array([-0.11731464], dtype=float32)]
2025-04-28 12:36:53,812 - central_server - INFO - the number of sample are : 14482 , the input_dim 5 and the comming parameters are :[array([[0.00222556, 0.09103447, 0.12419471, 0.1078326 , 0.17589931]],
      dtype=float32), array([-0.12141535], dtype=float32)]
2025-04-28 12:36:53,812 - central_server - INFO - the length of the weights list is : 2 / biases length 2 / num_samples 28893
2025-04-28 12:36:53,813 - central_server - INFO - the aggregated parameters are Parameters(tensors=[b"\x93NUMPY\x01\x00v\x00{'descr': '<f4', 'fortran_order': False, 'shape': (1, 5), }                                                          \n\x11jT<[\x07\x16>\x9dA\x01>iL\xde=\xe0g3>", b"\x93NUMPY\x01\x00v\x00{'descr': '<f4', 'fortran_order': False, 'shape': (1,), }                                                            \nHx\xf4\xbd"], tensor_type='numpy.ndarray') /// metrics {}
2025-04-28 12:36:53,813 - flwr - INFO - fit progress: (9, 0.0, {}, 2.6012673789955443)
2025-04-28 12:36:53,814 - flwr - INFO - configure_evaluate: strategy sampled 2 clients (out of 2)
2025-04-28 12:36:53,821 - flwr - INFO - aggregate_evaluate: received 2 results and 0 failures
2025-04-28 12:36:53,821 - flwr - INFO - 
2025-04-28 12:36:53,821 - flwr - INFO - [ROUND 10]
2025-04-28 12:36:53,822 - flwr - INFO - configure_fit: strategy sampled 2 clients (out of 2)
2025-04-28 12:36:53,868 - flwr - INFO - aggregate_fit: received 2 results and 0 failures
2025-04-28 12:36:53,869 - central_server - INFO - the number of sample are : 14482 , the input_dim 5 and the comming parameters are :[array([[0.0022181 , 0.09104484, 0.12648931, 0.11014693, 0.16925612]],
      dtype=float32), array([-0.12344978], dtype=float32)]
2025-04-28 12:36:53,870 - central_server - INFO - the number of sample are : 14411 , the input_dim 5 and the comming parameters are :[array([[0.02374561, 0.20227122, 0.13056535, 0.11152591, 0.16795935]],
      dtype=float32), array([-0.11929139], dtype=float32)]
2025-04-28 12:36:53,870 - central_server - INFO - the length of the weights list is : 2 / biases length 2 / num_samples 28893
2025-04-28 12:36:53,871 - central_server - INFO - the aggregated parameters are Parameters(tensors=[b"\x93NUMPY\x01\x00v\x00{'descr': '<f4', 'fortran_order': False, 'shape': (1, 5), }                                                          \n\xe9BT<\xb3\t\x16>\\\x9b\x03>R\xfd\xe2=\xec\xa7,>", b"\x93NUMPY\x01\x00v\x00{'descr': '<f4', 'fortran_order': False, 'shape': (1,), }                                                            \n\xd2\x93\xf8\xbd"], tensor_type='numpy.ndarray') /// metrics {}
2025-04-28 12:36:53,871 - flwr - INFO - fit progress: (10, 0.0, {}, 2.659197425993625)
2025-04-28 12:36:53,872 - flwr - INFO - configure_evaluate: strategy sampled 2 clients (out of 2)
2025-04-28 12:36:53,880 - flwr - INFO - aggregate_evaluate: received 2 results and 0 failures
2025-04-28 12:36:53,880 - flwr - INFO - 
2025-04-28 12:36:53,881 - flwr - INFO - [ROUND 11]
2025-04-28 12:36:53,881 - flwr - INFO - configure_fit: strategy sampled 2 clients (out of 2)
2025-04-28 12:36:53,939 - flwr - INFO - aggregate_fit: received 2 results and 0 failures
2025-04-28 12:36:53,940 - central_server - INFO - the number of sample are : 14411 , the input_dim 5 and the comming parameters are :[array([[0.02373558, 0.20227785, 0.13261084, 0.11353037, 0.16215602]],
      dtype=float32), array([-0.12104484], dtype=float32)]
2025-04-28 12:36:53,941 - central_server - INFO - the number of sample are : 14482 , the input_dim 5 and the comming parameters are :[array([[0.00221142, 0.09105366, 0.1285326 , 0.11219338, 0.16336104]],
      dtype=float32), array([-0.12525508], dtype=float32)]
2025-04-28 12:36:53,941 - central_server - INFO - the length of the weights list is : 2 / biases length 2 / num_samples 28893
2025-04-28 12:36:53,942 - central_server - INFO - the aggregated parameters are Parameters(tensors=[b"\x93NUMPY\x01\x00v\x00{'descr': '<f4', 'fortran_order': False, 'shape': (1, 5), }                                                          \n\xe1\x1fT<\xba\x0b\x16>H\xb3\x05>D#\xe7=\x90\xaa&>", b"\x93NUMPY\x01\x00v\x00{'descr': '<f4', 'fortran_order': False, 'shape': (1,), }                                                            \n\xc28\xfc\xbd"], tensor_type='numpy.ndarray') /// metrics {}
2025-04-28 12:36:53,942 - flwr - INFO - fit progress: (11, 0.0, {}, 2.7302353989944095)
2025-04-28 12:36:53,943 - flwr - INFO - configure_evaluate: strategy sampled 2 clients (out of 2)
2025-04-28 12:36:53,950 - flwr - INFO - aggregate_evaluate: received 2 results and 0 failures
2025-04-28 12:36:53,950 - flwr - INFO - 
2025-04-28 12:36:53,950 - flwr - INFO - [ROUND 12]
2025-04-28 12:36:53,951 - flwr - INFO - configure_fit: strategy sampled 2 clients (out of 2)
2025-04-28 12:36:54,009 - flwr - INFO - aggregate_fit: received 2 results and 0 failures
2025-04-28 12:36:54,010 - central_server - INFO - the number of sample are : 14411 , the input_dim 5 and the comming parameters are :[array([[0.02372664, 0.20228373, 0.13442893, 0.11530637, 0.15700616]],
      dtype=float32), array([-0.12260051], dtype=float32)]
2025-04-28 12:36:54,011 - central_server - INFO - the number of sample are : 14482 , the input_dim 5 and the comming parameters are :[array([[0.00220548, 0.09106138, 0.13034868, 0.11400658, 0.15812975]],
      dtype=float32), array([-0.12685715], dtype=float32)]
2025-04-28 12:36:54,011 - central_server - INFO - the length of the weights list is : 2 / biases length 2 / num_samples 28893
2025-04-28 12:36:54,012 - central_server - INFO - the aggregated parameters are Parameters(tensors=[b"\x93NUMPY\x01\x00v\x00{'descr': '<f4', 'fortran_order': False, 'shape': (1, 5), }                                                          \n\xac\x00T<\x82\r\x16>\x9e\x8f\x07>.\xd0\xea=\xdbY!>", b"\x93NUMPY\x01\x00v\x00{'descr': '<f4', 'fortran_order': False, 'shape': (1,), }                                                            \n\x92t\xff\xbd"], tensor_type='numpy.ndarray') /// metrics {}
2025-04-28 12:36:54,012 - flwr - INFO - fit progress: (12, 0.0, {}, 2.8000250789991696)
2025-04-28 12:36:54,013 - flwr - INFO - configure_evaluate: strategy sampled 2 clients (out of 2)
2025-04-28 12:36:54,018 - flwr - INFO - aggregate_evaluate: received 2 results and 0 failures
2025-04-28 12:36:54,019 - flwr - INFO - 
2025-04-28 12:36:54,019 - flwr - INFO - [ROUND 13]
2025-04-28 12:36:54,019 - flwr - INFO - configure_fit: strategy sampled 2 clients (out of 2)
2025-04-28 12:36:54,101 - flwr - INFO - aggregate_fit: received 2 results and 0 failures
2025-04-28 12:36:54,102 - central_server - INFO - the number of sample are : 14411 , the input_dim 5 and the comming parameters are :[array([[0.02371869, 0.20228893, 0.13604356, 0.11688139, 0.15243629]],
      dtype=float32), array([-0.12398093], dtype=float32)]
2025-04-28 12:36:54,103 - central_server - INFO - the number of sample are : 14482 , the input_dim 5 and the comming parameters are :[array([[0.00220019, 0.09106817, 0.13196126, 0.11561449, 0.15348749]],
      dtype=float32), array([-0.12827876], dtype=float32)]
2025-04-28 12:36:54,103 - central_server - INFO - the length of the weights list is : 2 / biases length 2 / num_samples 28893
2025-04-28 12:36:54,104 - central_server - INFO - the aggregated parameters are Parameters(tensors=[b"\x93NUMPY\x01\x00v\x00{'descr': '<f4', 'fortran_order': False, 'shape': (1, 5), }                                                          \n\xef\xe4S<\x14\x0f\x16>\x9d6\t>\x96\x12\xee=b\xa2\x1c>", b"\x93NUMPY\x01\x00v\x00{'descr': '<f4', 'fortran_order': False, 'shape': (1,), }                                                            \n\x92)\x01\xbe"], tensor_type='numpy.ndarray') /// metrics {}
2025-04-28 12:36:54,104 - flwr - INFO - fit progress: (13, 0.0, {}, 2.891938261993346)
2025-04-28 12:36:54,104 - flwr - INFO - configure_evaluate: strategy sampled 2 clients (out of 2)
2025-04-28 12:36:54,113 - flwr - INFO - aggregate_evaluate: received 2 results and 0 failures
2025-04-28 12:36:54,114 - flwr - INFO - 
2025-04-28 12:36:54,114 - flwr - INFO - [ROUND 14]
2025-04-28 12:36:54,114 - flwr - INFO - configure_fit: strategy sampled 2 clients (out of 2)
2025-04-28 12:36:54,218 - flwr - INFO - aggregate_fit: received 2 results and 0 failures
2025-04-28 12:36:54,219 - central_server - INFO - the number of sample are : 14411 , the input_dim 5 and the comming parameters are :[array([[0.02371164, 0.20229359, 0.13747676, 0.1182786 , 0.14838089]],
      dtype=float32), array([-0.12520586], dtype=float32)]
2025-04-28 12:36:54,220 - central_server - INFO - the number of sample are : 14482 , the input_dim 5 and the comming parameters are :[array([[0.00219549, 0.09107416, 0.13339274, 0.11704098, 0.14936803]],
      dtype=float32), array([-0.12954037], dtype=float32)]
2025-04-28 12:36:54,221 - central_server - INFO - the length of the weights list is : 2 / biases length 2 / num_samples 28893
2025-04-28 12:36:54,222 - central_server - INFO - the aggregated parameters are Parameters(tensors=[b"\x93NUMPY\x01\x00v\x00{'descr': '<f4', 'fortran_order': False, 'shape': (1, 5), }                                                          \nN\xccS<z\x10\x16>\x18\xae\n>\xd2\xf6\xf0=\xder\x18>", b"\x93NUMPY\x01\x00v\x00{'descr': '<f4', 'fortran_order': False, 'shape': (1,), }                                                            \n\x7fo\x02\xbe"], tensor_type='numpy.ndarray') /// metrics {}
2025-04-28 12:36:54,222 - flwr - INFO - fit progress: (14, 0.0, {}, 3.009952409993275)
2025-04-28 12:36:54,223 - flwr - INFO - configure_evaluate: strategy sampled 2 clients (out of 2)
2025-04-28 12:36:54,232 - flwr - INFO - aggregate_evaluate: received 2 results and 0 failures
2025-04-28 12:36:54,232 - flwr - INFO - 
2025-04-28 12:36:54,232 - flwr - INFO - [ROUND 15]
2025-04-28 12:36:54,233 - flwr - INFO - configure_fit: strategy sampled 2 clients (out of 2)
2025-04-28 12:36:54,361 - flwr - INFO - aggregate_fit: received 2 results and 0 failures
2025-04-28 12:36:54,362 - central_server - INFO - the number of sample are : 14411 , the input_dim 5 and the comming parameters are :[array([[0.02370538, 0.20229764, 0.13874874, 0.11951836, 0.14478214]],
      dtype=float32), array([-0.12629282], dtype=float32)]
2025-04-28 12:36:54,363 - central_server - INFO - the number of sample are : 14482 , the input_dim 5 and the comming parameters are :[array([[0.00219132, 0.09107947, 0.1346632 , 0.11830664, 0.14571245]],
      dtype=float32), array([-0.13065985], dtype=float32)]
2025-04-28 12:36:54,364 - central_server - INFO - the length of the weights list is : 2 / biases length 2 / num_samples 28893
2025-04-28 12:36:54,365 - central_server - INFO - the aggregated parameters are Parameters(tensors=[b"\x93NUMPY\x01\x00v\x00{'descr': '<f4', 'fortran_order': False, 'shape': (1, 5), }                                                          \nt\xb6S<\xb4\x11\x16>V\xfb\x0b>\x9e\x87\xf3=\x02\xbc\x14>", b"\x93NUMPY\x01\x00v\x00{'descr': '<f4', 'fortran_order': False, 'shape': (1,), }                                                            \n\xb5\x90\x03\xbe"], tensor_type='numpy.ndarray') /// metrics {}
2025-04-28 12:36:54,365 - flwr - INFO - fit progress: (15, 0.0, {}, 3.1527007869954105)
2025-04-28 12:36:54,365 - flwr - INFO - configure_evaluate: strategy sampled 2 clients (out of 2)
2025-04-28 12:36:54,372 - flwr - INFO - aggregate_evaluate: received 2 results and 0 failures
2025-04-28 12:36:54,373 - flwr - INFO - 
2025-04-28 12:36:54,373 - flwr - INFO - [ROUND 16]
2025-04-28 12:36:54,374 - flwr - INFO - configure_fit: strategy sampled 2 clients (out of 2)
2025-04-28 12:36:54,443 - flwr - INFO - aggregate_fit: received 2 results and 0 failures
2025-04-28 12:36:54,445 - central_server - INFO - the number of sample are : 14482 , the input_dim 5 and the comming parameters are :[array([[0.00218762, 0.09108422, 0.13579059, 0.1194297 , 0.14246842]],
      dtype=float32), array([-0.1316533], dtype=float32)]
2025-04-28 12:36:54,446 - central_server - INFO - the number of sample are : 14411 , the input_dim 5 and the comming parameters are :[array([[0.02369983, 0.20230128, 0.13987756, 0.12061845, 0.14158872]],
      dtype=float32), array([-0.1272574], dtype=float32)]
2025-04-28 12:36:54,446 - central_server - INFO - the length of the weights list is : 2 / biases length 2 / num_samples 28893
2025-04-28 12:36:54,447 - central_server - INFO - the aggregated parameters are Parameters(tensors=[b"\x93NUMPY\x01\x00v\x00{'descr': '<f4', 'fortran_order': False, 'shape': (1, 5), }                                                          \n\x0e\xa3S<\xce\x12\x16>\x0f#\r>k\xce\xf5=9p\x11>", b"\x93NUMPY\x01\x00v\x00{'descr': '<f4', 'fortran_order': False, 'shape': (1,), }                                                            \n\\\x91\x04\xbe"], tensor_type='numpy.ndarray') /// metrics {}
2025-04-28 12:36:54,447 - flwr - INFO - fit progress: (16, 0.0, {}, 3.2347688539957744)
2025-04-28 12:36:54,447 - flwr - INFO - configure_evaluate: strategy sampled 2 clients (out of 2)
2025-04-28 12:36:54,454 - flwr - INFO - aggregate_evaluate: received 2 results and 0 failures
2025-04-28 12:36:54,454 - flwr - INFO - 
2025-04-28 12:36:54,455 - flwr - INFO - [ROUND 17]
2025-04-28 12:36:54,455 - flwr - INFO - configure_fit: strategy sampled 2 clients (out of 2)
2025-04-28 12:36:54,509 - flwr - INFO - aggregate_fit: received 2 results and 0 failures
2025-04-28 12:36:54,510 - central_server - INFO - the number of sample are : 14482 , the input_dim 5 and the comming parameters are :[array([[0.00218434, 0.09108839, 0.13679112, 0.12042632, 0.13958976]],
      dtype=float32), array([-0.13253492], dtype=float32)]
2025-04-28 12:36:54,511 - central_server - INFO - the number of sample are : 14411 , the input_dim 5 and the comming parameters are :[array([[0.02369489, 0.20230447, 0.14087933, 0.12159462, 0.13875479]],
      dtype=float32), array([-0.12811334], dtype=float32)]
2025-04-28 12:36:54,511 - central_server - INFO - the length of the weights list is : 2 / biases length 2 / num_samples 28893
2025-04-28 12:36:54,512 - central_server - INFO - the aggregated parameters are Parameters(tensors=[b"\x93NUMPY\x01\x00v\x00{'descr': '<f4', 'fortran_order': False, 'shape': (1, 5), }                                                          \n\xd4\x91S<\xc4\x13\x16>\x82)\x0e>\x96\xd3\xf7=r\x83\x0e>", b"\x93NUMPY\x01\x00v\x00{'descr': '<f4', 'fortran_order': False, 'shape': (1,), }                                                            \n\x1eu\x05\xbe"], tensor_type='numpy.ndarray') /// metrics {}
2025-04-28 12:36:54,512 - flwr - INFO - fit progress: (17, 0.0, {}, 3.300028042998747)
2025-04-28 12:36:54,513 - flwr - INFO - configure_evaluate: strategy sampled 2 clients (out of 2)
2025-04-28 12:36:54,519 - flwr - INFO - aggregate_evaluate: received 2 results and 0 failures
2025-04-28 12:36:54,519 - flwr - INFO - 
2025-04-28 12:36:54,520 - flwr - INFO - [ROUND 18]
2025-04-28 12:36:54,520 - flwr - INFO - configure_fit: strategy sampled 2 clients (out of 2)
2025-04-28 12:36:54,590 - flwr - INFO - aggregate_fit: received 2 results and 0 failures
2025-04-28 12:36:54,591 - central_server - INFO - the number of sample are : 14482 , the input_dim 5 and the comming parameters are :[array([[0.00218143, 0.09109208, 0.13767894, 0.12131067, 0.13703522]],
      dtype=float32), array([-0.13331725], dtype=float32)]
2025-04-28 12:36:54,592 - central_server - INFO - the number of sample are : 14411 , the input_dim 5 and the comming parameters are :[array([[0.02369052, 0.20230736, 0.14176826, 0.12246089, 0.13623999]],
      dtype=float32), array([-0.12887293], dtype=float32)]
2025-04-28 12:36:54,593 - central_server - INFO - the length of the weights list is : 2 / biases length 2 / num_samples 28893
2025-04-28 12:36:54,594 - central_server - INFO - the aggregated parameters are Parameters(tensors=[b"\x93NUMPY\x01\x00v\x00{'descr': '<f4', 'fortran_order': False, 'shape': (1, 5), }                                                          \n\x8e\x82S<\xa2\x14\x16>c\x12\x0f>\x84\x9e\xf9=\xfc\xea\x0b>", b"\x93NUMPY\x01\x00v\x00{'descr': '<f4', 'fortran_order': False, 'shape': (1,), }                                                            \n:?\x06\xbe"], tensor_type='numpy.ndarray') /// metrics {}
2025-04-28 12:36:54,594 - flwr - INFO - fit progress: (18, 0.0, {}, 3.381668110996543)
2025-04-28 12:36:54,594 - flwr - INFO - configure_evaluate: strategy sampled 2 clients (out of 2)
2025-04-28 12:36:54,601 - flwr - INFO - aggregate_evaluate: received 2 results and 0 failures
2025-04-28 12:36:54,601 - flwr - INFO - 
2025-04-28 12:36:54,602 - flwr - INFO - [ROUND 19]
2025-04-28 12:36:54,602 - flwr - INFO - configure_fit: strategy sampled 2 clients (out of 2)
2025-04-28 12:36:54,671 - flwr - INFO - aggregate_fit: received 2 results and 0 failures
2025-04-28 12:36:54,672 - central_server - INFO - the number of sample are : 14411 , the input_dim 5 and the comming parameters are :[array([[0.02368664, 0.20230989, 0.14255714, 0.12322962, 0.1340083 ]],
      dtype=float32), array([-0.12954697], dtype=float32)]
2025-04-28 12:36:54,672 - central_server - INFO - the number of sample are : 14482 , the input_dim 5 and the comming parameters are :[array([[0.00217884, 0.09109537, 0.1384669 , 0.12209547, 0.13476832]],
      dtype=float32), array([-0.13401148], dtype=float32)]
2025-04-28 12:36:54,673 - central_server - INFO - the length of the weights list is : 2 / biases length 2 / num_samples 28893
2025-04-28 12:36:54,674 - central_server - INFO - the aggregated parameters are Parameters(tensors=[b"\x93NUMPY\x01\x00v\x00{'descr': '<f4', 'fortran_order': False, 'shape': (1, 5), }                                                          \n\x04uS<d\x15\x16>\x11\xe1\x0f>\xc55\xfb=V\x9d\t>", b"\x93NUMPY\x01\x00v\x00{'descr': '<f4', 'fortran_order': False, 'shape': (1,), }                                                            \n\x92\xf2\x06\xbe"], tensor_type='numpy.ndarray') /// metrics {}
2025-04-28 12:36:54,674 - flwr - INFO - fit progress: (19, 0.0, {}, 3.4617499129963107)
2025-04-28 12:36:54,674 - flwr - INFO - configure_evaluate: strategy sampled 2 clients (out of 2)
2025-04-28 12:36:54,681 - flwr - INFO - aggregate_evaluate: received 2 results and 0 failures
2025-04-28 12:36:54,682 - flwr - INFO - 
2025-04-28 12:36:54,682 - flwr - INFO - [ROUND 20]
2025-04-28 12:36:54,682 - flwr - INFO - configure_fit: strategy sampled 2 clients (out of 2)
2025-04-28 12:36:54,749 - flwr - INFO - aggregate_fit: received 2 results and 0 failures
2025-04-28 12:36:54,750 - central_server - INFO - the number of sample are : 14482 , the input_dim 5 and the comming parameters are :[array([[0.00217655, 0.09109832, 0.13916604, 0.12279191, 0.13275665]],
      dtype=float32), array([-0.13462754], dtype=float32)]
2025-04-28 12:36:54,751 - central_server - INFO - the number of sample are : 14411 , the input_dim 5 and the comming parameters are :[array([[0.02368319, 0.20231216, 0.1432572 , 0.12391173, 0.13202801]],
      dtype=float32), array([-0.13014509], dtype=float32)]
2025-04-28 12:36:54,751 - central_server - INFO - the length of the weights list is : 2 / biases length 2 / num_samples 28893
2025-04-28 12:36:54,752 - central_server - INFO - the aggregated parameters are Parameters(tensors=[b"\x93NUMPY\x01\x00v\x00{'descr': '<f4', 'fortran_order': False, 'shape': (1, 5), }                                                          \n\xf9hS<\x14\x16\x16>v\x98\x10>)\x9f\xfc=\x18\x92\x07>", b"\x93NUMPY\x01\x00v\x00{'descr': '<f4', 'fortran_order': False, 'shape': (1,), }                                                            \n\xb9\x91\x07\xbe"], tensor_type='numpy.ndarray') /// metrics {}
2025-04-28 12:36:54,766 - central_server - INFO - The model saved successfully.
2025-04-28 12:36:54,766 - flwr - INFO - fit progress: (20, 0.0, {}, 3.553919540994684)
2025-04-28 12:36:54,766 - flwr - INFO - configure_evaluate: strategy sampled 2 clients (out of 2)
2025-04-28 12:36:54,775 - flwr - INFO - aggregate_evaluate: received 2 results and 0 failures
2025-04-28 12:36:54,775 - flwr - INFO - 
2025-04-28 12:36:54,776 - flwr - INFO - [SUMMARY]
2025-04-28 12:36:54,776 - flwr - INFO - Run finished 20 round(s) in 3.56s
2025-04-28 12:36:54,776 - flwr - INFO - 	History (loss, distributed):
2025-04-28 12:36:54,777 - flwr - INFO - 		round 1: 0.9998276449919925
2025-04-28 12:36:54,777 - flwr - INFO - 		round 2: 0.9961486423027882
2025-04-28 12:36:54,777 - flwr - INFO - 		round 3: 0.9952490084544438
2025-04-28 12:36:54,778 - flwr - INFO - 		round 4: 0.994818427974133
2025-04-28 12:36:54,778 - flwr - INFO - 		round 5: 0.9945545129045759
2025-04-28 12:36:54,778 - flwr - INFO - 		round 6: 0.994372355309917
2025-04-28 12:36:54,779 - flwr - INFO - 		round 7: 0.9942379132923319
2025-04-28 12:36:54,779 - flwr - INFO - 		round 8: 0.9941353117470622
2025-04-28 12:36:54,780 - flwr - INFO - 		round 9: 0.9940555314530994
2025-04-28 12:36:54,780 - flwr - INFO - 		round 10: 0.9939930447146892
2025-04-28 12:36:54,780 - flwr - INFO - 		round 11: 0.9939441349187915
2025-04-28 12:36:54,781 - flwr - INFO - 		round 12: 0.9939051056379367
2025-04-28 12:36:54,781 - flwr - INFO - 		round 13: 0.9938744134432596
2025-04-28 12:36:54,781 - flwr - INFO - 		round 14: 0.9938502507463824
2025-04-28 12:36:54,782 - flwr - INFO - 		round 15: 0.9938309587759461
2025-04-28 12:36:54,782 - flwr - INFO - 		round 16: 0.9938155811918913
2025-04-28 12:36:54,782 - flwr - INFO - 		round 17: 0.9938035300265978
2025-04-28 12:36:54,783 - flwr - INFO - 		round 18: 0.9937940760888185
2025-04-28 12:36:54,783 - flwr - INFO - 		round 19: 0.993786214364649
2025-04-28 12:36:54,783 - flwr - INFO - 		round 20: 0.9937801341050057
2025-04-28 12:36:54,784 - flwr - INFO - 	History (loss, centralized):
2025-04-28 12:36:54,784 - flwr - INFO - 		round 0: 0.0
2025-04-28 12:36:54,784 - flwr - INFO - 		round 1: 0.0
2025-04-28 12:36:54,784 - flwr - INFO - 		round 2: 0.0
2025-04-28 12:36:54,785 - flwr - INFO - 		round 3: 0.0
2025-04-28 12:36:54,785 - flwr - INFO - 		round 4: 0.0
2025-04-28 12:36:54,785 - flwr - INFO - 		round 5: 0.0
2025-04-28 12:36:54,785 - flwr - INFO - 		round 6: 0.0
2025-04-28 12:36:54,786 - flwr - INFO - 		round 7: 0.0
2025-04-28 12:36:54,786 - flwr - INFO - 		round 8: 0.0
2025-04-28 12:36:54,786 - flwr - INFO - 		round 9: 0.0
2025-04-28 12:36:54,786 - flwr - INFO - 		round 10: 0.0
2025-04-28 12:36:54,787 - flwr - INFO - 		round 11: 0.0
2025-04-28 12:36:54,787 - flwr - INFO - 		round 12: 0.0
2025-04-28 12:36:54,787 - flwr - INFO - 		round 13: 0.0
2025-04-28 12:36:54,788 - flwr - INFO - 		round 14: 0.0
2025-04-28 12:36:54,788 - flwr - INFO - 		round 15: 0.0
2025-04-28 12:36:54,788 - flwr - INFO - 		round 16: 0.0
2025-04-28 12:36:54,789 - flwr - INFO - 		round 17: 0.0
2025-04-28 12:36:54,789 - flwr - INFO - 		round 18: 0.0
2025-04-28 12:36:54,790 - flwr - INFO - 		round 19: 0.0
2025-04-28 12:36:54,790 - flwr - INFO - 		round 20: 0.0
2025-04-28 12:36:54,791 - flwr - INFO - 
2025-04-28 12:37:42,853 - central_server - INFO - Starting central server ...
2025-04-28 12:37:42,861 - flwr - WARNING - DEPRECATED FEATURE: flwr.server.start_server() is deprecated.
	Instead, use the `flower-superlink` CLI command to start a SuperLink as shown below:

		$ flower-superlink --insecure

	To view usage and all available options, run:

		$ flower-superlink --help

	Using `start_server()` is deprecated.

            This is a deprecated feature. It will be removed
            entirely in future versions of Flower.
        
2025-04-28 12:37:42,862 - flwr - INFO - Starting Flower server, config: num_rounds=10, no round_timeout
2025-04-28 12:37:42,874 - flwr - INFO - Flower ECE: gRPC server running (10 rounds), SSL is enabled
2025-04-28 12:37:42,875 - flwr - INFO - [INIT]
2025-04-28 12:37:42,876 - flwr - INFO - Requesting initial parameters from one random client
2025-04-28 12:37:53,117 - flwr - INFO - Received initial parameters from one random client
2025-04-28 12:37:53,118 - flwr - INFO - Starting evaluation of initial global parameters
2025-04-28 12:37:53,119 - central_server - INFO - (evaluation function)the received parameters are : Parameters(tensors=[b"\x93NUMPY\x01\x00v\x00{'descr': '<f4', 'fortran_order': False, 'shape': (8, 3), }                                                          \n\xb8-\xfc\xbd\xeb{\x87>\xc6'\xd4<\xef\xe2\xfa>N\x85\xbd>A\x8b\x13\xbf\n\n\x0e?\xa6\xf1\xb0\xbe\x8d\xa6\x9f>\x9f\xb6I\xbe\xba\xc5\x9c>\xd9\xac\xa9>\x97\x7f\xab\xbcR\x15\xf3>\xbd\xc4\x9e\xbe\xdeo\x92>\x14\xc6\x0f\xbd\x91\x08\xad>\xff\x03&>J\xe0<>\x8d\xb4\xdd>\x0e^\xcc\xbe\xa5\xe0J>$\x02\xdb>", b"\x93NUMPY\x01\x00v\x00{'descr': '<f4', 'fortran_order': False, 'shape': (8,), }                                                            \n\xfb\xf2\xc8>N\x86\x04?A>o>]_\x9c>A\xae\xdc\xbe\x93C\xab\xbeW\xce'\xbe\xabfq\xbe", b"\x93NUMPY\x01\x00v\x00{'descr': '<f4', 'fortran_order': False, 'shape': (8, 8), }                                                          \n\xe9\xf9!\xbe.\xaa\xb7\xbd\xea\xde\x8e>\xfc]\x8d>4\x03\xa3>\xaan\x86>p=\xaf>\x99\xad\x8a\xbeSup>\xdf\xa4k>\x8e\xf6:>F\xb8\x16>\xf3\xcbX\xbe\t2\xd5=O\xc1q\xbe?'\xa8\xbc\xce\xe16=\x9em\x1b\xbe\xa4\x1eC>\x01m1>\xd5:\x89\xbc\xd4\x1a\x06>\x84\xd3\xb2>b\xe4H>*O\xac\xbeR1\x90>}\x10\n\xbez\xa1\x1d>\\j\x8a\xbcov\x1b>\x98&&\xbb\xe9r)\xbe\xe2\x8d\xec\xbd\x06\xf0\n>\xb9\xe37\xbe\xe0\n\xb1\xbe @\x85\xbe\xe6\x0b7\xbe\xb9\xf7\xab\xbe\xd4\x92#>\xd1s\xa6>\xb3C\xa5\xbd\r\tm>\x983\x9c\xbc\x00\xa37>\x13? \xbe\x8d\x95\xb5;P\x1a\xb6=\x83ej\xbe\\\x89\x1d>[\xc5<>q\xc6\xa0\xbebs\x84\xbdq?\x8e\xbeM\x8fz\xbe\x11\x8a\xac=\xb44\x8f\xbe\xbe\xb6&\xbe\xd8\x06\xa1=\xfe\xad\x9d>$\xe0\x9d>\x95\xa1U>s\x9a\xd0=\xba\xfc*>", b"\x93NUMPY\x01\x00v\x00{'descr': '<f4', 'fortran_order': False, 'shape': (8,), }                                                            \n\xd8\xdbN\xbeT\xc0u>\xf2RT\xbd\xbc\xa3\xb2=\xa2\xf3\x96>\x83\x05\xa4\xbe\xa2qj=\xd8\x96>\xbe", b"\x93NUMPY\x01\x00v\x00{'descr': '<f4', 'fortran_order': False, 'shape': (1, 8), }                                                          \n\xf89\x1a\xbd\xc5\x80\x8f>t\xc1m>z\xf11\xbe\xca\r\x97>\xf1\x8a2\xbe\x00\xe3\x98=\x18N\xad>", b"\x93NUMPY\x01\x00v\x00{'descr': '<f4', 'fortran_order': False, 'shape': (1,), }                                                            \nK\xf9.>"], tensor_type='numpy.ndarray')
2025-04-28 12:37:53,120 - flwr - INFO - initial parameters (loss, other metrics): 0.0, {}
2025-04-28 12:37:53,120 - flwr - INFO - 
2025-04-28 12:37:53,121 - flwr - INFO - [ROUND 1]
2025-04-28 12:37:59,107 - flwr - INFO - configure_fit: strategy sampled 2 clients (out of 2)
2025-04-28 12:38:04,354 - flwr - INFO - aggregate_fit: received 2 results and 0 failures
2025-04-28 12:38:04,355 - central_server - INFO - (aggregate_fit) the received parameters are : <built-in method __sizeof__ of Parameters object at 0x7f1d3e3caf10> //// 3  /// with num_exemples 14411 
2025-04-28 12:38:04,359 - flwr - WARNING - No fit_metrics_aggregation_fn provided
2025-04-28 12:38:04,360 - central_server - WARNING - the aggregated parameters are : <built-in method __sizeof__ of Parameters object at 0x7f1d3e3cb0d0> /// Parameters(tensors=[b'\x93NUMPY\x01\x00v\x00{\'descr\': \'<f4\', \'fortran_order\': False, \'shape\': (8, 3), }                                                          \n\x89\xfd"?\xd1\xef\x0c?\x9e!\xc8\xbf\x1e\x90\x8a\xbc\n\xd3W\xbe\xcb\xda\xd3\xbe\xf2\x08\x83>\x18?\xc9\xbf\x89\xd9*?\xb0\xa2\xe1\xc0G\x04 >\x05kj>\xa0N\xa6\xbfTK\xcc>\xba9\xd2\xbe\x0e\x06\x15?\xd4\xee=\xbf\xb4\xb65?\x03\xba\xa8\xc0\x86vK?\x96&z?\x12\x172\xbf\x16\x9a\x03=<_\x1d>', b'\x93NUMPY\x01\x00v\x00{\'descr\': \'<f4\', \'fortran_order\': False, \'shape\': (8,), }                                                            \n^X-\xbf\x80\xb7\xce="\xf5x\xbe\x0e)\xfc=\xc8\xff\x06\xbf\xb7S\xf8\xbe\xa0{\x08?\xbf\x15\x04\xbf', b'\x93NUMPY\x01\x00v\x00{\'descr\': \'<f4\', \'fortran_order\': False, \'shape\': (8, 8), }                                                          \n\xf9\x87o\xbfl{i\xbe\x1c\xb1\xfa\xbez\x80\x9f?\xc6L3>\xc0\x19f\xbf\x1a\xba\xc0?\x8e\x08,\xbes\x17\x95\xbed\xdb\x05=+\xcc\xfb>-"\xcc\xbfg\xc3S\xbf\x80W\xdb>hF\x0c\xc0\xe8\xfe\x01\xbf\xbco[\xbeD\x80\x16\xbe,z\x0e>9\x88\xd8\xbb{\x9db>R\xdb\xd5>\'!\xd1\xbe\xfd\xd8\xcc=\xfc\xae4\xbf\xe2\x0b\x18>rj\xfc\xbe\xbe\xdfU?\x8b\xe6\xb1>pN\xf4\xbef\xd7\x80?\x070\xaa\xbdI\xe6\xca\xbe\xd4\xcao\xbd0/\x99\xbd\x98\xf2\x0c\xbf\x19%.\xbeIc\x93\xbef\x8f\x8c\xbf\\\xe7\x04>\xd2s\x03?"\x89\xeb=\x94\x9c\xdd=\xccHQ\xbf\xdc\xf4E>\xae\xcf\xeb\xbd.\xfb`\xbeP\x1a\xb6=\xbd\x81\x0f\xbfRg\xd4=H\x83\xbc>x\x7f\x9b\xbf\n\x87\xf1\xbd\xc4xm\xbed\x04\xf1\xbe\x12\x8a\xac=\xeaf\xac\xbf-\xa5\xe2\xbd\xc7=%\xbfv\xc1K?\xd4\x96??\x84x\xe4\xbdJ\xfe\x82>\x7f\x99f>', b"\x93NUMPY\x01\x00v\x00{'descr': '<f4', 'fortran_order': False, 'shape': (8,), }                                                            \n\xcc\xf7\x86\xbc \xb5\xbc?\xb6-\x1b?\xacH\xf7>\x9a$\x88?\x0c?\xd6\xbc\x9e\x85\x8b?`\xb4P\xbf", b"\x93NUMPY\x01\x00v\x00{'descr': '<f4', 'fortran_order': False, 'shape': (1, 8), }                                                          \n\x8a\x87\x97>4\x80\xf9>\x9c\x0e2>&\x98y\xbf_\xbe\xeb>\x17]o\xbeF+\xe0>\x85T\xf3>", b"\x93NUMPY\x01\x00v\x00{'descr': '<f4', 'fortran_order': False, 'shape': (1,), }                                                            \n\xd8R\xfd?"], tensor_type='numpy.ndarray')
2025-04-28 12:38:04,361 - central_server - INFO - (evaluation function)the received parameters are : Parameters(tensors=[b'\x93NUMPY\x01\x00v\x00{\'descr\': \'<f4\', \'fortran_order\': False, \'shape\': (8, 3), }                                                          \n\x89\xfd"?\xd1\xef\x0c?\x9e!\xc8\xbf\x1e\x90\x8a\xbc\n\xd3W\xbe\xcb\xda\xd3\xbe\xf2\x08\x83>\x18?\xc9\xbf\x89\xd9*?\xb0\xa2\xe1\xc0G\x04 >\x05kj>\xa0N\xa6\xbfTK\xcc>\xba9\xd2\xbe\x0e\x06\x15?\xd4\xee=\xbf\xb4\xb65?\x03\xba\xa8\xc0\x86vK?\x96&z?\x12\x172\xbf\x16\x9a\x03=<_\x1d>', b'\x93NUMPY\x01\x00v\x00{\'descr\': \'<f4\', \'fortran_order\': False, \'shape\': (8,), }                                                            \n^X-\xbf\x80\xb7\xce="\xf5x\xbe\x0e)\xfc=\xc8\xff\x06\xbf\xb7S\xf8\xbe\xa0{\x08?\xbf\x15\x04\xbf', b'\x93NUMPY\x01\x00v\x00{\'descr\': \'<f4\', \'fortran_order\': False, \'shape\': (8, 8), }                                                          \n\xf9\x87o\xbfl{i\xbe\x1c\xb1\xfa\xbez\x80\x9f?\xc6L3>\xc0\x19f\xbf\x1a\xba\xc0?\x8e\x08,\xbes\x17\x95\xbed\xdb\x05=+\xcc\xfb>-"\xcc\xbfg\xc3S\xbf\x80W\xdb>hF\x0c\xc0\xe8\xfe\x01\xbf\xbco[\xbeD\x80\x16\xbe,z\x0e>9\x88\xd8\xbb{\x9db>R\xdb\xd5>\'!\xd1\xbe\xfd\xd8\xcc=\xfc\xae4\xbf\xe2\x0b\x18>rj\xfc\xbe\xbe\xdfU?\x8b\xe6\xb1>pN\xf4\xbef\xd7\x80?\x070\xaa\xbdI\xe6\xca\xbe\xd4\xcao\xbd0/\x99\xbd\x98\xf2\x0c\xbf\x19%.\xbeIc\x93\xbef\x8f\x8c\xbf\\\xe7\x04>\xd2s\x03?"\x89\xeb=\x94\x9c\xdd=\xccHQ\xbf\xdc\xf4E>\xae\xcf\xeb\xbd.\xfb`\xbeP\x1a\xb6=\xbd\x81\x0f\xbfRg\xd4=H\x83\xbc>x\x7f\x9b\xbf\n\x87\xf1\xbd\xc4xm\xbed\x04\xf1\xbe\x12\x8a\xac=\xeaf\xac\xbf-\xa5\xe2\xbd\xc7=%\xbfv\xc1K?\xd4\x96??\x84x\xe4\xbdJ\xfe\x82>\x7f\x99f>', b"\x93NUMPY\x01\x00v\x00{'descr': '<f4', 'fortran_order': False, 'shape': (8,), }                                                            \n\xcc\xf7\x86\xbc \xb5\xbc?\xb6-\x1b?\xacH\xf7>\x9a$\x88?\x0c?\xd6\xbc\x9e\x85\x8b?`\xb4P\xbf", b"\x93NUMPY\x01\x00v\x00{'descr': '<f4', 'fortran_order': False, 'shape': (1, 8), }                                                          \n\x8a\x87\x97>4\x80\xf9>\x9c\x0e2>&\x98y\xbf_\xbe\xeb>\x17]o\xbeF+\xe0>\x85T\xf3>", b"\x93NUMPY\x01\x00v\x00{'descr': '<f4', 'fortran_order': False, 'shape': (1,), }                                                            \n\xd8R\xfd?"], tensor_type='numpy.ndarray')
2025-04-28 12:38:04,361 - flwr - INFO - fit progress: (1, 0.0, {}, 11.241073499993945)
2025-04-28 12:38:04,362 - flwr - INFO - configure_evaluate: strategy sampled 2 clients (out of 2)
2025-04-28 12:38:04,386 - flwr - INFO - aggregate_evaluate: received 2 results and 0 failures
2025-04-28 12:38:04,387 - flwr - WARNING - No evaluate_metrics_aggregation_fn provided
2025-04-28 12:38:04,387 - flwr - INFO - 
2025-04-28 12:38:04,387 - flwr - INFO - [ROUND 2]
2025-04-28 12:38:04,388 - flwr - INFO - configure_fit: strategy sampled 2 clients (out of 2)
2025-04-28 12:38:08,897 - flwr - INFO - aggregate_fit: received 2 results and 0 failures
2025-04-28 12:38:08,898 - central_server - INFO - (aggregate_fit) the received parameters are : <built-in method __sizeof__ of Parameters object at 0x7f1d3e3cbc10> //// 3  /// with num_exemples 14411 
2025-04-28 12:38:08,899 - central_server - WARNING - the aggregated parameters are : <built-in method __sizeof__ of Parameters object at 0x7f1d3e3cbfd0> /// Parameters(tensors=[b"\x93NUMPY\x01\x00v\x00{'descr': '<f4', 'fortran_order': False, 'shape': (8, 3), }                                                          \nkd\x19?|H\x86?\xe6d5\xc0\x1e\x90\x8a\xbc\n\xd3W\xbe\xcc\xda\xd3\xbe\xb1\xbc\x8f>\x98\xcfv\xc0\xbe\x94o>:\xa9\x15\xc1\x11\xa4\xbd\xbcP\x8f\x18>\xce\xdb\xa5\xbf\xc0q\xba>\xba9\xd2\xbemur>\x80\x18\xa7\xbf\xea\xfa\xec>F*\x8d\xc0\xdc\xb2\xb2?\xac\x8cg?\x12\x172\xbf\x16\x9a\x03=<_\x1d>", b"\x93NUMPY\x01\x00v\x00{'descr': '<f4', 'fortran_order': False, 'shape': (8,), }                                                            \n\xb7\x88F\xbf\x80\xb7\xce=\xb2_\x8c\xbf\x11\x8f\xa6\xbd\x92\xec\x0f\xbfNUh\xbf\xc8kK?\xc0\x15\x04\xbf", b'\x93NUMPY\x01\x00v\x00{\'descr\': \'<f4\', \'fortran_order\': False, \'shape\': (8, 8), }                                                          \nj\r\xa1\xbfl{i\xbev\x03|\xbf\xda\xe7\xdb>\xea30>\xdeq\x8e\xbfG{C?\x8e\x08,\xbe\x0ci^\xbfd\xdb\x05=\xfc\xb0\xf3>D\x19\xcb\xbfh\xc3S\xbf\x17\x07\xe7=d`+\xc0\xe8\xfe\x01\xbfj\xa6-\xbfD\x80\x16\xbel\x11\xd3\xbeLf\xba\xbe|\x9db>Z\x9a\x1a=\xf2\xbf\x80\xbf\xfe\xd8\xcc=z\xb4]\xbf\xe2\x0b\x18>mc\xfe\xbe\xce\xa5??\xe0\xc4\xbb><\\M\xbe\xb9\xdb9?\x070\xaa\xbd~\xb0\xb0\xbf\xd4\xcao\xbd\xee1\xdf>#\xa7\xce\xbf\x19%.\xbe"\x9d\x08\xbf\x8b \xa8\xbf\\\xe7\x04>\xc5\xf6\xb2>"\x89\xeb=\xe7\x9a\xd5=Zgm\xbf\xdc\xf4E>]\xaa\x82\xbe\xb2>\x17\xbfP\x1a\xb6=3\x97\x98\xbfRg\xd4=>\xbaR?\x96JK\xc0\n\x87\xf1\xbd\xed\x06r\xbd4=\x86\xbe\x12\x8a\xac=\xeaf\xac\xbf.\xa5\xe2\xbdK\xb8\x0e\xbf\xab|^?\xe0\xfd<?\xb8\x8aJ\xbe\xe0p\xda\xbb\x80\x99f>', b"\x93NUMPY\x01\x00v\x00{'descr': '<f4', 'fortran_order': False, 'shape': (8,), }                                                            \n\x084!\xbf\x9b\xd5\xdf?\xadY]?\xb0\xccf?\xb7\x88\xb2?~}\r\xbf\xe8F\x9e?\xf9l\xb0\xbf", b"\x93NUMPY\x01\x00v\x00{'descr': '<f4', 'fortran_order': False, 'shape': (1, 8), }                                                          \n\xd0\xdd/>z)0?G\xf0\x87\xbfw\xabr\xbf\xfd\xb4r?$\x126\xbe\xbf\xe0\\?x\xfc\x05?", b"\x93NUMPY\x01\x00v\x00{'descr': '<f4', 'fortran_order': False, 'shape': (1,), }                                                            \n\x8a\xd1\n@"], tensor_type='numpy.ndarray')
2025-04-28 12:38:08,899 - central_server - INFO - (evaluation function)the received parameters are : Parameters(tensors=[b"\x93NUMPY\x01\x00v\x00{'descr': '<f4', 'fortran_order': False, 'shape': (8, 3), }                                                          \nkd\x19?|H\x86?\xe6d5\xc0\x1e\x90\x8a\xbc\n\xd3W\xbe\xcc\xda\xd3\xbe\xb1\xbc\x8f>\x98\xcfv\xc0\xbe\x94o>:\xa9\x15\xc1\x11\xa4\xbd\xbcP\x8f\x18>\xce\xdb\xa5\xbf\xc0q\xba>\xba9\xd2\xbemur>\x80\x18\xa7\xbf\xea\xfa\xec>F*\x8d\xc0\xdc\xb2\xb2?\xac\x8cg?\x12\x172\xbf\x16\x9a\x03=<_\x1d>", b"\x93NUMPY\x01\x00v\x00{'descr': '<f4', 'fortran_order': False, 'shape': (8,), }                                                            \n\xb7\x88F\xbf\x80\xb7\xce=\xb2_\x8c\xbf\x11\x8f\xa6\xbd\x92\xec\x0f\xbfNUh\xbf\xc8kK?\xc0\x15\x04\xbf", b'\x93NUMPY\x01\x00v\x00{\'descr\': \'<f4\', \'fortran_order\': False, \'shape\': (8, 8), }                                                          \nj\r\xa1\xbfl{i\xbev\x03|\xbf\xda\xe7\xdb>\xea30>\xdeq\x8e\xbfG{C?\x8e\x08,\xbe\x0ci^\xbfd\xdb\x05=\xfc\xb0\xf3>D\x19\xcb\xbfh\xc3S\xbf\x17\x07\xe7=d`+\xc0\xe8\xfe\x01\xbfj\xa6-\xbfD\x80\x16\xbel\x11\xd3\xbeLf\xba\xbe|\x9db>Z\x9a\x1a=\xf2\xbf\x80\xbf\xfe\xd8\xcc=z\xb4]\xbf\xe2\x0b\x18>mc\xfe\xbe\xce\xa5??\xe0\xc4\xbb><\\M\xbe\xb9\xdb9?\x070\xaa\xbd~\xb0\xb0\xbf\xd4\xcao\xbd\xee1\xdf>#\xa7\xce\xbf\x19%.\xbe"\x9d\x08\xbf\x8b \xa8\xbf\\\xe7\x04>\xc5\xf6\xb2>"\x89\xeb=\xe7\x9a\xd5=Zgm\xbf\xdc\xf4E>]\xaa\x82\xbe\xb2>\x17\xbfP\x1a\xb6=3\x97\x98\xbfRg\xd4=>\xbaR?\x96JK\xc0\n\x87\xf1\xbd\xed\x06r\xbd4=\x86\xbe\x12\x8a\xac=\xeaf\xac\xbf.\xa5\xe2\xbdK\xb8\x0e\xbf\xab|^?\xe0\xfd<?\xb8\x8aJ\xbe\xe0p\xda\xbb\x80\x99f>', b"\x93NUMPY\x01\x00v\x00{'descr': '<f4', 'fortran_order': False, 'shape': (8,), }                                                            \n\x084!\xbf\x9b\xd5\xdf?\xadY]?\xb0\xccf?\xb7\x88\xb2?~}\r\xbf\xe8F\x9e?\xf9l\xb0\xbf", b"\x93NUMPY\x01\x00v\x00{'descr': '<f4', 'fortran_order': False, 'shape': (1, 8), }                                                          \n\xd0\xdd/>z)0?G\xf0\x87\xbfw\xabr\xbf\xfd\xb4r?$\x126\xbe\xbf\xe0\\?x\xfc\x05?", b"\x93NUMPY\x01\x00v\x00{'descr': '<f4', 'fortran_order': False, 'shape': (1,), }                                                            \n\x8a\xd1\n@"], tensor_type='numpy.ndarray')
2025-04-28 12:38:08,900 - flwr - INFO - fit progress: (2, 0.0, {}, 15.779615195999213)
2025-04-28 12:38:08,901 - flwr - INFO - configure_evaluate: strategy sampled 2 clients (out of 2)
2025-04-28 12:38:08,933 - flwr - INFO - aggregate_evaluate: received 2 results and 0 failures
2025-04-28 12:38:08,934 - flwr - INFO - 
2025-04-28 12:38:08,935 - flwr - INFO - [ROUND 3]
2025-04-28 12:38:08,935 - flwr - INFO - configure_fit: strategy sampled 2 clients (out of 2)
2025-04-28 12:38:14,149 - flwr - INFO - aggregate_fit: received 2 results and 0 failures
2025-04-28 12:38:14,149 - central_server - INFO - (aggregate_fit) the received parameters are : <built-in method __sizeof__ of Parameters object at 0x7f1d3e3d87d0> //// 3  /// with num_exemples 14411 
2025-04-28 12:38:14,151 - central_server - WARNING - the aggregated parameters are : <built-in method __sizeof__ of Parameters object at 0x7f1d3e3caf10> /// Parameters(tensors=[b"\x93NUMPY\x01\x00v\x00{'descr': '<f4', 'fortran_order': False, 'shape': (8, 3), }                                                          \n<l*?\x0eU\xdf?\x8cAk\xc0\x1e\x90\x8a\xbc\n\xd3W\xbe\xcc\xda\xd3\xbeR\xb6\xa0>\x89?\x92\xc0\xdaS\xae>\xae\t(\xc1h\xb0\xdc>\xb2\x1f\xf5>\xce\xdb\xa5\xbf\xc0q\xba>\xba9\xd2\xbe\xcd\x8e\xbe>>\xe2\n\xc0|\x8c\x14>Z|L\xc0\\\xd6\xd0?\xb0\x9f\xc3?\x12\x172\xbf\x16\x9a\x03=<_\x1d>", b"\x93NUMPY\x01\x00v\x00{'descr': '<f4', 'fortran_order': False, 'shape': (8,), }                                                            \n\xe4\x8fn\xbf\x80\xb7\xce=\xd9{\xab\xbf\x89\xf3\xcb>\x92\xec\x0f\xbf\x10]\x9b\xbf\xf4\xea\xac?\xc0\x15\x04\xbf", b'\x93NUMPY\x01\x00v\x00{\'descr\': \'<f4\', \'fortran_order\': False, \'shape\': (8, 8), }                                                          \nG\xbcR\xc0l{i\xbe\t?\x8b\xbf\x0f\xae#>\xea30>[\x89\x8e\xbfY\xf9\xd0>\x8e\x08,\xbe\xaf\x91Q\xbfd\xdb\x05=\x98\x19\xeb>D\x19\xcb\xbfh\xc3S\xbf\xac\xc7\x05\xbfn\x90n\xc0\xe8\xfe\x01\xbfj=\x8e\xbfD\x80\x16\xbe\x85\x86\xf6\xbeLf\xba\xbe|\x9db>\x9b\x0c\xc0>\xf1\xaa\xd1\xbf\xfe\xd8\xcc=%e\'\xbf\xe2\x0b\x18>\x907\x0f\xbf\xd5\xb1\x82?\xe0\xc4\xbb>\xf2\x9b\x0b>V\x81\x11?\x070\xaa\xbdF\xbe\xd1\xbf\xd4\xcao\xbd\xf2\x14h?\n\x14\x14\xc0\x19%.\xbe&\xd8z\xbf\x9e\x14\x0f\xc0\\\xe7\x04>\xc0o\xce>"\x89\xeb= J{<Zgm\xbf\xdc\xf4E>\x1b\xea\x04\xbf\x98r\x81\xbfP\x1a\xb6=\x1fm\xe0\xbfRg\xd4=F\x8fj?!\xc8\r\xc0\n\x87\xf1\xbd\x0c\xd9\xe3\xbes\xa7o\xbd\x12\x8a\xac=\xeaf\xac\xbf.\xa5\xe2\xbdL\xb8\x0e\xbf\xc4_\x83?\xe0\xfd<?\x19K,\xbd>0.\xbe\x80\x99f>', b"\x93NUMPY\x01\x00v\x00{'descr': '<f4', 'fortran_order': False, 'shape': (8,), }                                                            \n\xc8\x8fh\xbf&\x82\xec?4\xdd\xf5>\xae\xe5x?w=\xb5?\xa7p_\xbf\xf4\x94\xb7?\x8cr\xda\xbf", b"\x93NUMPY\x01\x00v\x00{'descr': '<f4', 'fortran_order': False, 'shape': (1, 8), }                                                          \n\x9c\x93'>1\xe2:?\x12\x99\x89\xbf\xa2\x028\xbfv\x1b\xa4?\xbc\x1bf\xbe\xc0\na?\xdec\xd1>", b"\x93NUMPY\x01\x00v\x00{'descr': '<f4', 'fortran_order': False, 'shape': (1,), }                                                            \nh\xf3\x13@"], tensor_type='numpy.ndarray')
2025-04-28 12:38:14,152 - central_server - INFO - (evaluation function)the received parameters are : Parameters(tensors=[b"\x93NUMPY\x01\x00v\x00{'descr': '<f4', 'fortran_order': False, 'shape': (8, 3), }                                                          \n<l*?\x0eU\xdf?\x8cAk\xc0\x1e\x90\x8a\xbc\n\xd3W\xbe\xcc\xda\xd3\xbeR\xb6\xa0>\x89?\x92\xc0\xdaS\xae>\xae\t(\xc1h\xb0\xdc>\xb2\x1f\xf5>\xce\xdb\xa5\xbf\xc0q\xba>\xba9\xd2\xbe\xcd\x8e\xbe>>\xe2\n\xc0|\x8c\x14>Z|L\xc0\\\xd6\xd0?\xb0\x9f\xc3?\x12\x172\xbf\x16\x9a\x03=<_\x1d>", b"\x93NUMPY\x01\x00v\x00{'descr': '<f4', 'fortran_order': False, 'shape': (8,), }                                                            \n\xe4\x8fn\xbf\x80\xb7\xce=\xd9{\xab\xbf\x89\xf3\xcb>\x92\xec\x0f\xbf\x10]\x9b\xbf\xf4\xea\xac?\xc0\x15\x04\xbf", b'\x93NUMPY\x01\x00v\x00{\'descr\': \'<f4\', \'fortran_order\': False, \'shape\': (8, 8), }                                                          \nG\xbcR\xc0l{i\xbe\t?\x8b\xbf\x0f\xae#>\xea30>[\x89\x8e\xbfY\xf9\xd0>\x8e\x08,\xbe\xaf\x91Q\xbfd\xdb\x05=\x98\x19\xeb>D\x19\xcb\xbfh\xc3S\xbf\xac\xc7\x05\xbfn\x90n\xc0\xe8\xfe\x01\xbfj=\x8e\xbfD\x80\x16\xbe\x85\x86\xf6\xbeLf\xba\xbe|\x9db>\x9b\x0c\xc0>\xf1\xaa\xd1\xbf\xfe\xd8\xcc=%e\'\xbf\xe2\x0b\x18>\x907\x0f\xbf\xd5\xb1\x82?\xe0\xc4\xbb>\xf2\x9b\x0b>V\x81\x11?\x070\xaa\xbdF\xbe\xd1\xbf\xd4\xcao\xbd\xf2\x14h?\n\x14\x14\xc0\x19%.\xbe&\xd8z\xbf\x9e\x14\x0f\xc0\\\xe7\x04>\xc0o\xce>"\x89\xeb= J{<Zgm\xbf\xdc\xf4E>\x1b\xea\x04\xbf\x98r\x81\xbfP\x1a\xb6=\x1fm\xe0\xbfRg\xd4=F\x8fj?!\xc8\r\xc0\n\x87\xf1\xbd\x0c\xd9\xe3\xbes\xa7o\xbd\x12\x8a\xac=\xeaf\xac\xbf.\xa5\xe2\xbdL\xb8\x0e\xbf\xc4_\x83?\xe0\xfd<?\x19K,\xbd>0.\xbe\x80\x99f>', b"\x93NUMPY\x01\x00v\x00{'descr': '<f4', 'fortran_order': False, 'shape': (8,), }                                                            \n\xc8\x8fh\xbf&\x82\xec?4\xdd\xf5>\xae\xe5x?w=\xb5?\xa7p_\xbf\xf4\x94\xb7?\x8cr\xda\xbf", b"\x93NUMPY\x01\x00v\x00{'descr': '<f4', 'fortran_order': False, 'shape': (1, 8), }                                                          \n\x9c\x93'>1\xe2:?\x12\x99\x89\xbf\xa2\x028\xbfv\x1b\xa4?\xbc\x1bf\xbe\xc0\na?\xdec\xd1>", b"\x93NUMPY\x01\x00v\x00{'descr': '<f4', 'fortran_order': False, 'shape': (1,), }                                                            \nh\xf3\x13@"], tensor_type='numpy.ndarray')
2025-04-28 12:38:14,152 - flwr - INFO - fit progress: (3, 0.0, {}, 21.033503232996736)
2025-04-28 12:38:14,152 - flwr - INFO - configure_evaluate: strategy sampled 2 clients (out of 2)
2025-04-28 12:38:14,183 - flwr - INFO - aggregate_evaluate: received 2 results and 0 failures
2025-04-28 12:38:14,183 - flwr - INFO - 
2025-04-28 12:38:14,184 - flwr - INFO - [ROUND 4]
2025-04-28 12:38:14,184 - flwr - INFO - configure_fit: strategy sampled 2 clients (out of 2)
2025-04-28 12:38:18,680 - flwr - INFO - aggregate_fit: received 2 results and 0 failures
2025-04-28 12:38:18,681 - central_server - INFO - (aggregate_fit) the received parameters are : <built-in method __sizeof__ of Parameters object at 0x7f1d3e3d8f50> //// 3  /// with num_exemples 14482 
2025-04-28 12:38:18,682 - central_server - WARNING - the aggregated parameters are : <built-in method __sizeof__ of Parameters object at 0x7f1d3e3cb310> /// Parameters(tensors=[b'\x93NUMPY\x01\x00v\x00{\'descr\': \'<f4\', \'fortran_order\': False, \'shape\': (8, 3), }                                                          \nd\x87=?\xda\xaa\xfb?\x94\x7f\x89\xc0\x1e\x90\x8a\xbc\n\xd3W\xbe\xcc\xda\xd3\xbe\xd9#z>\xc6\x0c\xa6\xc0\xac\xfd\x18?n=B\xc1^\xde\x03??\x1a\x0b?\xce\xdb\xa5\xbf\xc0q\xba>\xba9\xd2\xbe\xd4\x96\x88>P\x9b\x1f\xc0\x08\xe3\xc8\xbc\xbb\xca"\xc0\xb2(\x07@\x8f\x94\xd3?\x12\x172\xbf\x16\x9a\x03=<_\x1d>', b"\x93NUMPY\x01\x00v\x00{'descr': '<f4', 'fortran_order': False, 'shape': (8,), }                                                            \n\xe2\xec\xa6\xbf\x80\xb7\xce=\xa73\xb8\xbf\x03\xc1\xf3>\x92\xec\x0f\xbf\xef@\xc8\xbf\xa2\xed\xd9?\xc0\x15\x04\xbf", b'\x93NUMPY\x01\x00v\x00{\'descr\': \'<f4\', \'fortran_order\': False, \'shape\': (8, 8), }                                                          \n\xc6\xdct\xc0l{i\xbe\xb4CW\xbf\xd4\xa7V\xbd\xea30>[\x89\x8e\xbf\xff\xcaf>\x8e\x08,\xbe\xe6v\x8d\xbfd\xdb\x05=M\x04\xa9>D\x19\xcb\xbfh\xc3S\xbf\x81\xac\x00\xbf\xef\xa1N\xc0\xe8\xfe\x01\xbfj=\x8e\xbfD\x80\x16\xbe\x17\x92\r\xbfLf\xba\xbe|\x9db>\x88x\x84>\x12C\'\xc0\xfe\xd8\xcc=\xa2\xc5\x18\xbf\xe2\x0b\x18>\x8c\xfd*\xbf\x06\x9e\xb3?\xe0\xc4\xbb>\xfd\xfa\xab>:\x04\x18?\x070\xaa\xbd\xdd\xdc\xe9\xbf\xd4\xcao\xbd_;h?\xfb\x00%\xc0\x19%.\xbeT\xbbz\xbf\xe6\'#\xc0\\\xe7\x04>\xca\xc0\xd1>"\x89\xeb=\x91j\xb3\xbdZgm\xbf\xdc\xf4E>\xe4\xd3\xea\xbe\xfbs\x8e\xbfP\x1a\xb6=\xda\x13\x00\xc0Rg\xd4=\xf4\xacw?|\x17\xad\xbf\n\x87\xf1\xbd6\xa5\xba\xbe\xbe\x92\x84\xbe\x12\x8a\xac=\x90D\\\xbf.\xa5\xe2\xbd\x18\xb4T\xbf\xbe\xff\xd7?\xe0\xfd<?\x19K,\xbd\xf3\x8b\n\xbd\x80\x99f>', b"\x93NUMPY\x01\x00v\x00{'descr': '<f4', 'fortran_order': False, 'shape': (8,), }                                                            \nr\xaby\xbf\xaa\xaf\xd1?\x95Y\x1d?4\xed7?\x15\x14\xc7?\xaf1>\xbf\xaa\x8b\xd6?\xc4f\xe4\xbf", b'\x93NUMPY\x01\x00v\x00{\'descr\': \'<f4\', \'fortran_order\': False, \'shape\': (1, 8), }                                                          \n\xd6\xf1H="\x83\x06?\xd1u\x95\xbfm\x9b\x18\xbfh|\x97?\xf0El\xbe\xfd\x16f?\n+\xf6>', b"\x93NUMPY\x01\x00v\x00{'descr': '<f4', 'fortran_order': False, 'shape': (1,), }                                                            \n\xdcv!@"], tensor_type='numpy.ndarray')
2025-04-28 12:38:18,683 - central_server - INFO - (evaluation function)the received parameters are : Parameters(tensors=[b'\x93NUMPY\x01\x00v\x00{\'descr\': \'<f4\', \'fortran_order\': False, \'shape\': (8, 3), }                                                          \nd\x87=?\xda\xaa\xfb?\x94\x7f\x89\xc0\x1e\x90\x8a\xbc\n\xd3W\xbe\xcc\xda\xd3\xbe\xd9#z>\xc6\x0c\xa6\xc0\xac\xfd\x18?n=B\xc1^\xde\x03??\x1a\x0b?\xce\xdb\xa5\xbf\xc0q\xba>\xba9\xd2\xbe\xd4\x96\x88>P\x9b\x1f\xc0\x08\xe3\xc8\xbc\xbb\xca"\xc0\xb2(\x07@\x8f\x94\xd3?\x12\x172\xbf\x16\x9a\x03=<_\x1d>', b"\x93NUMPY\x01\x00v\x00{'descr': '<f4', 'fortran_order': False, 'shape': (8,), }                                                            \n\xe2\xec\xa6\xbf\x80\xb7\xce=\xa73\xb8\xbf\x03\xc1\xf3>\x92\xec\x0f\xbf\xef@\xc8\xbf\xa2\xed\xd9?\xc0\x15\x04\xbf", b'\x93NUMPY\x01\x00v\x00{\'descr\': \'<f4\', \'fortran_order\': False, \'shape\': (8, 8), }                                                          \n\xc6\xdct\xc0l{i\xbe\xb4CW\xbf\xd4\xa7V\xbd\xea30>[\x89\x8e\xbf\xff\xcaf>\x8e\x08,\xbe\xe6v\x8d\xbfd\xdb\x05=M\x04\xa9>D\x19\xcb\xbfh\xc3S\xbf\x81\xac\x00\xbf\xef\xa1N\xc0\xe8\xfe\x01\xbfj=\x8e\xbfD\x80\x16\xbe\x17\x92\r\xbfLf\xba\xbe|\x9db>\x88x\x84>\x12C\'\xc0\xfe\xd8\xcc=\xa2\xc5\x18\xbf\xe2\x0b\x18>\x8c\xfd*\xbf\x06\x9e\xb3?\xe0\xc4\xbb>\xfd\xfa\xab>:\x04\x18?\x070\xaa\xbd\xdd\xdc\xe9\xbf\xd4\xcao\xbd_;h?\xfb\x00%\xc0\x19%.\xbeT\xbbz\xbf\xe6\'#\xc0\\\xe7\x04>\xca\xc0\xd1>"\x89\xeb=\x91j\xb3\xbdZgm\xbf\xdc\xf4E>\xe4\xd3\xea\xbe\xfbs\x8e\xbfP\x1a\xb6=\xda\x13\x00\xc0Rg\xd4=\xf4\xacw?|\x17\xad\xbf\n\x87\xf1\xbd6\xa5\xba\xbe\xbe\x92\x84\xbe\x12\x8a\xac=\x90D\\\xbf.\xa5\xe2\xbd\x18\xb4T\xbf\xbe\xff\xd7?\xe0\xfd<?\x19K,\xbd\xf3\x8b\n\xbd\x80\x99f>', b"\x93NUMPY\x01\x00v\x00{'descr': '<f4', 'fortran_order': False, 'shape': (8,), }                                                            \nr\xaby\xbf\xaa\xaf\xd1?\x95Y\x1d?4\xed7?\x15\x14\xc7?\xaf1>\xbf\xaa\x8b\xd6?\xc4f\xe4\xbf", b'\x93NUMPY\x01\x00v\x00{\'descr\': \'<f4\', \'fortran_order\': False, \'shape\': (1, 8), }                                                          \n\xd6\xf1H="\x83\x06?\xd1u\x95\xbfm\x9b\x18\xbfh|\x97?\xf0El\xbe\xfd\x16f?\n+\xf6>', b"\x93NUMPY\x01\x00v\x00{'descr': '<f4', 'fortran_order': False, 'shape': (1,), }                                                            \n\xdcv!@"], tensor_type='numpy.ndarray')
2025-04-28 12:38:18,685 - flwr - INFO - fit progress: (4, 0.0, {}, 25.56625433499721)
2025-04-28 12:38:18,685 - flwr - INFO - configure_evaluate: strategy sampled 2 clients (out of 2)
2025-04-28 12:38:18,723 - flwr - INFO - aggregate_evaluate: received 2 results and 0 failures
2025-04-28 12:38:18,723 - flwr - INFO - 
2025-04-28 12:38:18,724 - flwr - INFO - [ROUND 5]
2025-04-28 12:38:18,725 - flwr - INFO - configure_fit: strategy sampled 2 clients (out of 2)
2025-04-28 12:38:24,067 - flwr - INFO - aggregate_fit: received 2 results and 0 failures
2025-04-28 12:38:24,068 - central_server - INFO - (aggregate_fit) the received parameters are : <built-in method __sizeof__ of Parameters object at 0x7f1d3e3d9290> //// 3  /// with num_exemples 14482 
2025-04-28 12:38:24,070 - central_server - WARNING - the aggregated parameters are : <built-in method __sizeof__ of Parameters object at 0x7f1d3e3cbb10> /// Parameters(tensors=[b"\x93NUMPY\x01\x00v\x00{'descr': '<f4', 'fortran_order': False, 'shape': (8, 3), }                                                          \n\xf8\xd8\x12?\xf5\x84\x0c@\xd5Y\x94\xc0\x1e\x90\x8a\xbc\n\xd3W\xbe\xcc\xda\xd3\xbe$\xea\x17?\x9c\x02\xab\xc0\\\x01\x8b>\x00\xf4J\xc1Yc\xf9>\xc6\x8c\x1a?\xce\xdb\xa5\xbf\xc0q\xba>\xba9\xd2\xbe\xcc\xe3\xae>1(P\xc0\xb6S;\xbeq\x82G\xc0\x84_\xfb?\x16l\xc4?\x12\x172\xbf\x16\x9a\x03=<_\x1d>", b"\x93NUMPY\x01\x00v\x00{'descr': '<f4', 'fortran_order': False, 'shape': (8,), }                                                            \n(\x15\xcf\xbf\x80\xb7\xce=\xb1\xc2\xcd\xbfR\x94\x03?\x92\xec\x0f\xbf\x80I\xd5\xbf\xc2\xd4\xc2?\xc0\x15\x04\xbf", b'\x93NUMPY\x01\x00v\x00{\'descr\': \'<f4\', \'fortran_order\': False, \'shape\': (8, 8), }                                                          \n6\xbfa\xc0l{i\xbe\xb4CW\xbf]\xb0\x93\xbe\xea30>[\x89\x8e\xbf\xa8Nj>\x8e\x08,\xbej\xce\x8e\xbfd\xdb\x05=\x12\x8b\xdd>D\x19\xcb\xbfh\xc3S\xbfz>\xb0\xbeR\x83^\xc0\xe8\xfe\x01\xbf\xe2\xa8\x8f\xbfD\x80\x16\xbewG\x0f\xbfLf\xba\xbe|\x9db>\x8ff\xcd=(\t\x1b\xc0\xfe\xd8\xcc=\x8cB\xd2\xbe\xe2\x0b\x18>P\x1a\xf9\xbe~\x1e\xac?\xe0\xc4\xbb>2\xb85>uq%?\x070\xaa\xbd\x8a\x87\xe9\xbf\xd4\xcao\xbd/9\x82?\xfb\x00%\xc0\x19%.\xbeq\x8dM\xbf\xe9y \xc0\\\xe7\x04>\xe0\xf8\xc4>"\x89\xeb=^\x92\x99\xbeY\xb9^\xbf\xdc\xf4E>\xfbf!\xbf\x80\x07L\xbfP\x1a\xb6=\x1e9\x1c\xc0Rg\xd4=\xa8\xdec?\xbd\x1c\x19\xc0\n\x87\xf1\xbd\xc6\x0fS\xbe\x1c\xc8\xf7\xbe\x12\x8a\xac=\x1a\xff\xca\xbe.\xa5\xe2\xbd\x07P\x8d\xbf\xa0\xd7\xdc?\xe0\xfd<?\x19K,\xbdG"C\xbd\x80\x99f>', b"\x93NUMPY\x01\x00v\x00{'descr': '<f4', 'fortran_order': False, 'shape': (8,), }                                                            \n\x04gz\xbfA3(?\xc2^\x7f?\\d4?\xb7\xe8\x97?\x91b\x11\xbf:\xf1\xe3?\x98\xd3\x13\xc0", b"\x93NUMPY\x01\x00v\x00{'descr': '<f4', 'fortran_order': False, 'shape': (1, 8), }                                                          \n\xa6>\xce<X\xe9\x8b>\xba\xd1\xd1\xbf\xc4\xcf\x17\xbf\xf4\xb2F?\xaa\xa8<\xbe\xbc)\x8d?\xb6\xac\xe0>", b"\x93NUMPY\x01\x00v\x00{'descr': '<f4', 'fortran_order': False, 'shape': (1,), }                                                            \n\x81\x19\x1f@"], tensor_type='numpy.ndarray')
2025-04-28 12:38:24,070 - central_server - INFO - (evaluation function)the received parameters are : Parameters(tensors=[b"\x93NUMPY\x01\x00v\x00{'descr': '<f4', 'fortran_order': False, 'shape': (8, 3), }                                                          \n\xf8\xd8\x12?\xf5\x84\x0c@\xd5Y\x94\xc0\x1e\x90\x8a\xbc\n\xd3W\xbe\xcc\xda\xd3\xbe$\xea\x17?\x9c\x02\xab\xc0\\\x01\x8b>\x00\xf4J\xc1Yc\xf9>\xc6\x8c\x1a?\xce\xdb\xa5\xbf\xc0q\xba>\xba9\xd2\xbe\xcc\xe3\xae>1(P\xc0\xb6S;\xbeq\x82G\xc0\x84_\xfb?\x16l\xc4?\x12\x172\xbf\x16\x9a\x03=<_\x1d>", b"\x93NUMPY\x01\x00v\x00{'descr': '<f4', 'fortran_order': False, 'shape': (8,), }                                                            \n(\x15\xcf\xbf\x80\xb7\xce=\xb1\xc2\xcd\xbfR\x94\x03?\x92\xec\x0f\xbf\x80I\xd5\xbf\xc2\xd4\xc2?\xc0\x15\x04\xbf", b'\x93NUMPY\x01\x00v\x00{\'descr\': \'<f4\', \'fortran_order\': False, \'shape\': (8, 8), }                                                          \n6\xbfa\xc0l{i\xbe\xb4CW\xbf]\xb0\x93\xbe\xea30>[\x89\x8e\xbf\xa8Nj>\x8e\x08,\xbej\xce\x8e\xbfd\xdb\x05=\x12\x8b\xdd>D\x19\xcb\xbfh\xc3S\xbfz>\xb0\xbeR\x83^\xc0\xe8\xfe\x01\xbf\xe2\xa8\x8f\xbfD\x80\x16\xbewG\x0f\xbfLf\xba\xbe|\x9db>\x8ff\xcd=(\t\x1b\xc0\xfe\xd8\xcc=\x8cB\xd2\xbe\xe2\x0b\x18>P\x1a\xf9\xbe~\x1e\xac?\xe0\xc4\xbb>2\xb85>uq%?\x070\xaa\xbd\x8a\x87\xe9\xbf\xd4\xcao\xbd/9\x82?\xfb\x00%\xc0\x19%.\xbeq\x8dM\xbf\xe9y \xc0\\\xe7\x04>\xe0\xf8\xc4>"\x89\xeb=^\x92\x99\xbeY\xb9^\xbf\xdc\xf4E>\xfbf!\xbf\x80\x07L\xbfP\x1a\xb6=\x1e9\x1c\xc0Rg\xd4=\xa8\xdec?\xbd\x1c\x19\xc0\n\x87\xf1\xbd\xc6\x0fS\xbe\x1c\xc8\xf7\xbe\x12\x8a\xac=\x1a\xff\xca\xbe.\xa5\xe2\xbd\x07P\x8d\xbf\xa0\xd7\xdc?\xe0\xfd<?\x19K,\xbdG"C\xbd\x80\x99f>', b"\x93NUMPY\x01\x00v\x00{'descr': '<f4', 'fortran_order': False, 'shape': (8,), }                                                            \n\x04gz\xbfA3(?\xc2^\x7f?\\d4?\xb7\xe8\x97?\x91b\x11\xbf:\xf1\xe3?\x98\xd3\x13\xc0", b"\x93NUMPY\x01\x00v\x00{'descr': '<f4', 'fortran_order': False, 'shape': (1, 8), }                                                          \n\xa6>\xce<X\xe9\x8b>\xba\xd1\xd1\xbf\xc4\xcf\x17\xbf\xf4\xb2F?\xaa\xa8<\xbe\xbc)\x8d?\xb6\xac\xe0>", b"\x93NUMPY\x01\x00v\x00{'descr': '<f4', 'fortran_order': False, 'shape': (1,), }                                                            \n\x81\x19\x1f@"], tensor_type='numpy.ndarray')
2025-04-28 12:38:24,070 - flwr - INFO - fit progress: (5, 0.0, {}, 30.95187180699577)
2025-04-28 12:38:24,071 - flwr - INFO - configure_evaluate: strategy sampled 2 clients (out of 2)
2025-04-28 12:38:24,093 - flwr - INFO - aggregate_evaluate: received 2 results and 0 failures
2025-04-28 12:38:24,093 - flwr - INFO - 
2025-04-28 12:38:24,094 - flwr - INFO - [ROUND 6]
2025-04-28 12:38:24,094 - flwr - INFO - configure_fit: strategy sampled 2 clients (out of 2)
2025-04-28 12:38:28,699 - flwr - INFO - aggregate_fit: received 2 results and 0 failures
2025-04-28 12:38:28,699 - central_server - INFO - (aggregate_fit) the received parameters are : <built-in method __sizeof__ of Parameters object at 0x7f1d3e3d9490> //// 3  /// with num_exemples 14411 
2025-04-28 12:38:28,701 - central_server - WARNING - the aggregated parameters are : <built-in method __sizeof__ of Parameters object at 0x7f1d3e3cb2d0> /// Parameters(tensors=[b"\x93NUMPY\x01\x00v\x00{'descr': '<f4', 'fortran_order': False, 'shape': (8, 3), }                                                          \n\xf20)?\xae\x9c @=\x06\xa3\xc0\x1e\x90\x8a\xbc\n\xd3W\xbe\xcc\xda\xd3\xbe\x9c32?1\x05\xc1\xc0\xc0\\z>\x10%P\xc1\xfa\xc7\xd1>Q2/?\xce\xdb\xa5\xbf\xc0q\xba>\xba9\xd2\xbe\x8b\x81\xeb>$Va\xc0\xc4r\x0c\xbf\xc4k\\\xc0\xc7\xea\x02@\xcaP\xac?\x12\x172\xbf\x16\x9a\x03=<_\x1d>", b"\x93NUMPY\x01\x00v\x00{'descr': '<f4', 'fortran_order': False, 'shape': (8,), }                                                            \n\x92\xe5\xe3\xbf\x80\xb7\xce=\xbb\x1b\x0c\xc0\xa7U\x01?\x92\xec\x0f\xbf}\x06\x0f\xc0\xe7,\xbb?\xc0\x15\x04\xbf", b'\x93NUMPY\x01\x00v\x00{\'descr\': \'<f4\', \'fortran_order\': False, \'shape\': (8, 8), }                                                          \n6\xbfa\xc0l{i\xbe\xb4CW\xbf^\xb0\x93\xbe\xea30>[\x89\x8e\xbf\xa8Nj>\x8e\x08,\xbeM\xb8\x98\xbfd\xdb\x05=\xaa\xce\x85>D\x19\xcb\xbfh\xc3S\xbf\xc4\xea\xec\xbe\xde\xc1G\xc0\xe8\xfe\x01\xbf\r\x1eS\xbfD\x80\x16\xbe\x06\xd5\xea\xbeLf\xba\xbe|\x9db>t\x13\x15<\xba\xdf0\xc0\xfe\xd8\xcc=\xe9\xc9\x9a\xbe\xe2\x0b\x18>\xc5\x9b\xa1\xbe\xdc\xb3\xb2?\xe0\xc4\xbb>\x03l\xb0=0A:?\x070\xaa\xbd)\x99\n\xc0\xd4\xcao\xbdL\x85o?\xfb\x00%\xc0\x19%.\xbex\x15t\xbf\xb0\x14\xeb\xbf\\\xe7\x04>\x8c\xd1\x89>"\x89\xeb=\xb0`\xe1\xbeZ\xb9^\xbf\xdc\xf4E>\xc1?\x85\xbe\xf8\x12\x84\xbfP\x1a\xb6=U\xda\x1e\xc0Rg\xd4=\xf8\xc9\x8e? \xb7\x07\xc0\n\x87\xf1\xbdp _\xbcpn\xb4\xbf\x12\x8a\xac=24\xaa\xbe.\xa5\xe2\xbd\x94<\xd5\xbf\xc2\xe3\xe5?\xe0\xfd<?hPM\xbex\xbd\n>\x80\x99f>', b"\x93NUMPY\x01\x00v\x00{'descr': '<f4', 'fortran_order': False, 'shape': (8,), }                                                            \n\x04gz\xbf\xa8\x9a\x89=\x9a\xd9t?\xda\x1b\n?\xdc\x9b5?\xee\xee]\xbfDy\xe8?\x9a\x009\xc0", b"\x93NUMPY\x01\x00v\x00{'descr': '<f4', 'fortran_order': False, 'shape': (1, 8), }                                                          \n\xa6>\xce<3Cq\xbd6\xb5\xbc\xbf(\xaf\x12\xbf\xe3r\x0c?A\\S\xbe\x98@\xba?\xbc\xb4\xdd>", b"\x93NUMPY\x01\x00v\x00{'descr': '<f4', 'fortran_order': False, 'shape': (1,), }                                                            \n\xcb\xb1\x18@"], tensor_type='numpy.ndarray')
2025-04-28 12:38:28,701 - central_server - INFO - (evaluation function)the received parameters are : Parameters(tensors=[b"\x93NUMPY\x01\x00v\x00{'descr': '<f4', 'fortran_order': False, 'shape': (8, 3), }                                                          \n\xf20)?\xae\x9c @=\x06\xa3\xc0\x1e\x90\x8a\xbc\n\xd3W\xbe\xcc\xda\xd3\xbe\x9c32?1\x05\xc1\xc0\xc0\\z>\x10%P\xc1\xfa\xc7\xd1>Q2/?\xce\xdb\xa5\xbf\xc0q\xba>\xba9\xd2\xbe\x8b\x81\xeb>$Va\xc0\xc4r\x0c\xbf\xc4k\\\xc0\xc7\xea\x02@\xcaP\xac?\x12\x172\xbf\x16\x9a\x03=<_\x1d>", b"\x93NUMPY\x01\x00v\x00{'descr': '<f4', 'fortran_order': False, 'shape': (8,), }                                                            \n\x92\xe5\xe3\xbf\x80\xb7\xce=\xbb\x1b\x0c\xc0\xa7U\x01?\x92\xec\x0f\xbf}\x06\x0f\xc0\xe7,\xbb?\xc0\x15\x04\xbf", b'\x93NUMPY\x01\x00v\x00{\'descr\': \'<f4\', \'fortran_order\': False, \'shape\': (8, 8), }                                                          \n6\xbfa\xc0l{i\xbe\xb4CW\xbf^\xb0\x93\xbe\xea30>[\x89\x8e\xbf\xa8Nj>\x8e\x08,\xbeM\xb8\x98\xbfd\xdb\x05=\xaa\xce\x85>D\x19\xcb\xbfh\xc3S\xbf\xc4\xea\xec\xbe\xde\xc1G\xc0\xe8\xfe\x01\xbf\r\x1eS\xbfD\x80\x16\xbe\x06\xd5\xea\xbeLf\xba\xbe|\x9db>t\x13\x15<\xba\xdf0\xc0\xfe\xd8\xcc=\xe9\xc9\x9a\xbe\xe2\x0b\x18>\xc5\x9b\xa1\xbe\xdc\xb3\xb2?\xe0\xc4\xbb>\x03l\xb0=0A:?\x070\xaa\xbd)\x99\n\xc0\xd4\xcao\xbdL\x85o?\xfb\x00%\xc0\x19%.\xbex\x15t\xbf\xb0\x14\xeb\xbf\\\xe7\x04>\x8c\xd1\x89>"\x89\xeb=\xb0`\xe1\xbeZ\xb9^\xbf\xdc\xf4E>\xc1?\x85\xbe\xf8\x12\x84\xbfP\x1a\xb6=U\xda\x1e\xc0Rg\xd4=\xf8\xc9\x8e? \xb7\x07\xc0\n\x87\xf1\xbdp _\xbcpn\xb4\xbf\x12\x8a\xac=24\xaa\xbe.\xa5\xe2\xbd\x94<\xd5\xbf\xc2\xe3\xe5?\xe0\xfd<?hPM\xbex\xbd\n>\x80\x99f>', b"\x93NUMPY\x01\x00v\x00{'descr': '<f4', 'fortran_order': False, 'shape': (8,), }                                                            \n\x04gz\xbf\xa8\x9a\x89=\x9a\xd9t?\xda\x1b\n?\xdc\x9b5?\xee\xee]\xbfDy\xe8?\x9a\x009\xc0", b"\x93NUMPY\x01\x00v\x00{'descr': '<f4', 'fortran_order': False, 'shape': (1, 8), }                                                          \n\xa6>\xce<3Cq\xbd6\xb5\xbc\xbf(\xaf\x12\xbf\xe3r\x0c?A\\S\xbe\x98@\xba?\xbc\xb4\xdd>", b"\x93NUMPY\x01\x00v\x00{'descr': '<f4', 'fortran_order': False, 'shape': (1,), }                                                            \n\xcb\xb1\x18@"], tensor_type='numpy.ndarray')
2025-04-28 12:38:28,702 - flwr - INFO - fit progress: (6, 0.0, {}, 35.583347686995694)
2025-04-28 12:38:28,702 - flwr - INFO - configure_evaluate: strategy sampled 2 clients (out of 2)
2025-04-28 12:38:28,728 - flwr - INFO - aggregate_evaluate: received 2 results and 0 failures
2025-04-28 12:38:28,728 - flwr - INFO - 
2025-04-28 12:38:28,729 - flwr - INFO - [ROUND 7]
2025-04-28 12:38:28,730 - flwr - INFO - configure_fit: strategy sampled 2 clients (out of 2)
2025-04-28 12:38:33,932 - flwr - INFO - aggregate_fit: received 2 results and 0 failures
2025-04-28 12:38:33,932 - central_server - INFO - (aggregate_fit) the received parameters are : <built-in method __sizeof__ of Parameters object at 0x7f1d3e3d9150> //// 3  /// with num_exemples 14411 
2025-04-28 12:38:33,933 - central_server - WARNING - the aggregated parameters are : <built-in method __sizeof__ of Parameters object at 0x7f1d3e3cbd50> /// Parameters(tensors=[b'\x93NUMPY\x01\x00v\x00{\'descr\': \'<f4\', \'fortran_order\': False, \'shape\': (8, 3), }                                                          \n\xf2P\xe7>\xbeK"@\xe6\xc6\xae\xc0\x1e\x90\x8a\xbc\n\xd3W\xbe\xcc\xda\xd3\xbe\x12\xcbm?\x937\xcd\xc0g`4>,\xe7Y\xc1\x0b\xca\xbf>\x87\xcf9?\xce\xdb\xa5\xbf\xc0q\xba>\xba9\xd2\xbe\xccC\x11>9/s\xc0\x06\xc0!\xbfUb2\xc0\xb2!9@j\xfd\xb2?\x12\x172\xbf\x16\x9a\x03=<_\x1d>', b"\x93NUMPY\x01\x00v\x00{'descr': '<f4', 'fortran_order': False, 'shape': (8,), }                                                            \n:;\x12\xc0\x80\xb7\xce=\x01Z\x17\xc0\xd8;\x01?\x92\xec\x0f\xbf\xd0M\x1b\xc0\xfa\x11\xe6?\xc0\x15\x04\xbf", b'\x93NUMPY\x01\x00v\x00{\'descr\': \'<f4\', \'fortran_order\': False, \'shape\': (8, 8), }                                                          \n6\xbfa\xc0l{i\xbe\xb4CW\xbf\xbb\xf4\xe4\xbe\xea30>[\x89\x8e\xbfS\x8b\x99=\x8e\x08,\xbemUs\xbfd\xdb\x05=\x95\x19j>D\x19\xcb\xbfh\xc3S\xbf\xf8{\xf4\xbed\tW\xc0\xe8\xfe\x01\xbf\xdb(\xee\xbeD\x80\x16\xbeh\xce+\xbfLf\xba\xbe|\x9db>%\xc4\xb7<BU8\xc0\xfe\xd8\xcc=D\x1bs>\xe2\x0b\x18>-\x04\x90\xbe\xfaZ\xcf?\xe0\xc4\xbb>\x8c\xc2\xab=TC\x02?\x070\xaa\xbdhH\x12\xc0\xd4\xcao\xbdE\x83v?\xfb\x00%\xc0\x19%.\xbe\xfa\x02R\xbf\xc95\x11\xc0\\\xe7\x04>\x1e\x8d\xb8>"\x89\xeb=.n\xae\xbeZ\xb9^\xbf\xdc\xf4E>O\xb7t\xbe|\xdbL\xbfP\x1a\xb6=\xe8\xef(\xc0Rg\xd4=\x16\xe7Z?lm\xdc\xbf\n\x87\xf1\xbd`I\x91\xbe\xadf\x05\xc0\x12\x8a\xac=7\x89\x1e>.\xa5\xe2\xbd\xc2K\xe8\xbf\xf6<\xeb?\xe0\xfd<?hPM\xbe\xe4;5>\x80\x99f>', b"\x93NUMPY\x01\x00v\x00{'descr': '<f4', 'fortran_order': False, 'shape': (8,), }                                                            \n`\xe5\x90\xbf\xdf\x1f0\xbe0\xceV?D\x17\xc7>\xe8\xb2\xc3>\xa6i\x8e\xbf\xc2}\x0f@\xf80[\xc0", b"\x93NUMPY\x01\x00v\x00{'descr': '<f4', 'fortran_order': False, 'shape': (1, 8), }                                                          \n\x1a\x95\x19\xbe8\xbbt\xbd4\x1e\x7f\xbf\xbb\xd8\x12\xbfJ\xdf\xfe>\xb6\xe9\xe2\xbd\x04\x19\xcc?\x97I\xf0>", b"\x93NUMPY\x01\x00v\x00{'descr': '<f4', 'fortran_order': False, 'shape': (1,), }                                                            \n\xd2\xaa\x1b@"], tensor_type='numpy.ndarray')
2025-04-28 12:38:33,934 - central_server - INFO - (evaluation function)the received parameters are : Parameters(tensors=[b'\x93NUMPY\x01\x00v\x00{\'descr\': \'<f4\', \'fortran_order\': False, \'shape\': (8, 3), }                                                          \n\xf2P\xe7>\xbeK"@\xe6\xc6\xae\xc0\x1e\x90\x8a\xbc\n\xd3W\xbe\xcc\xda\xd3\xbe\x12\xcbm?\x937\xcd\xc0g`4>,\xe7Y\xc1\x0b\xca\xbf>\x87\xcf9?\xce\xdb\xa5\xbf\xc0q\xba>\xba9\xd2\xbe\xccC\x11>9/s\xc0\x06\xc0!\xbfUb2\xc0\xb2!9@j\xfd\xb2?\x12\x172\xbf\x16\x9a\x03=<_\x1d>', b"\x93NUMPY\x01\x00v\x00{'descr': '<f4', 'fortran_order': False, 'shape': (8,), }                                                            \n:;\x12\xc0\x80\xb7\xce=\x01Z\x17\xc0\xd8;\x01?\x92\xec\x0f\xbf\xd0M\x1b\xc0\xfa\x11\xe6?\xc0\x15\x04\xbf", b'\x93NUMPY\x01\x00v\x00{\'descr\': \'<f4\', \'fortran_order\': False, \'shape\': (8, 8), }                                                          \n6\xbfa\xc0l{i\xbe\xb4CW\xbf\xbb\xf4\xe4\xbe\xea30>[\x89\x8e\xbfS\x8b\x99=\x8e\x08,\xbemUs\xbfd\xdb\x05=\x95\x19j>D\x19\xcb\xbfh\xc3S\xbf\xf8{\xf4\xbed\tW\xc0\xe8\xfe\x01\xbf\xdb(\xee\xbeD\x80\x16\xbeh\xce+\xbfLf\xba\xbe|\x9db>%\xc4\xb7<BU8\xc0\xfe\xd8\xcc=D\x1bs>\xe2\x0b\x18>-\x04\x90\xbe\xfaZ\xcf?\xe0\xc4\xbb>\x8c\xc2\xab=TC\x02?\x070\xaa\xbdhH\x12\xc0\xd4\xcao\xbdE\x83v?\xfb\x00%\xc0\x19%.\xbe\xfa\x02R\xbf\xc95\x11\xc0\\\xe7\x04>\x1e\x8d\xb8>"\x89\xeb=.n\xae\xbeZ\xb9^\xbf\xdc\xf4E>O\xb7t\xbe|\xdbL\xbfP\x1a\xb6=\xe8\xef(\xc0Rg\xd4=\x16\xe7Z?lm\xdc\xbf\n\x87\xf1\xbd`I\x91\xbe\xadf\x05\xc0\x12\x8a\xac=7\x89\x1e>.\xa5\xe2\xbd\xc2K\xe8\xbf\xf6<\xeb?\xe0\xfd<?hPM\xbe\xe4;5>\x80\x99f>', b"\x93NUMPY\x01\x00v\x00{'descr': '<f4', 'fortran_order': False, 'shape': (8,), }                                                            \n`\xe5\x90\xbf\xdf\x1f0\xbe0\xceV?D\x17\xc7>\xe8\xb2\xc3>\xa6i\x8e\xbf\xc2}\x0f@\xf80[\xc0", b"\x93NUMPY\x01\x00v\x00{'descr': '<f4', 'fortran_order': False, 'shape': (1, 8), }                                                          \n\x1a\x95\x19\xbe8\xbbt\xbd4\x1e\x7f\xbf\xbb\xd8\x12\xbfJ\xdf\xfe>\xb6\xe9\xe2\xbd\x04\x19\xcc?\x97I\xf0>", b"\x93NUMPY\x01\x00v\x00{'descr': '<f4', 'fortran_order': False, 'shape': (1,), }                                                            \n\xd2\xaa\x1b@"], tensor_type='numpy.ndarray')
2025-04-28 12:38:33,934 - flwr - INFO - fit progress: (7, 0.0, {}, 40.815593415994954)
2025-04-28 12:38:33,935 - flwr - INFO - configure_evaluate: strategy sampled 2 clients (out of 2)
2025-04-28 12:38:33,970 - flwr - INFO - aggregate_evaluate: received 2 results and 0 failures
2025-04-28 12:38:33,971 - flwr - INFO - 
2025-04-28 12:38:33,971 - flwr - INFO - [ROUND 8]
2025-04-28 12:38:33,971 - flwr - INFO - configure_fit: strategy sampled 2 clients (out of 2)
2025-04-28 12:38:38,603 - flwr - INFO - aggregate_fit: received 2 results and 0 failures
2025-04-28 12:38:38,605 - central_server - INFO - (aggregate_fit) the received parameters are : <built-in method __sizeof__ of Parameters object at 0x7f1d3e3d96d0> //// 3  /// with num_exemples 14411 
2025-04-28 12:38:38,606 - central_server - WARNING - the aggregated parameters are : <built-in method __sizeof__ of Parameters object at 0x7f1d3e3cb2d0> /// Parameters(tensors=[b"\x93NUMPY\x01\x00v\x00{'descr': '<f4', 'fortran_order': False, 'shape': (8, 3), }                                                          \n\x93\xe0R>\xba\x9f3@\xcb\xd8\xb3\xc0\x1e\x90\x8a\xbc\n\xd3W\xbe\xcc\xda\xd3\xbe,\xd6\xca>\x1c\xe7\xe4\xc0\xc3s\xca=\x1e||\xc1\x84\xd7\xab>K<r?\xce\xdb\xa5\xbf\xc0q\xba>\xba9\xd2\xbel\xfc\x83>\x1d\xd4x\xc0\x06\xc0!\xbfc\xe7\x1f\xc0^l>@\xb9I\xca?\x12\x172\xbf\x16\x9a\x03=<_\x1d>", b"\x93NUMPY\x01\x00v\x00{'descr': '<f4', 'fortran_order': False, 'shape': (8,), }                                                            \n\xc2\xb5\x05\xc0\x80\xb7\xce=i\x94@\xc0\x84\xcb)?\x92\xec\x0f\xbf\xec$!\xc0<M\x02@\xc0\x15\x04\xbf", b'\x93NUMPY\x01\x00v\x00{\'descr\': \'<f4\', \'fortran_order\': False, \'shape\': (8, 8), }                                                          \n6\xbfa\xc0l{i\xbe\xb4CW\xbf\xbc\xf4\xe4\xbe\xea30>[\x89\x8e\xbfT\x8b\x99=\x8e\x08,\xbenUs\xbfd\xdb\x05=`E >D\x19\xcb\xbfh\xc3S\xbf\xf8{\xf4\xbed\tW\xc0\xe8\xfe\x01\xbf/p\x92\xbeD\x80\x16\xbe\xd0\xa5B\xbfLf\xba\xbe|\x9db>&\xc4\xb7<\xfa\xfcl\xc0\xfe\xd8\xcc=,@G>\xe2\x0b\x18>\xac\xa7j\xbe\xc8\xee\x02@\xe0\xc4\xbb>\x92x\x8a\xbeV\xcfL?\x070\xaa\xbd,\r&\xc0\xd4\xcao\xbd>\xe37?\xfb\x00%\xc0\x19%.\xbe\x8e\xc5z\xbfD\xa8#\xc0\\\xe7\x04>\x8c\t\xf2="\x89\xeb=X"E\xbeZ\xb9^\xbf\xdc\xf4E>Ps\x1d\xbe\xe4\x8f7\xbfP\x1a\xb6=\xec\xbcP\xc0Rg\xd4=`\x07`?o\x05\xd9\xbf\n\x87\xf1\xbd`I\x91\xbe:g#\xc0\x12\x8a\xac=\x8aMw?.\xa5\xe2\xbd\xea\xd2\xf6\xbfX\x02\x0c@\xe0\xfd<?\xf7\x17)\xbd\x17S\x8d>\x80\x99f>', b"\x93NUMPY\x01\x00v\x00{'descr': '<f4', 'fortran_order': False, 'shape': (8,), }                                                            \n`\xe5\x90\xbfy7\r\xbe`\x17v?+\xfb\xe0\xbe\xc3<\xab\xbd\x91\x15e\xbf\xe8J\x04@\x96gy\xc0", b"\x93NUMPY\x01\x00v\x00{'descr': '<f4', 'fortran_order': False, 'shape': (1, 8), }                                                          \n\x1a\x95\x19\xbe\x1b\xef\x05\xbd\xc2{\x92\xbf\x12\xc4!\xbfr\xcf=>Z\xfeq\xbd-_\xae?>\xa2\xed>", b"\x93NUMPY\x01\x00v\x00{'descr': '<f4', 'fortran_order': False, 'shape': (1,), }                                                            \n>\x80?@"], tensor_type='numpy.ndarray')
2025-04-28 12:38:38,606 - central_server - INFO - (evaluation function)the received parameters are : Parameters(tensors=[b"\x93NUMPY\x01\x00v\x00{'descr': '<f4', 'fortran_order': False, 'shape': (8, 3), }                                                          \n\x93\xe0R>\xba\x9f3@\xcb\xd8\xb3\xc0\x1e\x90\x8a\xbc\n\xd3W\xbe\xcc\xda\xd3\xbe,\xd6\xca>\x1c\xe7\xe4\xc0\xc3s\xca=\x1e||\xc1\x84\xd7\xab>K<r?\xce\xdb\xa5\xbf\xc0q\xba>\xba9\xd2\xbel\xfc\x83>\x1d\xd4x\xc0\x06\xc0!\xbfc\xe7\x1f\xc0^l>@\xb9I\xca?\x12\x172\xbf\x16\x9a\x03=<_\x1d>", b"\x93NUMPY\x01\x00v\x00{'descr': '<f4', 'fortran_order': False, 'shape': (8,), }                                                            \n\xc2\xb5\x05\xc0\x80\xb7\xce=i\x94@\xc0\x84\xcb)?\x92\xec\x0f\xbf\xec$!\xc0<M\x02@\xc0\x15\x04\xbf", b'\x93NUMPY\x01\x00v\x00{\'descr\': \'<f4\', \'fortran_order\': False, \'shape\': (8, 8), }                                                          \n6\xbfa\xc0l{i\xbe\xb4CW\xbf\xbc\xf4\xe4\xbe\xea30>[\x89\x8e\xbfT\x8b\x99=\x8e\x08,\xbenUs\xbfd\xdb\x05=`E >D\x19\xcb\xbfh\xc3S\xbf\xf8{\xf4\xbed\tW\xc0\xe8\xfe\x01\xbf/p\x92\xbeD\x80\x16\xbe\xd0\xa5B\xbfLf\xba\xbe|\x9db>&\xc4\xb7<\xfa\xfcl\xc0\xfe\xd8\xcc=,@G>\xe2\x0b\x18>\xac\xa7j\xbe\xc8\xee\x02@\xe0\xc4\xbb>\x92x\x8a\xbeV\xcfL?\x070\xaa\xbd,\r&\xc0\xd4\xcao\xbd>\xe37?\xfb\x00%\xc0\x19%.\xbe\x8e\xc5z\xbfD\xa8#\xc0\\\xe7\x04>\x8c\t\xf2="\x89\xeb=X"E\xbeZ\xb9^\xbf\xdc\xf4E>Ps\x1d\xbe\xe4\x8f7\xbfP\x1a\xb6=\xec\xbcP\xc0Rg\xd4=`\x07`?o\x05\xd9\xbf\n\x87\xf1\xbd`I\x91\xbe:g#\xc0\x12\x8a\xac=\x8aMw?.\xa5\xe2\xbd\xea\xd2\xf6\xbfX\x02\x0c@\xe0\xfd<?\xf7\x17)\xbd\x17S\x8d>\x80\x99f>', b"\x93NUMPY\x01\x00v\x00{'descr': '<f4', 'fortran_order': False, 'shape': (8,), }                                                            \n`\xe5\x90\xbfy7\r\xbe`\x17v?+\xfb\xe0\xbe\xc3<\xab\xbd\x91\x15e\xbf\xe8J\x04@\x96gy\xc0", b"\x93NUMPY\x01\x00v\x00{'descr': '<f4', 'fortran_order': False, 'shape': (1, 8), }                                                          \n\x1a\x95\x19\xbe\x1b\xef\x05\xbd\xc2{\x92\xbf\x12\xc4!\xbfr\xcf=>Z\xfeq\xbd-_\xae?>\xa2\xed>", b"\x93NUMPY\x01\x00v\x00{'descr': '<f4', 'fortran_order': False, 'shape': (1,), }                                                            \n>\x80?@"], tensor_type='numpy.ndarray')
2025-04-28 12:38:38,606 - flwr - INFO - fit progress: (8, 0.0, {}, 45.48807804299577)
2025-04-28 12:38:38,607 - flwr - INFO - configure_evaluate: strategy sampled 2 clients (out of 2)
2025-04-28 12:38:38,641 - flwr - INFO - aggregate_evaluate: received 2 results and 0 failures
2025-04-28 12:38:38,641 - flwr - INFO - 
2025-04-28 12:38:38,641 - flwr - INFO - [ROUND 9]
2025-04-28 12:38:38,642 - flwr - INFO - configure_fit: strategy sampled 2 clients (out of 2)
2025-04-28 12:38:43,979 - flwr - INFO - aggregate_fit: received 2 results and 0 failures
2025-04-28 12:38:43,980 - central_server - INFO - (aggregate_fit) the received parameters are : <built-in method __sizeof__ of Parameters object at 0x7f1d3ea275d0> //// 3  /// with num_exemples 14411 
2025-04-28 12:38:43,982 - central_server - WARNING - the aggregated parameters are : <built-in method __sizeof__ of Parameters object at 0x7f1d3e392dd0> /// Parameters(tensors=[b"\x93NUMPY\x01\x00v\x00{'descr': '<f4', 'fortran_order': False, 'shape': (8, 3), }                                                          \nkB\xa0>RZ>@\xcc\xd8\xb3\xc0\x1e\x90\x8a\xbc\n\xd3W\xbe\xcc\xda\xd3\xbe\x81\xed\t?\x9e~\xef\xc0A]\xc1>\x1aa\x7f\xc1\xfeDs>\xcd\xe9H?\xce\xdb\xa5\xbf\xc0q\xba>\xba9\xd2\xbeak\xcf\xbd\xc8\xef\x88\xc0\x06\xc0!\xbf\xd0eL\xc0\x1a\x1c\x1c@\xbfn\xad?\x12\x172\xbf\x16\x9a\x03=<_\x1d>", b"\x93NUMPY\x01\x00v\x00{'descr': '<f4', 'fortran_order': False, 'shape': (8,), }                                                            \n\xef\xb3\xf5\xbf\x80\xb7\xce=\xde\x0e@\xc0I0\xe9>\x92\xec\x0f\xbfP0:\xc0\xfb8\xcb?\xc0\x15\x04\xbf", b'\x93NUMPY\x01\x00v\x00{\'descr\': \'<f4\', \'fortran_order\': False, \'shape\': (8, 8), }                                                          \n6\xbfa\xc0l{i\xbe\xb4CW\xbf\xbc\xf4\xe4\xbe\xea30>[\x89\x8e\xbfT\x8b\x99=\x8e\x08,\xbenUs\xbfd\xdb\x05=\x91\xe7\xa2=D\x19\xcb\xbfh\xc3S\xbf\xf8{\xf4\xbed\tW\xc0\xe8\xfe\x01\xbf\x8a\xd6\xae\xbeD\x80\x16\xbe P&\xbfLf\xba\xbe|\x9db>&\xc4\xb7<fOd\xc0\xfe\xd8\xcc=8\xa7\xdc=\xe2\x0b\x18>h\x96\xe8\xbd\xa8F\xff?\xe0\xc4\xbb>\xc6\xff\x9e\xbdn\xd2p?\x070\xaa\xbd\x9d/0\xc0\xd4\xcao\xbd(OG?\xfb\x00%\xc0\x19%.\xbe\x8e\xc5z\xbfD\xa8#\xc0\\\xe7\x04>\xca\xc2\xfc\xbc"\x89\xeb=\xe4\xf5)\xbeZ\xb9^\xbf\xdc\xf4E>Ps\x1d\xbe\xe4\x8f7\xbfP\x1a\xb6=\x93\x02\x81\xc0Rg\xd4=;^\x89?\xf8\xec\xfb\xbf\n\x87\xf1\xbd`I\x91\xbe\xe8\xe7\x1a\xc0\x12\x8a\xac=T )?.\xa5\xe2\xbd\x929\x0f\xc0\xd8\x80\x10@\xe0\xfd<?\xa1\x83L\xbe\xe4\xce\xc6>\x80\x99f>', b"\x93NUMPY\x01\x00v\x00{'descr': '<f4', 'fortran_order': False, 'shape': (8,), }                                                            \n`\xe5\x90\xbf/\xd7\x8d\xbeiK\xb8?\x990\x07\xbf\xa4\xeeN\xbdW}\x84\xbfB\x9a\x03@\xaaC{\xc0", b"\x93NUMPY\x01\x00v\x00{'descr': '<f4', 'fortran_order': False, 'shape': (1, 8), }                                                          \n\x1a\x95\x19\xbe\x07`\x9f\xbd4S\x95\xbfp\xc8&\xbfM\xcc\x02?p\xff\x02=\xef\xbc\xb9?\xc6U\x06?", b"\x93NUMPY\x01\x00v\x00{'descr': '<f4', 'fortran_order': False, 'shape': (1,), }                                                            \n\xb2{5@"], tensor_type='numpy.ndarray')
2025-04-28 12:38:43,983 - central_server - INFO - (evaluation function)the received parameters are : Parameters(tensors=[b"\x93NUMPY\x01\x00v\x00{'descr': '<f4', 'fortran_order': False, 'shape': (8, 3), }                                                          \nkB\xa0>RZ>@\xcc\xd8\xb3\xc0\x1e\x90\x8a\xbc\n\xd3W\xbe\xcc\xda\xd3\xbe\x81\xed\t?\x9e~\xef\xc0A]\xc1>\x1aa\x7f\xc1\xfeDs>\xcd\xe9H?\xce\xdb\xa5\xbf\xc0q\xba>\xba9\xd2\xbeak\xcf\xbd\xc8\xef\x88\xc0\x06\xc0!\xbf\xd0eL\xc0\x1a\x1c\x1c@\xbfn\xad?\x12\x172\xbf\x16\x9a\x03=<_\x1d>", b"\x93NUMPY\x01\x00v\x00{'descr': '<f4', 'fortran_order': False, 'shape': (8,), }                                                            \n\xef\xb3\xf5\xbf\x80\xb7\xce=\xde\x0e@\xc0I0\xe9>\x92\xec\x0f\xbfP0:\xc0\xfb8\xcb?\xc0\x15\x04\xbf", b'\x93NUMPY\x01\x00v\x00{\'descr\': \'<f4\', \'fortran_order\': False, \'shape\': (8, 8), }                                                          \n6\xbfa\xc0l{i\xbe\xb4CW\xbf\xbc\xf4\xe4\xbe\xea30>[\x89\x8e\xbfT\x8b\x99=\x8e\x08,\xbenUs\xbfd\xdb\x05=\x91\xe7\xa2=D\x19\xcb\xbfh\xc3S\xbf\xf8{\xf4\xbed\tW\xc0\xe8\xfe\x01\xbf\x8a\xd6\xae\xbeD\x80\x16\xbe P&\xbfLf\xba\xbe|\x9db>&\xc4\xb7<fOd\xc0\xfe\xd8\xcc=8\xa7\xdc=\xe2\x0b\x18>h\x96\xe8\xbd\xa8F\xff?\xe0\xc4\xbb>\xc6\xff\x9e\xbdn\xd2p?\x070\xaa\xbd\x9d/0\xc0\xd4\xcao\xbd(OG?\xfb\x00%\xc0\x19%.\xbe\x8e\xc5z\xbfD\xa8#\xc0\\\xe7\x04>\xca\xc2\xfc\xbc"\x89\xeb=\xe4\xf5)\xbeZ\xb9^\xbf\xdc\xf4E>Ps\x1d\xbe\xe4\x8f7\xbfP\x1a\xb6=\x93\x02\x81\xc0Rg\xd4=;^\x89?\xf8\xec\xfb\xbf\n\x87\xf1\xbd`I\x91\xbe\xe8\xe7\x1a\xc0\x12\x8a\xac=T )?.\xa5\xe2\xbd\x929\x0f\xc0\xd8\x80\x10@\xe0\xfd<?\xa1\x83L\xbe\xe4\xce\xc6>\x80\x99f>', b"\x93NUMPY\x01\x00v\x00{'descr': '<f4', 'fortran_order': False, 'shape': (8,), }                                                            \n`\xe5\x90\xbf/\xd7\x8d\xbeiK\xb8?\x990\x07\xbf\xa4\xeeN\xbdW}\x84\xbfB\x9a\x03@\xaaC{\xc0", b"\x93NUMPY\x01\x00v\x00{'descr': '<f4', 'fortran_order': False, 'shape': (1, 8), }                                                          \n\x1a\x95\x19\xbe\x07`\x9f\xbd4S\x95\xbfp\xc8&\xbfM\xcc\x02?p\xff\x02=\xef\xbc\xb9?\xc6U\x06?", b"\x93NUMPY\x01\x00v\x00{'descr': '<f4', 'fortran_order': False, 'shape': (1,), }                                                            \n\xb2{5@"], tensor_type='numpy.ndarray')
2025-04-28 12:38:43,983 - flwr - INFO - fit progress: (9, 0.0, {}, 50.8668665429941)
2025-04-28 12:38:43,984 - flwr - INFO - configure_evaluate: strategy sampled 2 clients (out of 2)
2025-04-28 12:38:44,014 - flwr - INFO - aggregate_evaluate: received 2 results and 0 failures
2025-04-28 12:38:44,015 - flwr - INFO - 
2025-04-28 12:38:44,015 - flwr - INFO - [ROUND 10]
2025-04-28 12:38:44,016 - flwr - INFO - configure_fit: strategy sampled 2 clients (out of 2)
2025-04-28 12:38:48,524 - flwr - INFO - aggregate_fit: received 2 results and 0 failures
2025-04-28 12:38:48,524 - central_server - INFO - (aggregate_fit) the received parameters are : <built-in method __sizeof__ of Parameters object at 0x7f1d3e3d8b90> //// 3  /// with num_exemples 14482 
2025-04-28 12:38:48,526 - central_server - WARNING - the aggregated parameters are : <built-in method __sizeof__ of Parameters object at 0x7f1d3e78cad0> /// Parameters(tensors=[b"\x93NUMPY\x01\x00v\x00{'descr': '<f4', 'fortran_order': False, 'shape': (8, 3), }                                                          \n\xd4\x955>\x0eHS@\xcc\xd8\xb3\xc0\x1e\x90\x8a\xbc\n\xd3W\xbe\xcc\xda\xd3\xbe=\x9e\x94>\xd3`\x03\xc1L3\x11?B\xe8_\xc1\x9a\x84\x1c>\xc5\x07\x82?\xce\xdb\xa5\xbf\xc0q\xba>\xba9\xd2\xbebk\xcf\xbd\xc8\xef\x88\xc0\x06\xc0!\xbf\xe4\x03J\xc0\x03\xec&@\x01,\x9e?\x12\x172\xbf\x16\x9a\x03=<_\x1d>", b"\x93NUMPY\x01\x00v\x00{'descr': '<f4', 'fortran_order': False, 'shape': (8,), }                                                            \n\x88\xd8\xcb\xbf\x80\xb7\xce=\x12'T\xc0\xf1}\x15?\x92\xec\x0f\xbfP0:\xc0\xde2\xc9?\xc0\x15\x04\xbf", b'\x93NUMPY\x01\x00v\x00{\'descr\': \'<f4\', \'fortran_order\': False, \'shape\': (8, 8), }                                                          \n6\xbfa\xc0l{i\xbe\xb4CW\xbf\xbc\xf4\xe4\xbe\xea30>[\x89\x8e\xbfT\x8b\x99=\x8e\x08,\xbenUs\xbfd\xdb\x05=\xceJ\x9f\xbdD\x19\xcb\xbfh\xc3S\xbf\xf8{\xf4\xbed\tW\xc0\xe8\xfe\x01\xbf\x9a\xee\xfd\xbeD\x80\x16\xbe\xderS\xbfLf\xba\xbe|\x9db>&\xc4\xb7<\x98Cq\xc0\xfe\xd8\xcc=N"\x82>\xe2\x0b\x18>6\xd8\xc3\xbd\xcd\x18\xe7?\xe0\xc4\xbb>\xc6\xff\x9e\xbd\x06\xfdq?\x070\xaa\xbdyS:\xc0\xd4\xcao\xbdR\x1c$?\xfb\x00%\xc0\x19%.\xbe\x8e\xc5z\xbfD\xa8#\xc0\\\xe7\x04>\xca\xc2\xfc\xbc"\x89\xeb=\xe4\xf5)\xbeZ\xb9^\xbf\xdc\xf4E>Ps\x1d\xbe\xe4\x8f7\xbfP\x1a\xb6=\xa8q\x91\xc0Rg\xd4=\x19b\x83?"E\x0c\xc0\n\x87\xf1\xbd`I\x91\xbeW\xd5-\xc0\x12\x8a\xac=f\xfe\xe0>.\xa5\xe2\xbd\x929\x0f\xc0\xa2\x81\x06@\xe0\xfd<?\xa1\x83L\xbe\xf1u(>\x80\x99f>', b"\x93NUMPY\x01\x00v\x00{'descr': '<f4', 'fortran_order': False, 'shape': (8,), }                                                            \n`\xe5\x90\xbf@@\xdd\xbeP\xcd\x9c?\xea\x95\xde\xbeh\xe0\x0f\xbeW}\x84\xbf\xbc}\xf0?c\xc3\x8b\xc0", b"\x93NUMPY\x01\x00v\x00{'descr': '<f4', 'fortran_order': False, 'shape': (1, 8), }                                                          \n\x1a\x95\x19\xbe\xf8\xb6&=\xafu\x9b\xbf\xbe\xbf\n\xbf\x1c%\xd1>p\xff\x02=\xa7@\x93?\x86-\xe1>", b"\x93NUMPY\x01\x00v\x00{'descr': '<f4', 'fortran_order': False, 'shape': (1,), }                                                            \n3\xb22@"], tensor_type='numpy.ndarray')
2025-04-28 12:38:48,556 - central_server - INFO - The model saved successfully.
2025-04-28 12:38:48,556 - central_server - INFO - (evaluation function)the received parameters are : Parameters(tensors=[b"\x93NUMPY\x01\x00v\x00{'descr': '<f4', 'fortran_order': False, 'shape': (8, 3), }                                                          \n\xd4\x955>\x0eHS@\xcc\xd8\xb3\xc0\x1e\x90\x8a\xbc\n\xd3W\xbe\xcc\xda\xd3\xbe=\x9e\x94>\xd3`\x03\xc1L3\x11?B\xe8_\xc1\x9a\x84\x1c>\xc5\x07\x82?\xce\xdb\xa5\xbf\xc0q\xba>\xba9\xd2\xbebk\xcf\xbd\xc8\xef\x88\xc0\x06\xc0!\xbf\xe4\x03J\xc0\x03\xec&@\x01,\x9e?\x12\x172\xbf\x16\x9a\x03=<_\x1d>", b"\x93NUMPY\x01\x00v\x00{'descr': '<f4', 'fortran_order': False, 'shape': (8,), }                                                            \n\x88\xd8\xcb\xbf\x80\xb7\xce=\x12'T\xc0\xf1}\x15?\x92\xec\x0f\xbfP0:\xc0\xde2\xc9?\xc0\x15\x04\xbf", b'\x93NUMPY\x01\x00v\x00{\'descr\': \'<f4\', \'fortran_order\': False, \'shape\': (8, 8), }                                                          \n6\xbfa\xc0l{i\xbe\xb4CW\xbf\xbc\xf4\xe4\xbe\xea30>[\x89\x8e\xbfT\x8b\x99=\x8e\x08,\xbenUs\xbfd\xdb\x05=\xceJ\x9f\xbdD\x19\xcb\xbfh\xc3S\xbf\xf8{\xf4\xbed\tW\xc0\xe8\xfe\x01\xbf\x9a\xee\xfd\xbeD\x80\x16\xbe\xderS\xbfLf\xba\xbe|\x9db>&\xc4\xb7<\x98Cq\xc0\xfe\xd8\xcc=N"\x82>\xe2\x0b\x18>6\xd8\xc3\xbd\xcd\x18\xe7?\xe0\xc4\xbb>\xc6\xff\x9e\xbd\x06\xfdq?\x070\xaa\xbdyS:\xc0\xd4\xcao\xbdR\x1c$?\xfb\x00%\xc0\x19%.\xbe\x8e\xc5z\xbfD\xa8#\xc0\\\xe7\x04>\xca\xc2\xfc\xbc"\x89\xeb=\xe4\xf5)\xbeZ\xb9^\xbf\xdc\xf4E>Ps\x1d\xbe\xe4\x8f7\xbfP\x1a\xb6=\xa8q\x91\xc0Rg\xd4=\x19b\x83?"E\x0c\xc0\n\x87\xf1\xbd`I\x91\xbeW\xd5-\xc0\x12\x8a\xac=f\xfe\xe0>.\xa5\xe2\xbd\x929\x0f\xc0\xa2\x81\x06@\xe0\xfd<?\xa1\x83L\xbe\xf1u(>\x80\x99f>', b"\x93NUMPY\x01\x00v\x00{'descr': '<f4', 'fortran_order': False, 'shape': (8,), }                                                            \n`\xe5\x90\xbf@@\xdd\xbeP\xcd\x9c?\xea\x95\xde\xbeh\xe0\x0f\xbeW}\x84\xbf\xbc}\xf0?c\xc3\x8b\xc0", b"\x93NUMPY\x01\x00v\x00{'descr': '<f4', 'fortran_order': False, 'shape': (1, 8), }                                                          \n\x1a\x95\x19\xbe\xf8\xb6&=\xafu\x9b\xbf\xbe\xbf\n\xbf\x1c%\xd1>p\xff\x02=\xa7@\x93?\x86-\xe1>", b"\x93NUMPY\x01\x00v\x00{'descr': '<f4', 'fortran_order': False, 'shape': (1,), }                                                            \n3\xb22@"], tensor_type='numpy.ndarray')
2025-04-28 12:38:48,556 - flwr - INFO - fit progress: (10, 0.0, {}, 55.43965787599882)
2025-04-28 12:38:48,557 - flwr - INFO - configure_evaluate: strategy sampled 2 clients (out of 2)
2025-04-28 12:38:48,584 - flwr - INFO - aggregate_evaluate: received 2 results and 0 failures
2025-04-28 12:38:48,584 - flwr - INFO - 
2025-04-28 12:38:48,585 - flwr - INFO - [SUMMARY]
2025-04-28 12:38:48,585 - flwr - INFO - Run finished 10 round(s) in 55.47s
2025-04-28 12:38:48,585 - flwr - INFO - 	History (loss, distributed):
2025-04-28 12:38:48,586 - flwr - INFO - 		round 1: 0.843905870428315
2025-04-28 12:38:48,586 - flwr - INFO - 		round 2: 0.47456672558703294
2025-04-28 12:38:48,587 - flwr - INFO - 		round 3: 0.49463620820265275
2025-04-28 12:38:48,588 - flwr - INFO - 		round 4: 0.35148585618680894
2025-04-28 12:38:48,588 - flwr - INFO - 		round 5: 0.3449983633930897
2025-04-28 12:38:48,589 - flwr - INFO - 		round 6: 0.35104719726399725
2025-04-28 12:38:48,589 - flwr - INFO - 		round 7: 0.3548296134163969
2025-04-28 12:38:48,590 - flwr - INFO - 		round 8: 0.5329268061094902
2025-04-28 12:38:48,590 - flwr - INFO - 		round 9: 0.3543066461740736
2025-04-28 12:38:48,591 - flwr - INFO - 		round 10: 0.3459365132985717
2025-04-28 12:38:48,591 - flwr - INFO - 	History (loss, centralized):
2025-04-28 12:38:48,592 - flwr - INFO - 		round 0: 0.0
2025-04-28 12:38:48,592 - flwr - INFO - 		round 1: 0.0
2025-04-28 12:38:48,593 - flwr - INFO - 		round 2: 0.0
2025-04-28 12:38:48,593 - flwr - INFO - 		round 3: 0.0
2025-04-28 12:38:48,593 - flwr - INFO - 		round 4: 0.0
2025-04-28 12:38:48,594 - flwr - INFO - 		round 5: 0.0
2025-04-28 12:38:48,594 - flwr - INFO - 		round 6: 0.0
2025-04-28 12:38:48,594 - flwr - INFO - 		round 7: 0.0
2025-04-28 12:38:48,595 - flwr - INFO - 		round 8: 0.0
2025-04-28 12:38:48,595 - flwr - INFO - 		round 9: 0.0
2025-04-28 12:38:48,596 - flwr - INFO - 		round 10: 0.0
2025-04-28 12:38:48,596 - flwr - INFO - 
